20-09-2019 05:35:31 1568946931000 BuildInfo[
                          Build=20190918
                          BuildNumber=20190918
                          Revision=b000a4a
                          Version=4.0-SNAPSHOT
                          SerialVersion=1
                          Enterprise=false]
20-09-2019 05:35:31 1568946931000 SystemProperties[
                          hazelcast.diagnostics.enabled=true
                          hazelcast.diagnostics.max.rolled.file.size.mb=1000
                          hazelcast.diagnostics.metric.level=debug
                          hazelcast.diagnostics.metrics.period.seconds=3
                          java.class.path=/java/jdk/jdk1.8.0_161/jre/lib/charsets.jar:/java/jdk/jdk1.8.0_161/jre/lib/deploy.jar:/java/jdk/jdk1.8.0_161/jre/lib/ext/cldrdata.jar:/java/jdk/jdk1.8.0_161/jre/lib/ext/dnsns.jar:/java/jdk/jdk1.8.0_161/jre/lib/ext/jaccess.jar:/java/jdk/jdk1.8.0_161/jre/lib/ext/jfxrt.jar:/java/jdk/jdk1.8.0_161/jre/lib/ext/localedata.jar:/java/jdk/jdk1.8.0_161/jre/lib/ext/nashorn.jar:/java/jdk/jdk1.8.0_161/jre/lib/ext/sunec.jar:/java/jdk/jdk1.8.0_161/jre/lib/ext/sunjce_provider.jar:/java/jdk/jdk1.8.0_161/jre/lib/ext/sunpkcs11.jar:/java/jdk/jdk1.8.0_161/jre/lib/ext/zipfs.jar:/java/jdk/jdk1.8.0_161/jre/lib/javaws.jar:/java/jdk/jdk1.8.0_161/jre/lib/jce.jar:/java/jdk/jdk1.8.0_161/jre/lib/jfr.jar:/java/jdk/jdk1.8.0_161/jre/lib/jfxswt.jar:/java/jdk/jdk1.8.0_161/jre/lib/jsse.jar:/java/jdk/jdk1.8.0_161/jre/lib/management-agent.jar:/java/jdk/jdk1.8.0_161/jre/lib/plugin.jar:/java/jdk/jdk1.8.0_161/jre/lib/resources.jar:/java/jdk/jdk1.8.0_161/jre/lib/rt.jar:/java/projects/Hazelcast/hazelcast/hazelcast/target/classes:/home/pveentjer/.m2/repository/com/fasterxml/jackson/core/jackson-core/2.9.7/jackson-core-2.9.7.jar:/home/pveentjer/.m2/repository/org/snakeyaml/snakeyaml-engine/1.0/snakeyaml-engine-1.0.jar:/java/tools/idea-IU-193.2956.37/lib/idea_rt.jar
                          java.class.version=52.0
                          java.endorsed.dirs=/java/jdk/jdk1.8.0_161/jre/lib/endorsed
                          java.ext.dirs=/java/jdk/jdk1.8.0_161/jre/lib/ext:/usr/java/packages/lib/ext
                          java.home=/java/jdk/jdk1.8.0_161/jre
                          java.io.tmpdir=/tmp
                          java.library.path=/usr/java/packages/lib/amd64:/usr/lib64:/lib64:/lib:/usr/lib
                          java.runtime.name=Java(TM) SE Runtime Environment
                          java.runtime.version=1.8.0_161-b12
                          java.specification.name=Java Platform API Specification
                          java.specification.vendor=Oracle Corporation
                          java.specification.version=1.8
                          java.vendor=Oracle Corporation
                          java.vendor.url=http://java.oracle.com/
                          java.vendor.url.bug=http://bugreport.sun.com/bugreport/
                          java.version=1.8.0_161
                          java.vm.args=-Dvisualvm.id=252525739515299 -Dhazelcast.diagnostics.enabled=true -Dhazelcast.diagnostics.metric.level=debug -Dhazelcast.diagnostics.metrics.period.seconds=3 -Dhazelcast.diagnostics.max.rolled.file.size.mb=1000 -javaagent:/java/tools/idea-IU-193.2956.37/lib/idea_rt.jar=40299:/java/tools/idea-IU-193.2956.37/bin -Dfile.encoding=UTF-8 
                          java.vm.info=mixed mode
                          java.vm.name=Java HotSpot(TM) 64-Bit Server VM
                          java.vm.specification.name=Java Virtual Machine Specification
                          java.vm.specification.vendor=Oracle Corporation
                          java.vm.specification.version=1.8
                          java.vm.vendor=Oracle Corporation
                          java.vm.version=25.161-b12
                          os.arch=amd64
                          os.name=Linux
                          os.version=5.0.0-27-generic
                          sun.arch.data.model=64
                          sun.boot.class.path=/java/jdk/jdk1.8.0_161/jre/lib/resources.jar:/java/jdk/jdk1.8.0_161/jre/lib/rt.jar:/java/jdk/jdk1.8.0_161/jre/lib/sunrsasign.jar:/java/jdk/jdk1.8.0_161/jre/lib/jsse.jar:/java/jdk/jdk1.8.0_161/jre/lib/jce.jar:/java/jdk/jdk1.8.0_161/jre/lib/charsets.jar:/java/jdk/jdk1.8.0_161/jre/lib/jfr.jar:/java/jdk/jdk1.8.0_161/jre/classes
                          sun.boot.library.path=/java/jdk/jdk1.8.0_161/jre/lib/amd64
                          sun.cpu.endian=little
                          sun.cpu.isalist=
                          sun.io.unicode.encoding=UnicodeLittle
                          sun.java.command=com.hazelcast.Main
                          sun.java.launcher=SUN_STANDARD
                          sun.jnu.encoding=UTF-8
                          sun.management.compiler=HotSpot 64-Bit Tiered Compilers
                          sun.os.patch.level=unknown]
20-09-2019 05:35:31 1568946931001 ConfigProperties[]
20-09-2019 05:35:31 1568946931001 Metric[classloading.loadedClassesCount=4649]
20-09-2019 05:35:31 1568946931001 Metric[classloading.totalLoadedClassesCount=4650]
20-09-2019 05:35:31 1568946931001 Metric[classloading.unloadedClassCount=0]
20-09-2019 05:35:31 1568946931001 Metric[client.endpoint.count=0]
20-09-2019 05:35:31 1568946931001 Metric[client.endpoint.totalRegistrations=0]
20-09-2019 05:35:31 1568946931001 Metric[cluster.clock.clusterStartTime=-9223372036854775808]
20-09-2019 05:35:31 1568946931001 Metric[cluster.clock.clusterTime=1568946931007]
20-09-2019 05:35:31 1568946931001 Metric[cluster.clock.clusterTimeDiff=0]
20-09-2019 05:35:31 1568946931001 Metric[cluster.clock.clusterUpTime=-9223370467907844801]
20-09-2019 05:35:31 1568946931001 Metric[cluster.clock.localClockTime=1568946931007]
20-09-2019 05:35:31 1568946931001 Metric[cluster.clock.maxClusterTimeDiff=0]
20-09-2019 05:35:31 1568946931001 Metric[cluster.heartbeat.lastHeartbeat=0]
20-09-2019 05:35:31 1568946931001 Metric[cluster.size=1]
20-09-2019 05:35:31 1568946931001 Metric[event.[hz:core:clusterService].listenerCount=2]
20-09-2019 05:35:31 1568946931001 Metric[event.[hz:core:clusterService].publicationCount=0]
20-09-2019 05:35:31 1568946931001 Metric[event.[hz:core:partitionService].listenerCount=2]
20-09-2019 05:35:31 1568946931001 Metric[event.[hz:core:partitionService].publicationCount=0]
20-09-2019 05:35:31 1568946931001 Metric[event.[hz:core:proxyService].listenerCount=1]
20-09-2019 05:35:31 1568946931001 Metric[event.[hz:core:proxyService].publicationCount=0]
20-09-2019 05:35:31 1568946931001 Metric[event.eventQueueSize=0]
20-09-2019 05:35:31 1568946931001 Metric[event.eventsProcessed=5]
20-09-2019 05:35:31 1568946931001 Metric[event.queueCapacity=1000000]
20-09-2019 05:35:31 1568946931001 Metric[event.rejectedCount=0]
20-09-2019 05:35:31 1568946931001 Metric[event.syncDeliveryFailureCount=0]
20-09-2019 05:35:31 1568946931001 Metric[event.threadCount=5]
20-09-2019 05:35:31 1568946931001 Metric[event.totalFailureCount=0]
20-09-2019 05:35:31 1568946931001 Metric[file.partition[user.home].freeSpace=272999542784]
20-09-2019 05:35:31 1568946931001 Metric[file.partition[user.home].totalSpace=514611421184]
20-09-2019 05:35:31 1568946931001 Metric[file.partition[user.home].usableSpace=246787317760]
20-09-2019 05:35:31 1568946931001 Metric[gc.majorCount=0]
20-09-2019 05:35:31 1568946931001 Metric[gc.majorTime=0]
20-09-2019 05:35:31 1568946931001 Metric[gc.minorCount=0]
20-09-2019 05:35:31 1568946931001 Metric[gc.minorTime=0]
20-09-2019 05:35:31 1568946931001 Metric[gc.unknownCount=0]
20-09-2019 05:35:31 1568946931001 Metric[gc.unknownTime=0]
20-09-2019 05:35:31 1568946931001 Metric[internal-executor[hz:async].completedTaskCount=0]
20-09-2019 05:35:31 1568946931001 Metric[internal-executor[hz:async].maximumPoolSize=16]
20-09-2019 05:35:31 1568946931001 Metric[internal-executor[hz:async].poolSize=0]
20-09-2019 05:35:31 1568946931001 Metric[internal-executor[hz:async].queueSize=0]
20-09-2019 05:35:31 1568946931001 Metric[internal-executor[hz:async].remainingQueueCapacity=100000]
20-09-2019 05:35:31 1568946931001 Metric[internal-executor[hz:client-blocking-tasks].completedTaskCount=0]
20-09-2019 05:35:31 1568946931001 Metric[internal-executor[hz:client-blocking-tasks].maximumPoolSize=320]
20-09-2019 05:35:31 1568946931001 Metric[internal-executor[hz:client-blocking-tasks].poolSize=0]
20-09-2019 05:35:31 1568946931001 Metric[internal-executor[hz:client-blocking-tasks].queueSize=0]
20-09-2019 05:35:31 1568946931001 Metric[internal-executor[hz:client-blocking-tasks].remainingQueueCapacity=1600000]
20-09-2019 05:35:31 1568946931001 Metric[internal-executor[hz:client-management].completedTaskCount=0]
20-09-2019 05:35:31 1568946931001 Metric[internal-executor[hz:client-management].maximumPoolSize=1]
20-09-2019 05:35:31 1568946931001 Metric[internal-executor[hz:client-management].poolSize=0]
20-09-2019 05:35:31 1568946931001 Metric[internal-executor[hz:client-management].queueSize=0]
20-09-2019 05:35:31 1568946931001 Metric[internal-executor[hz:client-management].remainingQueueCapacity=2147483647]
20-09-2019 05:35:31 1568946931001 Metric[internal-executor[hz:client-query].completedTaskCount=0]
20-09-2019 05:35:31 1568946931001 Metric[internal-executor[hz:client-query].maximumPoolSize=16]
20-09-2019 05:35:31 1568946931001 Metric[internal-executor[hz:client-query].poolSize=0]
20-09-2019 05:35:31 1568946931001 Metric[internal-executor[hz:client-query].queueSize=0]
20-09-2019 05:35:31 1568946931001 Metric[internal-executor[hz:client-query].remainingQueueCapacity=1600000]
20-09-2019 05:35:31 1568946931001 Metric[internal-executor[hz:client].completedTaskCount=0]
20-09-2019 05:35:31 1568946931001 Metric[internal-executor[hz:client].maximumPoolSize=16]
20-09-2019 05:35:31 1568946931001 Metric[internal-executor[hz:client].poolSize=0]
20-09-2019 05:35:31 1568946931001 Metric[internal-executor[hz:client].queueSize=0]
20-09-2019 05:35:31 1568946931001 Metric[internal-executor[hz:client].remainingQueueCapacity=1600000]
20-09-2019 05:35:31 1568946931001 Metric[internal-executor[hz:cluster:event].completedTaskCount=0]
20-09-2019 05:35:31 1568946931001 Metric[internal-executor[hz:cluster:event].maximumPoolSize=1]
20-09-2019 05:35:31 1568946931001 Metric[internal-executor[hz:cluster:event].poolSize=0]
20-09-2019 05:35:31 1568946931001 Metric[internal-executor[hz:cluster:event].queueSize=0]
20-09-2019 05:35:31 1568946931001 Metric[internal-executor[hz:cluster:event].remainingQueueCapacity=2147483647]
20-09-2019 05:35:31 1568946931001 Metric[internal-executor[hz:cluster:mastership].completedTaskCount=0]
20-09-2019 05:35:31 1568946931001 Metric[internal-executor[hz:cluster:mastership].maximumPoolSize=1]
20-09-2019 05:35:31 1568946931001 Metric[internal-executor[hz:cluster:mastership].poolSize=0]
20-09-2019 05:35:31 1568946931001 Metric[internal-executor[hz:cluster:mastership].queueSize=0]
20-09-2019 05:35:31 1568946931001 Metric[internal-executor[hz:cluster:mastership].remainingQueueCapacity=2147483647]
20-09-2019 05:35:31 1568946931001 Metric[internal-executor[hz:cluster:splitbrain].completedTaskCount=0]
20-09-2019 05:35:31 1568946931001 Metric[internal-executor[hz:cluster:splitbrain].maximumPoolSize=2]
20-09-2019 05:35:31 1568946931001 Metric[internal-executor[hz:cluster:splitbrain].poolSize=0]
20-09-2019 05:35:31 1568946931001 Metric[internal-executor[hz:cluster:splitbrain].queueSize=0]
20-09-2019 05:35:31 1568946931001 Metric[internal-executor[hz:cluster:splitbrain].remainingQueueCapacity=2147483647]
20-09-2019 05:35:31 1568946931001 Metric[internal-executor[hz:cluster:version:auto:upgrade].completedTaskCount=0]
20-09-2019 05:35:31 1568946931001 Metric[internal-executor[hz:cluster:version:auto:upgrade].maximumPoolSize=1]
20-09-2019 05:35:31 1568946931001 Metric[internal-executor[hz:cluster:version:auto:upgrade].poolSize=0]
20-09-2019 05:35:31 1568946931001 Metric[internal-executor[hz:cluster:version:auto:upgrade].queueSize=0]
20-09-2019 05:35:31 1568946931001 Metric[internal-executor[hz:cluster:version:auto:upgrade].remainingQueueCapacity=2147483647]
20-09-2019 05:35:31 1568946931001 Metric[internal-executor[hz:cluster].completedTaskCount=0]
20-09-2019 05:35:31 1568946931001 Metric[internal-executor[hz:cluster].maximumPoolSize=2]
20-09-2019 05:35:31 1568946931001 Metric[internal-executor[hz:cluster].poolSize=0]
20-09-2019 05:35:31 1568946931001 Metric[internal-executor[hz:cluster].queueSize=0]
20-09-2019 05:35:31 1568946931001 Metric[internal-executor[hz:cluster].remainingQueueCapacity=2147483647]
20-09-2019 05:35:31 1568946931001 Metric[internal-executor[hz:offloadable].completedTaskCount=0]
20-09-2019 05:35:31 1568946931001 Metric[internal-executor[hz:offloadable].maximumPoolSize=16]
20-09-2019 05:35:31 1568946931001 Metric[internal-executor[hz:offloadable].poolSize=0]
20-09-2019 05:35:31 1568946931001 Metric[internal-executor[hz:offloadable].queueSize=0]
20-09-2019 05:35:31 1568946931001 Metric[internal-executor[hz:offloadable].remainingQueueCapacity=100000]
20-09-2019 05:35:31 1568946931001 Metric[internal-executor[hz:scheduled:cqc:80317207-24ee-47ab-80c1-409f6b69d44a].completedTaskCount=0]
20-09-2019 05:35:31 1568946931001 Metric[internal-executor[hz:scheduled:cqc:80317207-24ee-47ab-80c1-409f6b69d44a].maximumPoolSize=1]
20-09-2019 05:35:31 1568946931001 Metric[internal-executor[hz:scheduled:cqc:80317207-24ee-47ab-80c1-409f6b69d44a].poolSize=0]
20-09-2019 05:35:31 1568946931001 Metric[internal-executor[hz:scheduled:cqc:80317207-24ee-47ab-80c1-409f6b69d44a].queueSize=0]
20-09-2019 05:35:31 1568946931001 Metric[internal-executor[hz:scheduled:cqc:80317207-24ee-47ab-80c1-409f6b69d44a].remainingQueueCapacity=10000]
20-09-2019 05:35:31 1568946931001 Metric[internal-executor[hz:scheduled].completedTaskCount=1]
20-09-2019 05:35:31 1568946931001 Metric[internal-executor[hz:scheduled].maximumPoolSize=32]
20-09-2019 05:35:31 1568946931001 Metric[internal-executor[hz:scheduled].poolSize=0]
20-09-2019 05:35:31 1568946931001 Metric[internal-executor[hz:scheduled].queueSize=0]
20-09-2019 05:35:31 1568946931001 Metric[internal-executor[hz:scheduled].remainingQueueCapacity=1600000]
20-09-2019 05:35:31 1568946931001 Metric[internal-executor[hz:system].completedTaskCount=0]
20-09-2019 05:35:31 1568946931001 Metric[internal-executor[hz:system].maximumPoolSize=16]
20-09-2019 05:35:31 1568946931001 Metric[internal-executor[hz:system].poolSize=0]
20-09-2019 05:35:31 1568946931001 Metric[internal-executor[hz:system].queueSize=0]
20-09-2019 05:35:31 1568946931001 Metric[internal-executor[hz:system].remainingQueueCapacity=2147483647]
20-09-2019 05:35:31 1568946931001 Metric[memory.committedHeap=768606208]
20-09-2019 05:35:31 1568946931001 Metric[memory.committedNative=0]
20-09-2019 05:35:31 1568946931001 Metric[memory.freeHeap=726017680]
20-09-2019 05:35:31 1568946931001 Metric[memory.freeNative=0]
20-09-2019 05:35:31 1568946931001 Metric[memory.freePhysical=42627452928]
20-09-2019 05:35:31 1568946931001 Metric[memory.maxHeap=15010365440]
20-09-2019 05:35:31 1568946931001 Metric[memory.maxMetadata=0]
20-09-2019 05:35:31 1568946931001 Metric[memory.maxNative=0]
20-09-2019 05:35:31 1568946931001 Metric[memory.totalPhysical=67541389312]
20-09-2019 05:35:31 1568946931001 Metric[memory.usedHeap=43469352]
20-09-2019 05:35:31 1568946931001 Metric[memory.usedMetadata=0]
20-09-2019 05:35:31 1568946931001 Metric[memory.usedNative=0]
20-09-2019 05:35:31 1568946931001 Metric[operation-parker.parkQueueCount=0]
20-09-2019 05:35:31 1568946931001 Metric[operation-parker.totalParkedOperationCount=0]
20-09-2019 05:35:31 1568946931001 Metric[operation.adhoc.executedOperationsCounter=0]
20-09-2019 05:35:31 1568946931001 Metric[operation.asyncOperations=0]
20-09-2019 05:35:31 1568946931001 Metric[operation.callTimeoutCount=0]
20-09-2019 05:35:31 1568946931001 Metric[operation.completedCount=0]
20-09-2019 05:35:31 1568946931001 Metric[operation.failedBackups=0]
20-09-2019 05:35:31 1568946931001 Metric[operation.genericPriorityQueueSize=0]
20-09-2019 05:35:31 1568946931001 Metric[operation.genericQueueSize=0]
20-09-2019 05:35:31 1568946931001 Metric[operation.genericThreadCount=9]
20-09-2019 05:35:31 1568946931001 Metric[operation.generic[0].executedOperationsCounter=0]
20-09-2019 05:35:31 1568946931001 Metric[operation.generic[1].executedOperationsCounter=0]
20-09-2019 05:35:31 1568946931001 Metric[operation.generic[2].executedOperationsCounter=0]
20-09-2019 05:35:31 1568946931001 Metric[operation.generic[3].executedOperationsCounter=0]
20-09-2019 05:35:31 1568946931001 Metric[operation.generic[4].executedOperationsCounter=0]
20-09-2019 05:35:31 1568946931001 Metric[operation.generic[5].executedOperationsCounter=0]
20-09-2019 05:35:31 1568946931001 Metric[operation.generic[6].executedOperationsCounter=0]
20-09-2019 05:35:31 1568946931001 Metric[operation.generic[7].executedOperationsCounter=0]
20-09-2019 05:35:31 1568946931001 Metric[operation.generic[8].executedOperationsCounter=0]
20-09-2019 05:35:31 1568946931001 Metric[operation.invocations.backupTimeoutMillis=5000]
20-09-2019 05:35:31 1568946931001 Metric[operation.invocations.backupTimeouts=0]
20-09-2019 05:35:31 1568946931001 Metric[operation.invocations.delayedExecutionCount=0]
20-09-2019 05:35:31 1568946931001 Metric[operation.invocations.heartbeatBroadcastPeriodMillis=15000]
20-09-2019 05:35:31 1568946931001 Metric[operation.invocations.heartbeatPacketsReceived=1]
20-09-2019 05:35:31 1568946931001 Metric[operation.invocations.heartbeatPacketsSend=1]
20-09-2019 05:35:31 1568946931001 Metric[operation.invocations.invocationScanPeriodMillis=1000]
20-09-2019 05:35:31 1568946931001 Metric[operation.invocations.invocationTimeoutMillis=60000]
20-09-2019 05:35:31 1568946931001 Metric[operation.invocations.lastCallId=0]
20-09-2019 05:35:31 1568946931001 Metric[operation.invocations.normalTimeouts=0]
20-09-2019 05:35:31 1568946931001 Metric[operation.invocations.pending=0]
20-09-2019 05:35:31 1568946931001 Metric[operation.invocations.usedPercentage=0.0]
20-09-2019 05:35:31 1568946931001 Metric[operation.operationTimeoutCount=0]
20-09-2019 05:35:31 1568946931001 Metric[operation.partitionThreadCount=16]
20-09-2019 05:35:31 1568946931001 Metric[operation.partition[0].executedOperationsCounter=0]
20-09-2019 05:35:31 1568946931001 Metric[operation.partition[100].executedOperationsCounter=0]
20-09-2019 05:35:31 1568946931001 Metric[operation.partition[101].executedOperationsCounter=0]
20-09-2019 05:35:31 1568946931001 Metric[operation.partition[102].executedOperationsCounter=0]
20-09-2019 05:35:31 1568946931001 Metric[operation.partition[103].executedOperationsCounter=0]
20-09-2019 05:35:31 1568946931001 Metric[operation.partition[104].executedOperationsCounter=0]
20-09-2019 05:35:31 1568946931001 Metric[operation.partition[105].executedOperationsCounter=0]
20-09-2019 05:35:31 1568946931001 Metric[operation.partition[106].executedOperationsCounter=0]
20-09-2019 05:35:31 1568946931001 Metric[operation.partition[107].executedOperationsCounter=0]
20-09-2019 05:35:31 1568946931001 Metric[operation.partition[108].executedOperationsCounter=0]
20-09-2019 05:35:31 1568946931001 Metric[operation.partition[109].executedOperationsCounter=0]
20-09-2019 05:35:31 1568946931001 Metric[operation.partition[10].executedOperationsCounter=0]
20-09-2019 05:35:31 1568946931001 Metric[operation.partition[110].executedOperationsCounter=0]
20-09-2019 05:35:31 1568946931001 Metric[operation.partition[111].executedOperationsCounter=0]
20-09-2019 05:35:31 1568946931001 Metric[operation.partition[112].executedOperationsCounter=0]
20-09-2019 05:35:31 1568946931001 Metric[operation.partition[113].executedOperationsCounter=0]
20-09-2019 05:35:31 1568946931001 Metric[operation.partition[114].executedOperationsCounter=0]
20-09-2019 05:35:31 1568946931001 Metric[operation.partition[115].executedOperationsCounter=0]
20-09-2019 05:35:31 1568946931001 Metric[operation.partition[116].executedOperationsCounter=0]
20-09-2019 05:35:31 1568946931001 Metric[operation.partition[117].executedOperationsCounter=0]
20-09-2019 05:35:31 1568946931001 Metric[operation.partition[118].executedOperationsCounter=0]
20-09-2019 05:35:31 1568946931001 Metric[operation.partition[119].executedOperationsCounter=0]
20-09-2019 05:35:31 1568946931001 Metric[operation.partition[11].executedOperationsCounter=0]
20-09-2019 05:35:31 1568946931001 Metric[operation.partition[120].executedOperationsCounter=0]
20-09-2019 05:35:31 1568946931001 Metric[operation.partition[121].executedOperationsCounter=0]
20-09-2019 05:35:31 1568946931001 Metric[operation.partition[122].executedOperationsCounter=0]
20-09-2019 05:35:31 1568946931001 Metric[operation.partition[123].executedOperationsCounter=0]
20-09-2019 05:35:31 1568946931001 Metric[operation.partition[124].executedOperationsCounter=0]
20-09-2019 05:35:31 1568946931001 Metric[operation.partition[125].executedOperationsCounter=0]
20-09-2019 05:35:31 1568946931001 Metric[operation.partition[126].executedOperationsCounter=0]
20-09-2019 05:35:31 1568946931001 Metric[operation.partition[127].executedOperationsCounter=0]
20-09-2019 05:35:31 1568946931001 Metric[operation.partition[128].executedOperationsCounter=0]
20-09-2019 05:35:31 1568946931001 Metric[operation.partition[129].executedOperationsCounter=0]
20-09-2019 05:35:31 1568946931001 Metric[operation.partition[12].executedOperationsCounter=0]
20-09-2019 05:35:31 1568946931001 Metric[operation.partition[130].executedOperationsCounter=0]
20-09-2019 05:35:31 1568946931001 Metric[operation.partition[131].executedOperationsCounter=0]
20-09-2019 05:35:31 1568946931001 Metric[operation.partition[132].executedOperationsCounter=0]
20-09-2019 05:35:31 1568946931001 Metric[operation.partition[133].executedOperationsCounter=0]
20-09-2019 05:35:31 1568946931001 Metric[operation.partition[134].executedOperationsCounter=0]
20-09-2019 05:35:31 1568946931001 Metric[operation.partition[135].executedOperationsCounter=0]
20-09-2019 05:35:31 1568946931001 Metric[operation.partition[136].executedOperationsCounter=0]
20-09-2019 05:35:31 1568946931001 Metric[operation.partition[137].executedOperationsCounter=0]
20-09-2019 05:35:31 1568946931001 Metric[operation.partition[138].executedOperationsCounter=0]
20-09-2019 05:35:31 1568946931001 Metric[operation.partition[139].executedOperationsCounter=0]
20-09-2019 05:35:31 1568946931001 Metric[operation.partition[13].executedOperationsCounter=0]
20-09-2019 05:35:31 1568946931001 Metric[operation.partition[140].executedOperationsCounter=0]
20-09-2019 05:35:31 1568946931001 Metric[operation.partition[141].executedOperationsCounter=0]
20-09-2019 05:35:31 1568946931001 Metric[operation.partition[142].executedOperationsCounter=0]
20-09-2019 05:35:31 1568946931001 Metric[operation.partition[143].executedOperationsCounter=0]
20-09-2019 05:35:31 1568946931001 Metric[operation.partition[144].executedOperationsCounter=0]
20-09-2019 05:35:31 1568946931001 Metric[operation.partition[145].executedOperationsCounter=0]
20-09-2019 05:35:31 1568946931001 Metric[operation.partition[146].executedOperationsCounter=0]
20-09-2019 05:35:31 1568946931001 Metric[operation.partition[147].executedOperationsCounter=0]
20-09-2019 05:35:31 1568946931001 Metric[operation.partition[148].executedOperationsCounter=0]
20-09-2019 05:35:31 1568946931001 Metric[operation.partition[149].executedOperationsCounter=0]
20-09-2019 05:35:31 1568946931001 Metric[operation.partition[14].executedOperationsCounter=0]
20-09-2019 05:35:31 1568946931001 Metric[operation.partition[150].executedOperationsCounter=0]
20-09-2019 05:35:31 1568946931001 Metric[operation.partition[151].executedOperationsCounter=0]
20-09-2019 05:35:31 1568946931001 Metric[operation.partition[152].executedOperationsCounter=0]
20-09-2019 05:35:31 1568946931001 Metric[operation.partition[153].executedOperationsCounter=0]
20-09-2019 05:35:31 1568946931001 Metric[operation.partition[154].executedOperationsCounter=0]
20-09-2019 05:35:31 1568946931001 Metric[operation.partition[155].executedOperationsCounter=0]
20-09-2019 05:35:31 1568946931001 Metric[operation.partition[156].executedOperationsCounter=0]
20-09-2019 05:35:31 1568946931001 Metric[operation.partition[157].executedOperationsCounter=0]
20-09-2019 05:35:31 1568946931001 Metric[operation.partition[158].executedOperationsCounter=0]
20-09-2019 05:35:31 1568946931001 Metric[operation.partition[159].executedOperationsCounter=0]
20-09-2019 05:35:31 1568946931001 Metric[operation.partition[15].executedOperationsCounter=0]
20-09-2019 05:35:31 1568946931001 Metric[operation.partition[160].executedOperationsCounter=0]
20-09-2019 05:35:31 1568946931001 Metric[operation.partition[161].executedOperationsCounter=0]
20-09-2019 05:35:31 1568946931001 Metric[operation.partition[162].executedOperationsCounter=0]
20-09-2019 05:35:31 1568946931001 Metric[operation.partition[163].executedOperationsCounter=0]
20-09-2019 05:35:31 1568946931001 Metric[operation.partition[164].executedOperationsCounter=0]
20-09-2019 05:35:31 1568946931001 Metric[operation.partition[165].executedOperationsCounter=0]
20-09-2019 05:35:31 1568946931001 Metric[operation.partition[166].executedOperationsCounter=0]
20-09-2019 05:35:31 1568946931001 Metric[operation.partition[167].executedOperationsCounter=0]
20-09-2019 05:35:31 1568946931001 Metric[operation.partition[168].executedOperationsCounter=0]
20-09-2019 05:35:31 1568946931001 Metric[operation.partition[169].executedOperationsCounter=0]
20-09-2019 05:35:31 1568946931001 Metric[operation.partition[16].executedOperationsCounter=0]
20-09-2019 05:35:31 1568946931001 Metric[operation.partition[170].executedOperationsCounter=0]
20-09-2019 05:35:31 1568946931001 Metric[operation.partition[171].executedOperationsCounter=0]
20-09-2019 05:35:31 1568946931001 Metric[operation.partition[172].executedOperationsCounter=0]
20-09-2019 05:35:31 1568946931001 Metric[operation.partition[173].executedOperationsCounter=0]
20-09-2019 05:35:31 1568946931001 Metric[operation.partition[174].executedOperationsCounter=0]
20-09-2019 05:35:31 1568946931001 Metric[operation.partition[175].executedOperationsCounter=0]
20-09-2019 05:35:31 1568946931001 Metric[operation.partition[176].executedOperationsCounter=0]
20-09-2019 05:35:31 1568946931001 Metric[operation.partition[177].executedOperationsCounter=0]
20-09-2019 05:35:31 1568946931001 Metric[operation.partition[178].executedOperationsCounter=0]
20-09-2019 05:35:31 1568946931001 Metric[operation.partition[179].executedOperationsCounter=0]
20-09-2019 05:35:31 1568946931001 Metric[operation.partition[17].executedOperationsCounter=0]
20-09-2019 05:35:31 1568946931001 Metric[operation.partition[180].executedOperationsCounter=0]
20-09-2019 05:35:31 1568946931001 Metric[operation.partition[181].executedOperationsCounter=0]
20-09-2019 05:35:31 1568946931001 Metric[operation.partition[182].executedOperationsCounter=0]
20-09-2019 05:35:31 1568946931001 Metric[operation.partition[183].executedOperationsCounter=0]
20-09-2019 05:35:31 1568946931001 Metric[operation.partition[184].executedOperationsCounter=0]
20-09-2019 05:35:31 1568946931001 Metric[operation.partition[185].executedOperationsCounter=0]
20-09-2019 05:35:31 1568946931001 Metric[operation.partition[186].executedOperationsCounter=0]
20-09-2019 05:35:31 1568946931001 Metric[operation.partition[187].executedOperationsCounter=0]
20-09-2019 05:35:31 1568946931001 Metric[operation.partition[188].executedOperationsCounter=0]
20-09-2019 05:35:31 1568946931001 Metric[operation.partition[189].executedOperationsCounter=0]
20-09-2019 05:35:31 1568946931001 Metric[operation.partition[18].executedOperationsCounter=0]
20-09-2019 05:35:31 1568946931001 Metric[operation.partition[190].executedOperationsCounter=0]
20-09-2019 05:35:31 1568946931001 Metric[operation.partition[191].executedOperationsCounter=0]
20-09-2019 05:35:31 1568946931001 Metric[operation.partition[192].executedOperationsCounter=0]
20-09-2019 05:35:31 1568946931001 Metric[operation.partition[193].executedOperationsCounter=0]
20-09-2019 05:35:31 1568946931001 Metric[operation.partition[194].executedOperationsCounter=0]
20-09-2019 05:35:31 1568946931001 Metric[operation.partition[195].executedOperationsCounter=0]
20-09-2019 05:35:31 1568946931001 Metric[operation.partition[196].executedOperationsCounter=0]
20-09-2019 05:35:31 1568946931001 Metric[operation.partition[197].executedOperationsCounter=0]
20-09-2019 05:35:31 1568946931001 Metric[operation.partition[198].executedOperationsCounter=0]
20-09-2019 05:35:31 1568946931001 Metric[operation.partition[199].executedOperationsCounter=0]
20-09-2019 05:35:31 1568946931001 Metric[operation.partition[19].executedOperationsCounter=0]
20-09-2019 05:35:31 1568946931001 Metric[operation.partition[1].executedOperationsCounter=0]
20-09-2019 05:35:31 1568946931001 Metric[operation.partition[200].executedOperationsCounter=0]
20-09-2019 05:35:31 1568946931001 Metric[operation.partition[201].executedOperationsCounter=0]
20-09-2019 05:35:31 1568946931001 Metric[operation.partition[202].executedOperationsCounter=0]
20-09-2019 05:35:31 1568946931001 Metric[operation.partition[203].executedOperationsCounter=0]
20-09-2019 05:35:31 1568946931001 Metric[operation.partition[204].executedOperationsCounter=0]
20-09-2019 05:35:31 1568946931001 Metric[operation.partition[205].executedOperationsCounter=0]
20-09-2019 05:35:31 1568946931001 Metric[operation.partition[206].executedOperationsCounter=0]
20-09-2019 05:35:31 1568946931001 Metric[operation.partition[207].executedOperationsCounter=0]
20-09-2019 05:35:31 1568946931001 Metric[operation.partition[208].executedOperationsCounter=0]
20-09-2019 05:35:31 1568946931001 Metric[operation.partition[209].executedOperationsCounter=0]
20-09-2019 05:35:31 1568946931001 Metric[operation.partition[20].executedOperationsCounter=0]
20-09-2019 05:35:31 1568946931001 Metric[operation.partition[210].executedOperationsCounter=0]
20-09-2019 05:35:31 1568946931001 Metric[operation.partition[211].executedOperationsCounter=0]
20-09-2019 05:35:31 1568946931001 Metric[operation.partition[212].executedOperationsCounter=0]
20-09-2019 05:35:31 1568946931001 Metric[operation.partition[213].executedOperationsCounter=0]
20-09-2019 05:35:31 1568946931001 Metric[operation.partition[214].executedOperationsCounter=0]
20-09-2019 05:35:31 1568946931001 Metric[operation.partition[215].executedOperationsCounter=0]
20-09-2019 05:35:31 1568946931001 Metric[operation.partition[216].executedOperationsCounter=0]
20-09-2019 05:35:31 1568946931001 Metric[operation.partition[217].executedOperationsCounter=0]
20-09-2019 05:35:31 1568946931001 Metric[operation.partition[218].executedOperationsCounter=0]
20-09-2019 05:35:31 1568946931001 Metric[operation.partition[219].executedOperationsCounter=0]
20-09-2019 05:35:31 1568946931001 Metric[operation.partition[21].executedOperationsCounter=0]
20-09-2019 05:35:31 1568946931001 Metric[operation.partition[220].executedOperationsCounter=0]
20-09-2019 05:35:31 1568946931001 Metric[operation.partition[221].executedOperationsCounter=0]
20-09-2019 05:35:31 1568946931001 Metric[operation.partition[222].executedOperationsCounter=0]
20-09-2019 05:35:31 1568946931001 Metric[operation.partition[223].executedOperationsCounter=0]
20-09-2019 05:35:31 1568946931001 Metric[operation.partition[224].executedOperationsCounter=0]
20-09-2019 05:35:31 1568946931001 Metric[operation.partition[225].executedOperationsCounter=0]
20-09-2019 05:35:31 1568946931001 Metric[operation.partition[226].executedOperationsCounter=0]
20-09-2019 05:35:31 1568946931001 Metric[operation.partition[227].executedOperationsCounter=0]
20-09-2019 05:35:31 1568946931001 Metric[operation.partition[228].executedOperationsCounter=0]
20-09-2019 05:35:31 1568946931001 Metric[operation.partition[229].executedOperationsCounter=0]
20-09-2019 05:35:31 1568946931001 Metric[operation.partition[22].executedOperationsCounter=0]
20-09-2019 05:35:31 1568946931001 Metric[operation.partition[230].executedOperationsCounter=0]
20-09-2019 05:35:31 1568946931001 Metric[operation.partition[231].executedOperationsCounter=0]
20-09-2019 05:35:31 1568946931001 Metric[operation.partition[232].executedOperationsCounter=0]
20-09-2019 05:35:31 1568946931001 Metric[operation.partition[233].executedOperationsCounter=0]
20-09-2019 05:35:31 1568946931001 Metric[operation.partition[234].executedOperationsCounter=0]
20-09-2019 05:35:31 1568946931001 Metric[operation.partition[235].executedOperationsCounter=0]
20-09-2019 05:35:31 1568946931001 Metric[operation.partition[236].executedOperationsCounter=0]
20-09-2019 05:35:31 1568946931001 Metric[operation.partition[237].executedOperationsCounter=0]
20-09-2019 05:35:31 1568946931001 Metric[operation.partition[238].executedOperationsCounter=0]
20-09-2019 05:35:31 1568946931001 Metric[operation.partition[239].executedOperationsCounter=0]
20-09-2019 05:35:31 1568946931001 Metric[operation.partition[23].executedOperationsCounter=0]
20-09-2019 05:35:31 1568946931001 Metric[operation.partition[240].executedOperationsCounter=0]
20-09-2019 05:35:31 1568946931001 Metric[operation.partition[241].executedOperationsCounter=0]
20-09-2019 05:35:31 1568946931001 Metric[operation.partition[242].executedOperationsCounter=0]
20-09-2019 05:35:31 1568946931001 Metric[operation.partition[243].executedOperationsCounter=0]
20-09-2019 05:35:31 1568946931001 Metric[operation.partition[244].executedOperationsCounter=0]
20-09-2019 05:35:31 1568946931001 Metric[operation.partition[245].executedOperationsCounter=0]
20-09-2019 05:35:31 1568946931001 Metric[operation.partition[246].executedOperationsCounter=0]
20-09-2019 05:35:31 1568946931001 Metric[operation.partition[247].executedOperationsCounter=0]
20-09-2019 05:35:31 1568946931001 Metric[operation.partition[248].executedOperationsCounter=0]
20-09-2019 05:35:31 1568946931001 Metric[operation.partition[249].executedOperationsCounter=0]
20-09-2019 05:35:31 1568946931001 Metric[operation.partition[24].executedOperationsCounter=0]
20-09-2019 05:35:31 1568946931001 Metric[operation.partition[250].executedOperationsCounter=0]
20-09-2019 05:35:31 1568946931001 Metric[operation.partition[251].executedOperationsCounter=0]
20-09-2019 05:35:31 1568946931001 Metric[operation.partition[252].executedOperationsCounter=0]
20-09-2019 05:35:31 1568946931001 Metric[operation.partition[253].executedOperationsCounter=0]
20-09-2019 05:35:31 1568946931001 Metric[operation.partition[254].executedOperationsCounter=0]
20-09-2019 05:35:31 1568946931001 Metric[operation.partition[255].executedOperationsCounter=0]
20-09-2019 05:35:31 1568946931001 Metric[operation.partition[256].executedOperationsCounter=0]
20-09-2019 05:35:31 1568946931001 Metric[operation.partition[257].executedOperationsCounter=0]
20-09-2019 05:35:31 1568946931001 Metric[operation.partition[258].executedOperationsCounter=0]
20-09-2019 05:35:31 1568946931001 Metric[operation.partition[259].executedOperationsCounter=0]
20-09-2019 05:35:31 1568946931001 Metric[operation.partition[25].executedOperationsCounter=0]
20-09-2019 05:35:31 1568946931001 Metric[operation.partition[260].executedOperationsCounter=0]
20-09-2019 05:35:31 1568946931001 Metric[operation.partition[261].executedOperationsCounter=0]
20-09-2019 05:35:31 1568946931001 Metric[operation.partition[262].executedOperationsCounter=0]
20-09-2019 05:35:31 1568946931001 Metric[operation.partition[263].executedOperationsCounter=0]
20-09-2019 05:35:31 1568946931001 Metric[operation.partition[264].executedOperationsCounter=0]
20-09-2019 05:35:31 1568946931001 Metric[operation.partition[265].executedOperationsCounter=0]
20-09-2019 05:35:31 1568946931001 Metric[operation.partition[266].executedOperationsCounter=0]
20-09-2019 05:35:31 1568946931001 Metric[operation.partition[267].executedOperationsCounter=0]
20-09-2019 05:35:31 1568946931001 Metric[operation.partition[268].executedOperationsCounter=0]
20-09-2019 05:35:31 1568946931001 Metric[operation.partition[269].executedOperationsCounter=0]
20-09-2019 05:35:31 1568946931001 Metric[operation.partition[26].executedOperationsCounter=0]
20-09-2019 05:35:31 1568946931001 Metric[operation.partition[270].executedOperationsCounter=0]
20-09-2019 05:35:31 1568946931001 Metric[operation.partition[27].executedOperationsCounter=0]
20-09-2019 05:35:31 1568946931001 Metric[operation.partition[28].executedOperationsCounter=0]
20-09-2019 05:35:31 1568946931001 Metric[operation.partition[29].executedOperationsCounter=0]
20-09-2019 05:35:31 1568946931001 Metric[operation.partition[2].executedOperationsCounter=0]
20-09-2019 05:35:31 1568946931001 Metric[operation.partition[30].executedOperationsCounter=0]
20-09-2019 05:35:31 1568946931001 Metric[operation.partition[31].executedOperationsCounter=0]
20-09-2019 05:35:31 1568946931001 Metric[operation.partition[32].executedOperationsCounter=0]
20-09-2019 05:35:31 1568946931001 Metric[operation.partition[33].executedOperationsCounter=0]
20-09-2019 05:35:31 1568946931001 Metric[operation.partition[34].executedOperationsCounter=0]
20-09-2019 05:35:31 1568946931001 Metric[operation.partition[35].executedOperationsCounter=0]
20-09-2019 05:35:31 1568946931001 Metric[operation.partition[36].executedOperationsCounter=0]
20-09-2019 05:35:31 1568946931001 Metric[operation.partition[37].executedOperationsCounter=0]
20-09-2019 05:35:31 1568946931001 Metric[operation.partition[38].executedOperationsCounter=0]
20-09-2019 05:35:31 1568946931001 Metric[operation.partition[39].executedOperationsCounter=0]
20-09-2019 05:35:31 1568946931001 Metric[operation.partition[3].executedOperationsCounter=0]
20-09-2019 05:35:31 1568946931001 Metric[operation.partition[40].executedOperationsCounter=0]
20-09-2019 05:35:31 1568946931001 Metric[operation.partition[41].executedOperationsCounter=0]
20-09-2019 05:35:31 1568946931001 Metric[operation.partition[42].executedOperationsCounter=0]
20-09-2019 05:35:31 1568946931001 Metric[operation.partition[43].executedOperationsCounter=0]
20-09-2019 05:35:31 1568946931001 Metric[operation.partition[44].executedOperationsCounter=0]
20-09-2019 05:35:31 1568946931001 Metric[operation.partition[45].executedOperationsCounter=0]
20-09-2019 05:35:31 1568946931001 Metric[operation.partition[46].executedOperationsCounter=0]
20-09-2019 05:35:31 1568946931001 Metric[operation.partition[47].executedOperationsCounter=0]
20-09-2019 05:35:31 1568946931001 Metric[operation.partition[48].executedOperationsCounter=0]
20-09-2019 05:35:31 1568946931001 Metric[operation.partition[49].executedOperationsCounter=0]
20-09-2019 05:35:31 1568946931001 Metric[operation.partition[4].executedOperationsCounter=0]
20-09-2019 05:35:31 1568946931001 Metric[operation.partition[50].executedOperationsCounter=0]
20-09-2019 05:35:31 1568946931001 Metric[operation.partition[51].executedOperationsCounter=0]
20-09-2019 05:35:31 1568946931001 Metric[operation.partition[52].executedOperationsCounter=0]
20-09-2019 05:35:31 1568946931001 Metric[operation.partition[53].executedOperationsCounter=0]
20-09-2019 05:35:31 1568946931001 Metric[operation.partition[54].executedOperationsCounter=0]
20-09-2019 05:35:31 1568946931001 Metric[operation.partition[55].executedOperationsCounter=0]
20-09-2019 05:35:31 1568946931001 Metric[operation.partition[56].executedOperationsCounter=0]
20-09-2019 05:35:31 1568946931001 Metric[operation.partition[57].executedOperationsCounter=0]
20-09-2019 05:35:31 1568946931001 Metric[operation.partition[58].executedOperationsCounter=0]
20-09-2019 05:35:31 1568946931001 Metric[operation.partition[59].executedOperationsCounter=0]
20-09-2019 05:35:31 1568946931001 Metric[operation.partition[5].executedOperationsCounter=0]
20-09-2019 05:35:31 1568946931001 Metric[operation.partition[60].executedOperationsCounter=0]
20-09-2019 05:35:31 1568946931001 Metric[operation.partition[61].executedOperationsCounter=0]
20-09-2019 05:35:31 1568946931001 Metric[operation.partition[62].executedOperationsCounter=0]
20-09-2019 05:35:31 1568946931001 Metric[operation.partition[63].executedOperationsCounter=0]
20-09-2019 05:35:31 1568946931001 Metric[operation.partition[64].executedOperationsCounter=0]
20-09-2019 05:35:31 1568946931001 Metric[operation.partition[65].executedOperationsCounter=0]
20-09-2019 05:35:31 1568946931001 Metric[operation.partition[66].executedOperationsCounter=0]
20-09-2019 05:35:31 1568946931001 Metric[operation.partition[67].executedOperationsCounter=0]
20-09-2019 05:35:31 1568946931001 Metric[operation.partition[68].executedOperationsCounter=0]
20-09-2019 05:35:31 1568946931001 Metric[operation.partition[69].executedOperationsCounter=0]
20-09-2019 05:35:31 1568946931001 Metric[operation.partition[6].executedOperationsCounter=0]
20-09-2019 05:35:31 1568946931001 Metric[operation.partition[70].executedOperationsCounter=0]
20-09-2019 05:35:31 1568946931001 Metric[operation.partition[71].executedOperationsCounter=0]
20-09-2019 05:35:31 1568946931001 Metric[operation.partition[72].executedOperationsCounter=0]
20-09-2019 05:35:31 1568946931001 Metric[operation.partition[73].executedOperationsCounter=0]
20-09-2019 05:35:31 1568946931001 Metric[operation.partition[74].executedOperationsCounter=0]
20-09-2019 05:35:31 1568946931001 Metric[operation.partition[75].executedOperationsCounter=0]
20-09-2019 05:35:31 1568946931001 Metric[operation.partition[76].executedOperationsCounter=0]
20-09-2019 05:35:31 1568946931001 Metric[operation.partition[77].executedOperationsCounter=0]
20-09-2019 05:35:31 1568946931001 Metric[operation.partition[78].executedOperationsCounter=0]
20-09-2019 05:35:31 1568946931001 Metric[operation.partition[79].executedOperationsCounter=0]
20-09-2019 05:35:31 1568946931001 Metric[operation.partition[7].executedOperationsCounter=0]
20-09-2019 05:35:31 1568946931001 Metric[operation.partition[80].executedOperationsCounter=0]
20-09-2019 05:35:31 1568946931001 Metric[operation.partition[81].executedOperationsCounter=0]
20-09-2019 05:35:31 1568946931001 Metric[operation.partition[82].executedOperationsCounter=0]
20-09-2019 05:35:31 1568946931001 Metric[operation.partition[83].executedOperationsCounter=0]
20-09-2019 05:35:31 1568946931001 Metric[operation.partition[84].executedOperationsCounter=0]
20-09-2019 05:35:31 1568946931001 Metric[operation.partition[85].executedOperationsCounter=0]
20-09-2019 05:35:31 1568946931001 Metric[operation.partition[86].executedOperationsCounter=0]
20-09-2019 05:35:31 1568946931001 Metric[operation.partition[87].executedOperationsCounter=0]
20-09-2019 05:35:31 1568946931001 Metric[operation.partition[88].executedOperationsCounter=0]
20-09-2019 05:35:31 1568946931001 Metric[operation.partition[89].executedOperationsCounter=0]
20-09-2019 05:35:31 1568946931001 Metric[operation.partition[8].executedOperationsCounter=0]
20-09-2019 05:35:31 1568946931001 Metric[operation.partition[90].executedOperationsCounter=0]
20-09-2019 05:35:31 1568946931001 Metric[operation.partition[91].executedOperationsCounter=0]
20-09-2019 05:35:31 1568946931001 Metric[operation.partition[92].executedOperationsCounter=0]
20-09-2019 05:35:31 1568946931001 Metric[operation.partition[93].executedOperationsCounter=0]
20-09-2019 05:35:31 1568946931001 Metric[operation.partition[94].executedOperationsCounter=0]
20-09-2019 05:35:31 1568946931001 Metric[operation.partition[95].executedOperationsCounter=0]
20-09-2019 05:35:31 1568946931001 Metric[operation.partition[96].executedOperationsCounter=0]
20-09-2019 05:35:31 1568946931001 Metric[operation.partition[97].executedOperationsCounter=0]
20-09-2019 05:35:31 1568946931001 Metric[operation.partition[98].executedOperationsCounter=0]
20-09-2019 05:35:31 1568946931001 Metric[operation.partition[99].executedOperationsCounter=0]
20-09-2019 05:35:31 1568946931001 Metric[operation.partition[9].executedOperationsCounter=0]
20-09-2019 05:35:31 1568946931001 Metric[operation.priorityQueueSize=0]
20-09-2019 05:35:31 1568946931001 Metric[operation.queueSize=0]
20-09-2019 05:35:31 1568946931001 Metric[operation.responseQueueSize=0]
20-09-2019 05:35:31 1568946931001 Metric[operation.responses[backup]=0]
20-09-2019 05:35:31 1568946931001 Metric[operation.responses[error]=0]
20-09-2019 05:35:31 1568946931001 Metric[operation.responses[missing]=0]
20-09-2019 05:35:31 1568946931001 Metric[operation.responses[normal]=0]
20-09-2019 05:35:31 1568946931001 Metric[operation.responses[timeout]=0]
20-09-2019 05:35:31 1568946931001 Metric[operation.retryCount=0]
20-09-2019 05:35:31 1568946931001 Metric[operation.runningCount=0]
20-09-2019 05:35:31 1568946931001 Metric[operation.runningGenericCount=0]
20-09-2019 05:35:31 1568946931001 Metric[operation.runningPartitionCount=0]
20-09-2019 05:35:31 1568946931001 Metric[operation.thread[hz._hzInstance_1_dev.generic-operation.thread-0].completedOperationBatchCount=0]
20-09-2019 05:35:31 1568946931001 Metric[operation.thread[hz._hzInstance_1_dev.generic-operation.thread-0].completedOperationCount=0]
20-09-2019 05:35:31 1568946931001 Metric[operation.thread[hz._hzInstance_1_dev.generic-operation.thread-0].completedPacketCount=0]
20-09-2019 05:35:31 1568946931001 Metric[operation.thread[hz._hzInstance_1_dev.generic-operation.thread-0].completedPartitionSpecificRunnableCount=0]
20-09-2019 05:35:31 1568946931001 Metric[operation.thread[hz._hzInstance_1_dev.generic-operation.thread-0].completedRunnableCount=0]
20-09-2019 05:35:31 1568946931001 Metric[operation.thread[hz._hzInstance_1_dev.generic-operation.thread-0].completedTotalCount=0]
20-09-2019 05:35:31 1568946931001 Metric[operation.thread[hz._hzInstance_1_dev.generic-operation.thread-0].errorCount=0]
20-09-2019 05:35:31 1568946931001 Metric[operation.thread[hz._hzInstance_1_dev.generic-operation.thread-1].completedOperationBatchCount=0]
20-09-2019 05:35:31 1568946931001 Metric[operation.thread[hz._hzInstance_1_dev.generic-operation.thread-1].completedOperationCount=0]
20-09-2019 05:35:31 1568946931001 Metric[operation.thread[hz._hzInstance_1_dev.generic-operation.thread-1].completedPacketCount=0]
20-09-2019 05:35:31 1568946931001 Metric[operation.thread[hz._hzInstance_1_dev.generic-operation.thread-1].completedPartitionSpecificRunnableCount=0]
20-09-2019 05:35:31 1568946931001 Metric[operation.thread[hz._hzInstance_1_dev.generic-operation.thread-1].completedRunnableCount=0]
20-09-2019 05:35:31 1568946931001 Metric[operation.thread[hz._hzInstance_1_dev.generic-operation.thread-1].completedTotalCount=0]
20-09-2019 05:35:31 1568946931001 Metric[operation.thread[hz._hzInstance_1_dev.generic-operation.thread-1].errorCount=0]
20-09-2019 05:35:31 1568946931001 Metric[operation.thread[hz._hzInstance_1_dev.generic-operation.thread-2].completedOperationBatchCount=0]
20-09-2019 05:35:31 1568946931001 Metric[operation.thread[hz._hzInstance_1_dev.generic-operation.thread-2].completedOperationCount=0]
20-09-2019 05:35:31 1568946931001 Metric[operation.thread[hz._hzInstance_1_dev.generic-operation.thread-2].completedPacketCount=0]
20-09-2019 05:35:31 1568946931001 Metric[operation.thread[hz._hzInstance_1_dev.generic-operation.thread-2].completedPartitionSpecificRunnableCount=0]
20-09-2019 05:35:31 1568946931001 Metric[operation.thread[hz._hzInstance_1_dev.generic-operation.thread-2].completedRunnableCount=0]
20-09-2019 05:35:31 1568946931001 Metric[operation.thread[hz._hzInstance_1_dev.generic-operation.thread-2].completedTotalCount=0]
20-09-2019 05:35:31 1568946931001 Metric[operation.thread[hz._hzInstance_1_dev.generic-operation.thread-2].errorCount=0]
20-09-2019 05:35:31 1568946931001 Metric[operation.thread[hz._hzInstance_1_dev.generic-operation.thread-3].completedOperationBatchCount=0]
20-09-2019 05:35:31 1568946931001 Metric[operation.thread[hz._hzInstance_1_dev.generic-operation.thread-3].completedOperationCount=0]
20-09-2019 05:35:31 1568946931001 Metric[operation.thread[hz._hzInstance_1_dev.generic-operation.thread-3].completedPacketCount=0]
20-09-2019 05:35:31 1568946931001 Metric[operation.thread[hz._hzInstance_1_dev.generic-operation.thread-3].completedPartitionSpecificRunnableCount=0]
20-09-2019 05:35:31 1568946931001 Metric[operation.thread[hz._hzInstance_1_dev.generic-operation.thread-3].completedRunnableCount=0]
20-09-2019 05:35:31 1568946931001 Metric[operation.thread[hz._hzInstance_1_dev.generic-operation.thread-3].completedTotalCount=0]
20-09-2019 05:35:31 1568946931001 Metric[operation.thread[hz._hzInstance_1_dev.generic-operation.thread-3].errorCount=0]
20-09-2019 05:35:31 1568946931001 Metric[operation.thread[hz._hzInstance_1_dev.generic-operation.thread-4].completedOperationBatchCount=0]
20-09-2019 05:35:31 1568946931001 Metric[operation.thread[hz._hzInstance_1_dev.generic-operation.thread-4].completedOperationCount=0]
20-09-2019 05:35:31 1568946931001 Metric[operation.thread[hz._hzInstance_1_dev.generic-operation.thread-4].completedPacketCount=0]
20-09-2019 05:35:31 1568946931001 Metric[operation.thread[hz._hzInstance_1_dev.generic-operation.thread-4].completedPartitionSpecificRunnableCount=0]
20-09-2019 05:35:31 1568946931001 Metric[operation.thread[hz._hzInstance_1_dev.generic-operation.thread-4].completedRunnableCount=0]
20-09-2019 05:35:31 1568946931001 Metric[operation.thread[hz._hzInstance_1_dev.generic-operation.thread-4].completedTotalCount=0]
20-09-2019 05:35:31 1568946931001 Metric[operation.thread[hz._hzInstance_1_dev.generic-operation.thread-4].errorCount=0]
20-09-2019 05:35:31 1568946931001 Metric[operation.thread[hz._hzInstance_1_dev.generic-operation.thread-5].completedOperationBatchCount=0]
20-09-2019 05:35:31 1568946931001 Metric[operation.thread[hz._hzInstance_1_dev.generic-operation.thread-5].completedOperationCount=0]
20-09-2019 05:35:31 1568946931001 Metric[operation.thread[hz._hzInstance_1_dev.generic-operation.thread-5].completedPacketCount=0]
20-09-2019 05:35:31 1568946931001 Metric[operation.thread[hz._hzInstance_1_dev.generic-operation.thread-5].completedPartitionSpecificRunnableCount=0]
20-09-2019 05:35:31 1568946931001 Metric[operation.thread[hz._hzInstance_1_dev.generic-operation.thread-5].completedRunnableCount=0]
20-09-2019 05:35:31 1568946931001 Metric[operation.thread[hz._hzInstance_1_dev.generic-operation.thread-5].completedTotalCount=0]
20-09-2019 05:35:31 1568946931001 Metric[operation.thread[hz._hzInstance_1_dev.generic-operation.thread-5].errorCount=0]
20-09-2019 05:35:31 1568946931001 Metric[operation.thread[hz._hzInstance_1_dev.generic-operation.thread-6].completedOperationBatchCount=0]
20-09-2019 05:35:31 1568946931001 Metric[operation.thread[hz._hzInstance_1_dev.generic-operation.thread-6].completedOperationCount=0]
20-09-2019 05:35:31 1568946931001 Metric[operation.thread[hz._hzInstance_1_dev.generic-operation.thread-6].completedPacketCount=0]
20-09-2019 05:35:31 1568946931001 Metric[operation.thread[hz._hzInstance_1_dev.generic-operation.thread-6].completedPartitionSpecificRunnableCount=0]
20-09-2019 05:35:31 1568946931001 Metric[operation.thread[hz._hzInstance_1_dev.generic-operation.thread-6].completedRunnableCount=0]
20-09-2019 05:35:31 1568946931001 Metric[operation.thread[hz._hzInstance_1_dev.generic-operation.thread-6].completedTotalCount=0]
20-09-2019 05:35:31 1568946931001 Metric[operation.thread[hz._hzInstance_1_dev.generic-operation.thread-6].errorCount=0]
20-09-2019 05:35:31 1568946931001 Metric[operation.thread[hz._hzInstance_1_dev.generic-operation.thread-7].completedOperationBatchCount=0]
20-09-2019 05:35:31 1568946931001 Metric[operation.thread[hz._hzInstance_1_dev.generic-operation.thread-7].completedOperationCount=0]
20-09-2019 05:35:31 1568946931001 Metric[operation.thread[hz._hzInstance_1_dev.generic-operation.thread-7].completedPacketCount=0]
20-09-2019 05:35:31 1568946931001 Metric[operation.thread[hz._hzInstance_1_dev.generic-operation.thread-7].completedPartitionSpecificRunnableCount=0]
20-09-2019 05:35:31 1568946931001 Metric[operation.thread[hz._hzInstance_1_dev.generic-operation.thread-7].completedRunnableCount=0]
20-09-2019 05:35:31 1568946931001 Metric[operation.thread[hz._hzInstance_1_dev.generic-operation.thread-7].completedTotalCount=0]
20-09-2019 05:35:31 1568946931001 Metric[operation.thread[hz._hzInstance_1_dev.generic-operation.thread-7].errorCount=0]
20-09-2019 05:35:31 1568946931001 Metric[operation.thread[hz._hzInstance_1_dev.partition-operation.thread-0].completedOperationBatchCount=0]
20-09-2019 05:35:31 1568946931001 Metric[operation.thread[hz._hzInstance_1_dev.partition-operation.thread-0].completedOperationCount=0]
20-09-2019 05:35:31 1568946931001 Metric[operation.thread[hz._hzInstance_1_dev.partition-operation.thread-0].completedPacketCount=0]
20-09-2019 05:35:31 1568946931001 Metric[operation.thread[hz._hzInstance_1_dev.partition-operation.thread-0].completedPartitionSpecificRunnableCount=0]
20-09-2019 05:35:31 1568946931001 Metric[operation.thread[hz._hzInstance_1_dev.partition-operation.thread-0].completedRunnableCount=0]
20-09-2019 05:35:31 1568946931001 Metric[operation.thread[hz._hzInstance_1_dev.partition-operation.thread-0].completedTotalCount=0]
20-09-2019 05:35:31 1568946931001 Metric[operation.thread[hz._hzInstance_1_dev.partition-operation.thread-0].errorCount=0]
20-09-2019 05:35:31 1568946931001 Metric[operation.thread[hz._hzInstance_1_dev.partition-operation.thread-0].normalPendingCount=0]
20-09-2019 05:35:31 1568946931001 Metric[operation.thread[hz._hzInstance_1_dev.partition-operation.thread-0].priorityPendingCount=0]
20-09-2019 05:35:31 1568946931001 Metric[operation.thread[hz._hzInstance_1_dev.partition-operation.thread-10].completedOperationBatchCount=0]
20-09-2019 05:35:31 1568946931001 Metric[operation.thread[hz._hzInstance_1_dev.partition-operation.thread-10].completedOperationCount=0]
20-09-2019 05:35:31 1568946931001 Metric[operation.thread[hz._hzInstance_1_dev.partition-operation.thread-10].completedPacketCount=0]
20-09-2019 05:35:31 1568946931001 Metric[operation.thread[hz._hzInstance_1_dev.partition-operation.thread-10].completedPartitionSpecificRunnableCount=0]
20-09-2019 05:35:31 1568946931001 Metric[operation.thread[hz._hzInstance_1_dev.partition-operation.thread-10].completedRunnableCount=0]
20-09-2019 05:35:31 1568946931001 Metric[operation.thread[hz._hzInstance_1_dev.partition-operation.thread-10].completedTotalCount=0]
20-09-2019 05:35:31 1568946931001 Metric[operation.thread[hz._hzInstance_1_dev.partition-operation.thread-10].errorCount=0]
20-09-2019 05:35:31 1568946931001 Metric[operation.thread[hz._hzInstance_1_dev.partition-operation.thread-10].normalPendingCount=0]
20-09-2019 05:35:31 1568946931001 Metric[operation.thread[hz._hzInstance_1_dev.partition-operation.thread-10].priorityPendingCount=0]
20-09-2019 05:35:31 1568946931001 Metric[operation.thread[hz._hzInstance_1_dev.partition-operation.thread-11].completedOperationBatchCount=0]
20-09-2019 05:35:31 1568946931001 Metric[operation.thread[hz._hzInstance_1_dev.partition-operation.thread-11].completedOperationCount=0]
20-09-2019 05:35:31 1568946931001 Metric[operation.thread[hz._hzInstance_1_dev.partition-operation.thread-11].completedPacketCount=0]
20-09-2019 05:35:31 1568946931001 Metric[operation.thread[hz._hzInstance_1_dev.partition-operation.thread-11].completedPartitionSpecificRunnableCount=0]
20-09-2019 05:35:31 1568946931001 Metric[operation.thread[hz._hzInstance_1_dev.partition-operation.thread-11].completedRunnableCount=0]
20-09-2019 05:35:31 1568946931001 Metric[operation.thread[hz._hzInstance_1_dev.partition-operation.thread-11].completedTotalCount=0]
20-09-2019 05:35:31 1568946931001 Metric[operation.thread[hz._hzInstance_1_dev.partition-operation.thread-11].errorCount=0]
20-09-2019 05:35:31 1568946931001 Metric[operation.thread[hz._hzInstance_1_dev.partition-operation.thread-11].normalPendingCount=0]
20-09-2019 05:35:31 1568946931001 Metric[operation.thread[hz._hzInstance_1_dev.partition-operation.thread-11].priorityPendingCount=0]
20-09-2019 05:35:31 1568946931001 Metric[operation.thread[hz._hzInstance_1_dev.partition-operation.thread-12].completedOperationBatchCount=0]
20-09-2019 05:35:31 1568946931001 Metric[operation.thread[hz._hzInstance_1_dev.partition-operation.thread-12].completedOperationCount=0]
20-09-2019 05:35:31 1568946931001 Metric[operation.thread[hz._hzInstance_1_dev.partition-operation.thread-12].completedPacketCount=0]
20-09-2019 05:35:31 1568946931001 Metric[operation.thread[hz._hzInstance_1_dev.partition-operation.thread-12].completedPartitionSpecificRunnableCount=0]
20-09-2019 05:35:31 1568946931001 Metric[operation.thread[hz._hzInstance_1_dev.partition-operation.thread-12].completedRunnableCount=0]
20-09-2019 05:35:31 1568946931001 Metric[operation.thread[hz._hzInstance_1_dev.partition-operation.thread-12].completedTotalCount=0]
20-09-2019 05:35:31 1568946931001 Metric[operation.thread[hz._hzInstance_1_dev.partition-operation.thread-12].errorCount=0]
20-09-2019 05:35:31 1568946931001 Metric[operation.thread[hz._hzInstance_1_dev.partition-operation.thread-12].normalPendingCount=0]
20-09-2019 05:35:31 1568946931001 Metric[operation.thread[hz._hzInstance_1_dev.partition-operation.thread-12].priorityPendingCount=0]
20-09-2019 05:35:31 1568946931001 Metric[operation.thread[hz._hzInstance_1_dev.partition-operation.thread-13].completedOperationBatchCount=0]
20-09-2019 05:35:31 1568946931001 Metric[operation.thread[hz._hzInstance_1_dev.partition-operation.thread-13].completedOperationCount=0]
20-09-2019 05:35:31 1568946931001 Metric[operation.thread[hz._hzInstance_1_dev.partition-operation.thread-13].completedPacketCount=0]
20-09-2019 05:35:31 1568946931001 Metric[operation.thread[hz._hzInstance_1_dev.partition-operation.thread-13].completedPartitionSpecificRunnableCount=0]
20-09-2019 05:35:31 1568946931001 Metric[operation.thread[hz._hzInstance_1_dev.partition-operation.thread-13].completedRunnableCount=0]
20-09-2019 05:35:31 1568946931001 Metric[operation.thread[hz._hzInstance_1_dev.partition-operation.thread-13].completedTotalCount=0]
20-09-2019 05:35:31 1568946931001 Metric[operation.thread[hz._hzInstance_1_dev.partition-operation.thread-13].errorCount=0]
20-09-2019 05:35:31 1568946931001 Metric[operation.thread[hz._hzInstance_1_dev.partition-operation.thread-13].normalPendingCount=0]
20-09-2019 05:35:31 1568946931001 Metric[operation.thread[hz._hzInstance_1_dev.partition-operation.thread-13].priorityPendingCount=0]
20-09-2019 05:35:31 1568946931001 Metric[operation.thread[hz._hzInstance_1_dev.partition-operation.thread-14].completedOperationBatchCount=0]
20-09-2019 05:35:31 1568946931001 Metric[operation.thread[hz._hzInstance_1_dev.partition-operation.thread-14].completedOperationCount=0]
20-09-2019 05:35:31 1568946931001 Metric[operation.thread[hz._hzInstance_1_dev.partition-operation.thread-14].completedPacketCount=0]
20-09-2019 05:35:31 1568946931001 Metric[operation.thread[hz._hzInstance_1_dev.partition-operation.thread-14].completedPartitionSpecificRunnableCount=0]
20-09-2019 05:35:31 1568946931001 Metric[operation.thread[hz._hzInstance_1_dev.partition-operation.thread-14].completedRunnableCount=0]
20-09-2019 05:35:31 1568946931001 Metric[operation.thread[hz._hzInstance_1_dev.partition-operation.thread-14].completedTotalCount=0]
20-09-2019 05:35:31 1568946931001 Metric[operation.thread[hz._hzInstance_1_dev.partition-operation.thread-14].errorCount=0]
20-09-2019 05:35:31 1568946931001 Metric[operation.thread[hz._hzInstance_1_dev.partition-operation.thread-14].normalPendingCount=0]
20-09-2019 05:35:31 1568946931001 Metric[operation.thread[hz._hzInstance_1_dev.partition-operation.thread-14].priorityPendingCount=0]
20-09-2019 05:35:31 1568946931001 Metric[operation.thread[hz._hzInstance_1_dev.partition-operation.thread-15].completedOperationBatchCount=0]
20-09-2019 05:35:31 1568946931001 Metric[operation.thread[hz._hzInstance_1_dev.partition-operation.thread-15].completedOperationCount=0]
20-09-2019 05:35:31 1568946931001 Metric[operation.thread[hz._hzInstance_1_dev.partition-operation.thread-15].completedPacketCount=0]
20-09-2019 05:35:31 1568946931001 Metric[operation.thread[hz._hzInstance_1_dev.partition-operation.thread-15].completedPartitionSpecificRunnableCount=0]
20-09-2019 05:35:31 1568946931001 Metric[operation.thread[hz._hzInstance_1_dev.partition-operation.thread-15].completedRunnableCount=0]
20-09-2019 05:35:31 1568946931001 Metric[operation.thread[hz._hzInstance_1_dev.partition-operation.thread-15].completedTotalCount=0]
20-09-2019 05:35:31 1568946931001 Metric[operation.thread[hz._hzInstance_1_dev.partition-operation.thread-15].errorCount=0]
20-09-2019 05:35:31 1568946931001 Metric[operation.thread[hz._hzInstance_1_dev.partition-operation.thread-15].normalPendingCount=0]
20-09-2019 05:35:31 1568946931001 Metric[operation.thread[hz._hzInstance_1_dev.partition-operation.thread-15].priorityPendingCount=0]
20-09-2019 05:35:31 1568946931001 Metric[operation.thread[hz._hzInstance_1_dev.partition-operation.thread-1].completedOperationBatchCount=0]
20-09-2019 05:35:31 1568946931001 Metric[operation.thread[hz._hzInstance_1_dev.partition-operation.thread-1].completedOperationCount=0]
20-09-2019 05:35:31 1568946931001 Metric[operation.thread[hz._hzInstance_1_dev.partition-operation.thread-1].completedPacketCount=0]
20-09-2019 05:35:31 1568946931001 Metric[operation.thread[hz._hzInstance_1_dev.partition-operation.thread-1].completedPartitionSpecificRunnableCount=0]
20-09-2019 05:35:31 1568946931001 Metric[operation.thread[hz._hzInstance_1_dev.partition-operation.thread-1].completedRunnableCount=0]
20-09-2019 05:35:31 1568946931001 Metric[operation.thread[hz._hzInstance_1_dev.partition-operation.thread-1].completedTotalCount=0]
20-09-2019 05:35:31 1568946931001 Metric[operation.thread[hz._hzInstance_1_dev.partition-operation.thread-1].errorCount=0]
20-09-2019 05:35:31 1568946931001 Metric[operation.thread[hz._hzInstance_1_dev.partition-operation.thread-1].normalPendingCount=0]
20-09-2019 05:35:31 1568946931001 Metric[operation.thread[hz._hzInstance_1_dev.partition-operation.thread-1].priorityPendingCount=0]
20-09-2019 05:35:31 1568946931001 Metric[operation.thread[hz._hzInstance_1_dev.partition-operation.thread-2].completedOperationBatchCount=0]
20-09-2019 05:35:31 1568946931001 Metric[operation.thread[hz._hzInstance_1_dev.partition-operation.thread-2].completedOperationCount=0]
20-09-2019 05:35:31 1568946931001 Metric[operation.thread[hz._hzInstance_1_dev.partition-operation.thread-2].completedPacketCount=0]
20-09-2019 05:35:31 1568946931001 Metric[operation.thread[hz._hzInstance_1_dev.partition-operation.thread-2].completedPartitionSpecificRunnableCount=0]
20-09-2019 05:35:31 1568946931001 Metric[operation.thread[hz._hzInstance_1_dev.partition-operation.thread-2].completedRunnableCount=0]
20-09-2019 05:35:31 1568946931001 Metric[operation.thread[hz._hzInstance_1_dev.partition-operation.thread-2].completedTotalCount=0]
20-09-2019 05:35:31 1568946931001 Metric[operation.thread[hz._hzInstance_1_dev.partition-operation.thread-2].errorCount=0]
20-09-2019 05:35:31 1568946931001 Metric[operation.thread[hz._hzInstance_1_dev.partition-operation.thread-2].normalPendingCount=0]
20-09-2019 05:35:31 1568946931001 Metric[operation.thread[hz._hzInstance_1_dev.partition-operation.thread-2].priorityPendingCount=0]
20-09-2019 05:35:31 1568946931001 Metric[operation.thread[hz._hzInstance_1_dev.partition-operation.thread-3].completedOperationBatchCount=0]
20-09-2019 05:35:31 1568946931001 Metric[operation.thread[hz._hzInstance_1_dev.partition-operation.thread-3].completedOperationCount=0]
20-09-2019 05:35:31 1568946931001 Metric[operation.thread[hz._hzInstance_1_dev.partition-operation.thread-3].completedPacketCount=0]
20-09-2019 05:35:31 1568946931001 Metric[operation.thread[hz._hzInstance_1_dev.partition-operation.thread-3].completedPartitionSpecificRunnableCount=0]
20-09-2019 05:35:31 1568946931001 Metric[operation.thread[hz._hzInstance_1_dev.partition-operation.thread-3].completedRunnableCount=0]
20-09-2019 05:35:31 1568946931001 Metric[operation.thread[hz._hzInstance_1_dev.partition-operation.thread-3].completedTotalCount=0]
20-09-2019 05:35:31 1568946931001 Metric[operation.thread[hz._hzInstance_1_dev.partition-operation.thread-3].errorCount=0]
20-09-2019 05:35:31 1568946931001 Metric[operation.thread[hz._hzInstance_1_dev.partition-operation.thread-3].normalPendingCount=0]
20-09-2019 05:35:31 1568946931001 Metric[operation.thread[hz._hzInstance_1_dev.partition-operation.thread-3].priorityPendingCount=0]
20-09-2019 05:35:31 1568946931001 Metric[operation.thread[hz._hzInstance_1_dev.partition-operation.thread-4].completedOperationBatchCount=0]
20-09-2019 05:35:31 1568946931001 Metric[operation.thread[hz._hzInstance_1_dev.partition-operation.thread-4].completedOperationCount=0]
20-09-2019 05:35:31 1568946931001 Metric[operation.thread[hz._hzInstance_1_dev.partition-operation.thread-4].completedPacketCount=0]
20-09-2019 05:35:31 1568946931001 Metric[operation.thread[hz._hzInstance_1_dev.partition-operation.thread-4].completedPartitionSpecificRunnableCount=0]
20-09-2019 05:35:31 1568946931001 Metric[operation.thread[hz._hzInstance_1_dev.partition-operation.thread-4].completedRunnableCount=0]
20-09-2019 05:35:31 1568946931001 Metric[operation.thread[hz._hzInstance_1_dev.partition-operation.thread-4].completedTotalCount=0]
20-09-2019 05:35:31 1568946931001 Metric[operation.thread[hz._hzInstance_1_dev.partition-operation.thread-4].errorCount=0]
20-09-2019 05:35:31 1568946931001 Metric[operation.thread[hz._hzInstance_1_dev.partition-operation.thread-4].normalPendingCount=0]
20-09-2019 05:35:31 1568946931001 Metric[operation.thread[hz._hzInstance_1_dev.partition-operation.thread-4].priorityPendingCount=0]
20-09-2019 05:35:31 1568946931001 Metric[operation.thread[hz._hzInstance_1_dev.partition-operation.thread-5].completedOperationBatchCount=0]
20-09-2019 05:35:31 1568946931001 Metric[operation.thread[hz._hzInstance_1_dev.partition-operation.thread-5].completedOperationCount=0]
20-09-2019 05:35:31 1568946931001 Metric[operation.thread[hz._hzInstance_1_dev.partition-operation.thread-5].completedPacketCount=0]
20-09-2019 05:35:31 1568946931001 Metric[operation.thread[hz._hzInstance_1_dev.partition-operation.thread-5].completedPartitionSpecificRunnableCount=0]
20-09-2019 05:35:31 1568946931001 Metric[operation.thread[hz._hzInstance_1_dev.partition-operation.thread-5].completedRunnableCount=0]
20-09-2019 05:35:31 1568946931001 Metric[operation.thread[hz._hzInstance_1_dev.partition-operation.thread-5].completedTotalCount=0]
20-09-2019 05:35:31 1568946931001 Metric[operation.thread[hz._hzInstance_1_dev.partition-operation.thread-5].errorCount=0]
20-09-2019 05:35:31 1568946931001 Metric[operation.thread[hz._hzInstance_1_dev.partition-operation.thread-5].normalPendingCount=0]
20-09-2019 05:35:31 1568946931001 Metric[operation.thread[hz._hzInstance_1_dev.partition-operation.thread-5].priorityPendingCount=0]
20-09-2019 05:35:31 1568946931001 Metric[operation.thread[hz._hzInstance_1_dev.partition-operation.thread-6].completedOperationBatchCount=0]
20-09-2019 05:35:31 1568946931001 Metric[operation.thread[hz._hzInstance_1_dev.partition-operation.thread-6].completedOperationCount=0]
20-09-2019 05:35:31 1568946931001 Metric[operation.thread[hz._hzInstance_1_dev.partition-operation.thread-6].completedPacketCount=0]
20-09-2019 05:35:31 1568946931001 Metric[operation.thread[hz._hzInstance_1_dev.partition-operation.thread-6].completedPartitionSpecificRunnableCount=0]
20-09-2019 05:35:31 1568946931001 Metric[operation.thread[hz._hzInstance_1_dev.partition-operation.thread-6].completedRunnableCount=0]
20-09-2019 05:35:31 1568946931001 Metric[operation.thread[hz._hzInstance_1_dev.partition-operation.thread-6].completedTotalCount=0]
20-09-2019 05:35:31 1568946931001 Metric[operation.thread[hz._hzInstance_1_dev.partition-operation.thread-6].errorCount=0]
20-09-2019 05:35:31 1568946931001 Metric[operation.thread[hz._hzInstance_1_dev.partition-operation.thread-6].normalPendingCount=0]
20-09-2019 05:35:31 1568946931001 Metric[operation.thread[hz._hzInstance_1_dev.partition-operation.thread-6].priorityPendingCount=0]
20-09-2019 05:35:31 1568946931001 Metric[operation.thread[hz._hzInstance_1_dev.partition-operation.thread-7].completedOperationBatchCount=0]
20-09-2019 05:35:31 1568946931001 Metric[operation.thread[hz._hzInstance_1_dev.partition-operation.thread-7].completedOperationCount=0]
20-09-2019 05:35:31 1568946931001 Metric[operation.thread[hz._hzInstance_1_dev.partition-operation.thread-7].completedPacketCount=0]
20-09-2019 05:35:31 1568946931001 Metric[operation.thread[hz._hzInstance_1_dev.partition-operation.thread-7].completedPartitionSpecificRunnableCount=0]
20-09-2019 05:35:31 1568946931001 Metric[operation.thread[hz._hzInstance_1_dev.partition-operation.thread-7].completedRunnableCount=0]
20-09-2019 05:35:31 1568946931001 Metric[operation.thread[hz._hzInstance_1_dev.partition-operation.thread-7].completedTotalCount=0]
20-09-2019 05:35:31 1568946931001 Metric[operation.thread[hz._hzInstance_1_dev.partition-operation.thread-7].errorCount=0]
20-09-2019 05:35:31 1568946931001 Metric[operation.thread[hz._hzInstance_1_dev.partition-operation.thread-7].normalPendingCount=0]
20-09-2019 05:35:31 1568946931001 Metric[operation.thread[hz._hzInstance_1_dev.partition-operation.thread-7].priorityPendingCount=0]
20-09-2019 05:35:31 1568946931001 Metric[operation.thread[hz._hzInstance_1_dev.partition-operation.thread-8].completedOperationBatchCount=0]
20-09-2019 05:35:31 1568946931001 Metric[operation.thread[hz._hzInstance_1_dev.partition-operation.thread-8].completedOperationCount=0]
20-09-2019 05:35:31 1568946931001 Metric[operation.thread[hz._hzInstance_1_dev.partition-operation.thread-8].completedPacketCount=0]
20-09-2019 05:35:31 1568946931001 Metric[operation.thread[hz._hzInstance_1_dev.partition-operation.thread-8].completedPartitionSpecificRunnableCount=0]
20-09-2019 05:35:31 1568946931001 Metric[operation.thread[hz._hzInstance_1_dev.partition-operation.thread-8].completedRunnableCount=0]
20-09-2019 05:35:31 1568946931001 Metric[operation.thread[hz._hzInstance_1_dev.partition-operation.thread-8].completedTotalCount=0]
20-09-2019 05:35:31 1568946931001 Metric[operation.thread[hz._hzInstance_1_dev.partition-operation.thread-8].errorCount=0]
20-09-2019 05:35:31 1568946931001 Metric[operation.thread[hz._hzInstance_1_dev.partition-operation.thread-8].normalPendingCount=0]
20-09-2019 05:35:31 1568946931001 Metric[operation.thread[hz._hzInstance_1_dev.partition-operation.thread-8].priorityPendingCount=0]
20-09-2019 05:35:31 1568946931001 Metric[operation.thread[hz._hzInstance_1_dev.partition-operation.thread-9].completedOperationBatchCount=0]
20-09-2019 05:35:31 1568946931001 Metric[operation.thread[hz._hzInstance_1_dev.partition-operation.thread-9].completedOperationCount=0]
20-09-2019 05:35:31 1568946931001 Metric[operation.thread[hz._hzInstance_1_dev.partition-operation.thread-9].completedPacketCount=0]
20-09-2019 05:35:31 1568946931001 Metric[operation.thread[hz._hzInstance_1_dev.partition-operation.thread-9].completedPartitionSpecificRunnableCount=0]
20-09-2019 05:35:31 1568946931001 Metric[operation.thread[hz._hzInstance_1_dev.partition-operation.thread-9].completedRunnableCount=0]
20-09-2019 05:35:31 1568946931001 Metric[operation.thread[hz._hzInstance_1_dev.partition-operation.thread-9].completedTotalCount=0]
20-09-2019 05:35:31 1568946931001 Metric[operation.thread[hz._hzInstance_1_dev.partition-operation.thread-9].errorCount=0]
20-09-2019 05:35:31 1568946931001 Metric[operation.thread[hz._hzInstance_1_dev.partition-operation.thread-9].normalPendingCount=0]
20-09-2019 05:35:31 1568946931001 Metric[operation.thread[hz._hzInstance_1_dev.partition-operation.thread-9].priorityPendingCount=0]
20-09-2019 05:35:31 1568946931001 Metric[operation.thread[hz._hzInstance_1_dev.priority-generic-operation.thread-0].completedOperationBatchCount=0]
20-09-2019 05:35:31 1568946931001 Metric[operation.thread[hz._hzInstance_1_dev.priority-generic-operation.thread-0].completedOperationCount=0]
20-09-2019 05:35:31 1568946931001 Metric[operation.thread[hz._hzInstance_1_dev.priority-generic-operation.thread-0].completedPacketCount=0]
20-09-2019 05:35:31 1568946931001 Metric[operation.thread[hz._hzInstance_1_dev.priority-generic-operation.thread-0].completedPartitionSpecificRunnableCount=0]
20-09-2019 05:35:31 1568946931001 Metric[operation.thread[hz._hzInstance_1_dev.priority-generic-operation.thread-0].completedRunnableCount=0]
20-09-2019 05:35:31 1568946931001 Metric[operation.thread[hz._hzInstance_1_dev.priority-generic-operation.thread-0].completedTotalCount=0]
20-09-2019 05:35:31 1568946931001 Metric[operation.thread[hz._hzInstance_1_dev.priority-generic-operation.thread-0].errorCount=0]
20-09-2019 05:35:31 1568946931001 Metric[os.committedVirtualMemorySize=24667107328]
20-09-2019 05:35:31 1568946931001 Metric[os.freePhysicalMemorySize=42625130496]
20-09-2019 05:35:31 1568946931001 Metric[os.freeSwapSpaceSize=20003876864]
20-09-2019 05:35:31 1568946931001 Metric[os.maxFileDescriptorCount=1048576]
20-09-2019 05:35:31 1568946931001 Metric[os.openFileDescriptorCount=45]
20-09-2019 05:35:31 1568946931001 Metric[os.processCpuLoad=8.959264732352476E-5]
20-09-2019 05:35:31 1568946931001 Metric[os.processCpuTime=3610000000]
20-09-2019 05:35:31 1568946931001 Metric[os.systemCpuLoad=3.6476832330395768]
20-09-2019 05:35:31 1568946931001 Metric[os.systemLoadAverage=4.06]
20-09-2019 05:35:31 1568946931001 Metric[os.totalPhysicalMemorySize=67541389312]
20-09-2019 05:35:31 1568946931001 Metric[os.totalSwapSpaceSize=20003876864]
20-09-2019 05:35:31 1568946931001 Metric[partitions.completedMigrations=0]
20-09-2019 05:35:31 1568946931001 Metric[partitions.elapsedDestinationCommitTime=0]
20-09-2019 05:35:31 1568946931001 Metric[partitions.elapsedMigrationOperationTime=0]
20-09-2019 05:35:31 1568946931001 Metric[partitions.elapsedMigrationTime=0]
20-09-2019 05:35:31 1568946931001 Metric[partitions.lastRepartitionTime=0]
20-09-2019 05:35:31 1568946931001 Metric[partitions.localPartitionCount=0]
20-09-2019 05:35:31 1568946931001 Metric[partitions.maxBackupCount=0]
20-09-2019 05:35:31 1568946931001 Metric[partitions.memberGroupsSize=0]
20-09-2019 05:35:31 1568946931001 Metric[partitions.migrationActive=1]
20-09-2019 05:35:31 1568946931001 Metric[partitions.migrationQueueSize=0]
20-09-2019 05:35:31 1568946931001 Metric[partitions.replicaSyncRequestsCounter=0]
20-09-2019 05:35:31 1568946931001 Metric[partitions.replicaSyncSemaphore=5]
20-09-2019 05:35:31 1568946931001 Metric[partitions.stateVersion=0]
20-09-2019 05:35:31 1568946931001 Metric[partitions.totalCompletedMigrations=0]
20-09-2019 05:35:31 1568946931001 Metric[partitions.totalElapsedDestinationCommitTime=0]
20-09-2019 05:35:31 1568946931001 Metric[partitions.totalElapsedMigrationOperationTime=0]
20-09-2019 05:35:31 1568946931001 Metric[partitions.totalElapsedMigrationTime=0]
20-09-2019 05:35:31 1568946931001 Metric[proxy.createdCount=0]
20-09-2019 05:35:31 1568946931001 Metric[proxy.destroyedCount=0]
20-09-2019 05:35:31 1568946931001 Metric[proxy.proxyCount=0]
20-09-2019 05:35:31 1568946931001 Metric[runtime.availableProcessors=16]
20-09-2019 05:35:31 1568946931001 Metric[runtime.freeMemory=717209504]
20-09-2019 05:35:31 1568946931001 Metric[runtime.maxMemory=15010365440]
20-09-2019 05:35:31 1568946931001 Metric[runtime.totalMemory=768606208]
20-09-2019 05:35:31 1568946931001 Metric[runtime.uptime=1548]
20-09-2019 05:35:31 1568946931001 Metric[runtime.usedMemory=51396704]
20-09-2019 05:35:31 1568946931001 Metric[tcp.bytesReceived=0]
20-09-2019 05:35:31 1568946931001 Metric[tcp.bytesSend=0]
20-09-2019 05:35:31 1568946931001 Metric[tcp.connection.acceptedSocketCount=0]
20-09-2019 05:35:31 1568946931001 Metric[tcp.connection.activeCount=0]
20-09-2019 05:35:31 1568946931001 Metric[tcp.connection.clientCount=0]
20-09-2019 05:35:31 1568946931001 Metric[tcp.connection.closedCount=0]
20-09-2019 05:35:31 1568946931001 Metric[tcp.connection.connectionListenerCount=3]
20-09-2019 05:35:31 1568946931001 Metric[tcp.connection.count=0]
20-09-2019 05:35:31 1568946931001 Metric[tcp.connection.inProgressCount=0]
20-09-2019 05:35:31 1568946931001 Metric[tcp.connection.monitorCount=0]
20-09-2019 05:35:31 1568946931001 Metric[tcp.connection.openedCount=0]
20-09-2019 05:35:31 1568946931001 Metric[tcp.connection.textCount=0]
20-09-2019 05:35:31 1568946931001 Metric[tcp.packetsReceived=0]
20-09-2019 05:35:31 1568946931001 Metric[tcp.packetsSend=0]
20-09-2019 05:35:31 1568946931001 Metric[thread.daemonThreadCount=5]
20-09-2019 05:35:31 1568946931001 Metric[thread.peakThreadCount=55]
20-09-2019 05:35:31 1568946931001 Metric[thread.threadCount=55]
20-09-2019 05:35:31 1568946931001 Metric[thread.totalStartedThreadCount=55]
20-09-2019 05:35:31 1568946931001 Metric[transactions.commitCount=0]
20-09-2019 05:35:31 1568946931001 Metric[transactions.rollbackCount=0]
20-09-2019 05:35:31 1568946931001 Metric[transactions.startCount=0]
20-09-2019 05:35:31 1568946931020 SlowOperations[]
20-09-2019 05:35:31 1568946931020 HazelcastInstance[
                          thisAddress=[10.8.0.6]:5701
                          isRunning=true
                          isLite=false
                          joined=false
                          nodeState=null
                          clusterId=null
                          clusterSize=1
                          isMaster=false
                          masterAddress=null
                          Members[
                                  [10.8.0.6]:5701]]
20-09-2019 05:35:31 1568946931021 ClusterVersionChanged[
                          4.0]
20-09-2019 05:35:31 1568946931021 Lifecycle[
                          STARTING]
20-09-2019 05:35:31 1568946931021 MemberAdded[
                          member=[10.8.0.6]:5701
                          Members[
                                  [10.8.0.6]:5701:this:master]]
