#
# A fatal error has been detected by the Java Runtime Environment:
#
#  SIGSEGV (0xb) at pc=0x00007fde5fea6c25, pid=25203, tid=0x00007fde3c9b4700
#
# JRE version: Java(TM) SE Runtime Environment (8.0_161-b12) (build 1.8.0_161-b12)
# Java VM: Java HotSpot(TM) 64-Bit Server VM (25.161-b12 mixed mode linux-amd64 compressed oops)
# Problematic frame:
# V  [libjvm.so+0x640c25]  IndexSet::initialize(unsigned int)+0x55
#
# Failed to write core dump. Core dumps have been disabled. To enable core dumping, try "ulimit -c unlimited" before starting Java again
#
# If you would like to submit a bug report, please visit:
#   http://bugreport.java.com/bugreport/crash.jsp
#

---------------  T H R E A D  ---------------

Current thread (0x00007fde580e2800):  JavaThread "C2 CompilerThread6" daemon [_thread_in_native, id=25243, stack(0x00007fde3c8b5000,0x00007fde3c9b5000)]

siginfo: si_signo: 11 (SIGSEGV), si_code: 1 (SEGV_MAPERR), si_addr: 0x0000000077608280

Registers:
RAX=0x0000000000608280, RBX=0x0000000000000010, RCX=0x0000000000000005, RDX=0x0000000000000004
RSP=0x00007fde3c9b0450, RBP=0x00007fde3c9b0468, RSI=0x00007fde60827f20, RDI=0x0000000000000010
R8 =0x0000000000000002, R9 =0x0000000000000000, R10=0x0000000000000012, R11=0x0000000000000001
R12=0x00007fde3c9b0710, R13=0x0000000000000090, R14=0x00007fde3c9b0670, R15=0x00007fde3c9b1f00
RIP=0x00007fde5fea6c25, EFLAGS=0x0000000000010212, CSGSFS=0x002b000000000033, ERR=0x0000000000000004
  TRAPNO=0x000000000000000e

Top of Stack: (sp=0x00007fde3c9b0450)
0x00007fde3c9b0450:   00007fdda0688c30 00007fde3c9b0710
0x00007fde3c9b0460:   0000000000000090 00007fde3c9b0490
0x00007fde3c9b0470:   00007fde3c9b0710 0000000000000146
0x00007fde3c9b0480:   00007fde3c9b0710 00000000000000a0
0x00007fde3c9b0490:   00007fde3c9b0560 00007fde60069a8e
0x00007fde3c9b04a0:   00007fde3c9b04d0 00007fde602f0394
0x00007fde3c9b04b0:   00007fde3c9b04e0 00007fde60094013
0x00007fde3c9b04c0:   00007fde607fade0 0000000000001116
0x00007fde3c9b04d0:   00007fdd942b2688 00007fdda059a080
0x00007fde3c9b04e0:   00007fdda82ddce0 00007fdda82e4410
0x00007fde3c9b04f0:   00007fdda82e5cc8 00007fde580e3200
0x00007fde3c9b0500:   000000000016d138 00007fdd902c6f50
0x00007fde3c9b0510:   000000050000000f ffffffff00000005
0x00007fde3c9b0520:   00007fddb8013168 00007fdda05adcf8
0x00007fde3c9b0530:   00007fdda04fd6a0 00007fde60827f20
0x00007fde3c9b0540:   0000000000000f7b 00000000000000a0
0x00007fde3c9b0550:   00007fde3c9b1ef8 00007fde3c9b1f00
0x00007fde3c9b0560:   00007fde3c9b07d0 00007fde5fc784ec
0x00007fde3c9b0570:   00007fdda80aa3e0 00007fde3c9b0710
0x00007fde3c9b0580:   00007fde3c9b06d0 00007fde3c9b05b0
0x00007fde3c9b0590:   00007fde3c9b0670 00007fde3c9b0740
0x00007fde3c9b05a0:   00007fde3c9b1e10 00000009000003a5
0x00007fde3c9b05b0:   00007fde607c5af0 00007fde0000000d
0x00007fde3c9b05c0:   00007fde3c9b2ca0 00007fde3c9b1e10
0x00007fde3c9b05d0:   00007fde00000001 00007fde3c9b05e0
0x00007fde3c9b05e0:   00007fde60827f20 00007fde60827f20
0x00007fde3c9b05f0:   00007fde60827f20 00007fde60827f20
0x00007fde3c9b0600:   00007fde60827f20 00007fde60827f20
0x00007fde3c9b0610:   00007fdd980a8ce0 00007fde60827f20
0x00007fde3c9b0620:   00007fde60827f20 00007fde60827f20
0x00007fde3c9b0630:   00007fde60827f20 00007fde60827f20
0x00007fde3c9b0640:   00007fde60827f20 00007fde60827f20 

Instructions: (pc=0x00007fde5fea6c25)
0x00007fde5fea6c05:   90 00 00 00 45 85 d2 74 1e 31 c9 48 8b 43 08 48
0x00007fde5fea6c15:   8d 35 05 13 98 00 89 ca 83 c1 01 48 89 34 d0 39
0x00007fde5fea6c25:   8b 90 00 00 00 77 e4 48 83 c4 08 5b 41 5c 41 5d
0x00007fde5fea6c35:   c9 c3 66 0f 1f 84 00 00 00 00 00 89 c0 4c 8d 2c 

Register to memory mapping:

RAX=0x0000000000608280 is an unknown value
RBX=0x0000000000000010 is an unknown value
RCX=0x0000000000000005 is an unknown value
RDX=0x0000000000000004 is an unknown value
RSP=0x00007fde3c9b0450 is pointing into the stack for thread: 0x00007fde580e2800
RBP=0x00007fde3c9b0468 is pointing into the stack for thread: 0x00007fde580e2800
RSI=0x00007fde60827f20: <offset 0xfc1f20> in /java/jdk/jdk1.8.0_161/jre/lib/amd64/server/libjvm.so at 0x00007fde5f866000
RDI=0x0000000000000010 is an unknown value
R8 =0x0000000000000002 is an unknown value
R9 =0x0000000000000000 is an unknown value
R10=0x0000000000000012 is an unknown value
R11=0x0000000000000001 is an unknown value
R12=0x00007fde3c9b0710 is pointing into the stack for thread: 0x00007fde580e2800
R13=0x0000000000000090 is an unknown value
R14=0x00007fde3c9b0670 is pointing into the stack for thread: 0x00007fde580e2800
R15=0x00007fde3c9b1f00 is pointing into the stack for thread: 0x00007fde580e2800


Stack: [0x00007fde3c8b5000,0x00007fde3c9b5000],  sp=0x00007fde3c9b0450,  free space=1005k
Native frames: (J=compiled Java code, j=interpreted, Vv=VM code, C=native code)
V  [libjvm.so+0x640c25]  IndexSet::initialize(unsigned int)+0x55
C  0x00007fde3c9b0710
V  [libjvm.so+0x803a8e]  PhaseLive::compute(unsigned int)+0x21e
V  [libjvm.so+0x4124ec]  PhaseChaitin::Register_Allocate()+0xe4c
V  [libjvm.so+0x4a6e30]  Compile::Code_Gen()+0x260
V  [libjvm.so+0x4a96b1]  Compile::Compile(ciEnv*, C2Compiler*, ciMethod*, int, bool, bool, bool)+0x14b1
V  [libjvm.so+0x3f57d5]  C2Compiler::compile_method(ciEnv*, ciMethod*, int)+0x1f5
V  [libjvm.so+0x4b3c2a]  CompileBroker::invoke_compiler_on_method(CompileTask*)+0xcba
V  [libjvm.so+0x4b4bd6]  CompileBroker::compiler_thread_loop()+0x5d6
V  [libjvm.so+0xa7eaa3]  JavaThread::thread_main_inner()+0x103
V  [libjvm.so+0xa7ebec]  JavaThread::run()+0x11c
V  [libjvm.so+0x92da28]  java_start(Thread*)+0x108
C  [libpthread.so.0+0x76db]  start_thread+0xdb


Current CompileTask:
C2:   4038 5298   !   4       com.sun.tools.javac.parser.JavacParser::literal (680 bytes)


---------------  P R O C E S S  ---------------

Java Threads: ( => current thread )
  0x00007fde580f0000 JavaThread "Service Thread" daemon [_thread_blocked, id=25249, stack(0x00007fde3c2ae000,0x00007fde3c3af000)]
  0x00007fde580ec800 JavaThread "C1 CompilerThread11" daemon [_thread_blocked, id=25248, stack(0x00007fde3c3b0000,0x00007fde3c4b0000)]
  0x00007fde580ea800 JavaThread "C1 CompilerThread10" daemon [_thread_blocked, id=25247, stack(0x00007fde3c4b1000,0x00007fde3c5b1000)]
  0x00007fde580e8800 JavaThread "C1 CompilerThread9" daemon [_thread_blocked, id=25246, stack(0x00007fde3c5b2000,0x00007fde3c6b2000)]
  0x00007fde580e6800 JavaThread "C1 CompilerThread8" daemon [_thread_blocked, id=25245, stack(0x00007fde3c6b3000,0x00007fde3c7b3000)]
  0x00007fde580e5000 JavaThread "C2 CompilerThread7" daemon [_thread_in_native, id=25244, stack(0x00007fde3c7b4000,0x00007fde3c8b4000)]
=>0x00007fde580e2800 JavaThread "C2 CompilerThread6" daemon [_thread_in_native, id=25243, stack(0x00007fde3c8b5000,0x00007fde3c9b5000)]
  0x00007fde580e0800 JavaThread "C2 CompilerThread5" daemon [_thread_in_native, id=25242, stack(0x00007fde3c9b6000,0x00007fde3cab6000)]
  0x00007fde580d6800 JavaThread "C2 CompilerThread4" daemon [_thread_in_native, id=25241, stack(0x00007fde3cab7000,0x00007fde3cbb7000)]
  0x00007fde580d4000 JavaThread "C2 CompilerThread3" daemon [_thread_in_native, id=25240, stack(0x00007fde3cbb8000,0x00007fde3ccb8000)]
  0x00007fde580d2000 JavaThread "C2 CompilerThread2" daemon [_thread_in_native, id=25239, stack(0x00007fde3ccb9000,0x00007fde3cdb9000)]
  0x00007fde580d0000 JavaThread "C2 CompilerThread1" daemon [_thread_in_vm, id=25238, stack(0x00007fde3cdba000,0x00007fde3ceba000)]
  0x00007fde580cd800 JavaThread "C2 CompilerThread0" daemon [_thread_in_native, id=25237, stack(0x00007fde3cebb000,0x00007fde3cfbb000)]
  0x00007fde580cc000 JavaThread "Signal Dispatcher" daemon [_thread_blocked, id=25236, stack(0x00007fde3cfbb000,0x00007fde3d0bc000)]
  0x00007fde58098000 JavaThread "Finalizer" daemon [_thread_blocked, id=25235, stack(0x00007fde3d4ce000,0x00007fde3d5cf000)]
  0x00007fde58093800 JavaThread "Reference Handler" daemon [_thread_blocked, id=25234, stack(0x00007fde3d5cf000,0x00007fde3d6d0000)]
  0x00007fde5800b000 JavaThread "main" [_thread_in_vm, id=25219, stack(0x00007fde6138d000,0x00007fde6148d000)]

Other Threads:
  0x00007fde5808b800 VMThread [stack: 0x00007fde3d6d1000,0x00007fde3d7d1000] [id=25233]
  0x00007fde580f5000 WatcherThread [stack: 0x00007fde3c1ae000,0x00007fde3c2ae000] [id=25250]

VM state:not at safepoint (normal execution)

VM Mutex/Monitor currently owned by a thread: None

Heap:
 PSYoungGen      total 559104K, used 472749K [0x0000000670800000, 0x0000000695400000, 0x00000007c0000000)
  eden space 516096K, 91% used [0x0000000670800000,0x000000068d5ab7a0,0x0000000690000000)
  from space 43008K, 0% used [0x0000000692a00000,0x0000000692a00000,0x0000000695400000)
  to   space 43008K, 0% used [0x0000000690000000,0x0000000690000000,0x0000000692a00000)
 ParOldGen       total 417280K, used 17033K [0x00000003d1800000, 0x00000003eaf80000, 0x0000000670800000)
  object space 417280K, 4% used [0x00000003d1800000,0x00000003d28a2508,0x00000003eaf80000)
 Metaspace       used 27354K, capacity 28160K, committed 28416K, reserved 1075200K
  class space    used 3172K, capacity 3491K, committed 3584K, reserved 1048576K

Card table byte_map: [0x00007fde5c0f2000,0x00007fde5e067000] byte_map_base: 0x00007fde5a266000

Marking Bits: (ParMarkBitMap*) 0x00007fde60835920
 Begin Bits: [0x00007fddc88c0000, 0x00007fddd8460000)
 End Bits:   [0x00007fddd8460000, 0x00007fdde8000000)

Polling page: 0x00007fde614b3000

CodeCache: size=245760Kb used=18801Kb max_used=19044Kb free=226958Kb
 bounds [0x00007fde49000000, 0x00007fde4a2c0000, 0x00007fde58000000]
 total_blobs=5101 nmethods=4663 adapters=348
 compilation: enabled

Compilation events (10 events):
Event: 4.009 Thread 0x00007fde580e5000 nmethod 5309 0x00007fde49855cd0 code [0x00007fde49855e20, 0x00007fde49855f98]
Event: 4.009 Thread 0x00007fde580e5000 5308       4       com.sun.tools.javac.parser.JavacParser::variableDeclaratorRest (101 bytes)
Event: 4.029 Thread 0x00007fde580d0000 nmethod 5316 0x00007fde49bb6c10 code [0x00007fde49bb6fe0, 0x00007fde49bb8db8]
Event: 4.029 Thread 0x00007fde580d0000 5330       4       java.util.regex.Pattern$Curly::study (153 bytes)
Event: 4.031 Thread 0x00007fde580d0000 nmethod 5330 0x00007fde4a07c490 code [0x00007fde4a07c600, 0x00007fde4a07c878]
Event: 4.031 Thread 0x00007fde580d0000 5315       4       com.sun.tools.javac.parser.JavacParser::checkNoMods (36 bytes)
Event: 4.032 Thread 0x00007fde580d0000 nmethod 5315 0x00007fde496aba50 code [0x00007fde496abba0, 0x00007fde496abc38]
Event: 4.032 Thread 0x00007fde580d0000 5310       4       com.sun.tools.javac.tree.JCTree$JCMethodDecl::<init> (62 bytes)
Event: 4.032 Thread 0x00007fde580d0000 nmethod 5310 0x00007fde49a18b50 code [0x00007fde49a18ca0, 0x00007fde49a18d98]
Event: 4.032 Thread 0x00007fde580d0000 5329       4       com.sun.tools.javac.parser.JavacParser::bracketsSuffix (234 bytes)

GC Heap History (6 events):
Event: 1.686 GC heap before
{Heap before GC invocations=1 (full 0):
 PSYoungGen      total 301056K, used 258048K [0x0000000670800000, 0x0000000685800000, 0x00000007c0000000)
  eden space 258048K, 100% used [0x0000000670800000,0x0000000680400000,0x0000000680400000)
  from space 43008K, 0% used [0x0000000682e00000,0x0000000682e00000,0x0000000685800000)
  to   space 43008K, 0% used [0x0000000680400000,0x0000000680400000,0x0000000682e00000)
 ParOldGen       total 688128K, used 0K [0x00000003d1800000, 0x00000003fb800000, 0x0000000670800000)
  object space 688128K, 0% used [0x00000003d1800000,0x00000003d1800000,0x00000003fb800000)
 Metaspace       used 18444K, capacity 18946K, committed 19072K, reserved 1067008K
  class space    used 2151K, capacity 2342K, committed 2432K, reserved 1048576K
Event: 1.709 GC heap after
Heap after GC invocations=1 (full 0):
 PSYoungGen      total 301056K, used 24177K [0x0000000670800000, 0x0000000695400000, 0x00000007c0000000)
  eden space 258048K, 0% used [0x0000000670800000,0x0000000670800000,0x0000000680400000)
  from space 43008K, 56% used [0x0000000680400000,0x0000000681b9c640,0x0000000682e00000)
  to   space 43008K, 0% used [0x0000000692a00000,0x0000000692a00000,0x0000000695400000)
 ParOldGen       total 688128K, used 24K [0x00000003d1800000, 0x00000003fb800000, 0x0000000670800000)
  object space 688128K, 0% used [0x00000003d1800000,0x00000003d1806000,0x00000003fb800000)
 Metaspace       used 18444K, capacity 18946K, committed 19072K, reserved 1067008K
  class space    used 2151K, capacity 2342K, committed 2432K, reserved 1048576K
}
Event: 2.531 GC heap before
{Heap before GC invocations=2 (full 0):
 PSYoungGen      total 301056K, used 175175K [0x0000000670800000, 0x0000000695400000, 0x00000007c0000000)
  eden space 258048K, 58% used [0x0000000670800000,0x0000000679b75618,0x0000000680400000)
  from space 43008K, 56% used [0x0000000680400000,0x0000000681b9c640,0x0000000682e00000)
  to   space 43008K, 0% used [0x0000000692a00000,0x0000000692a00000,0x0000000695400000)
 ParOldGen       total 688128K, used 24K [0x00000003d1800000, 0x00000003fb800000, 0x0000000670800000)
  object space 688128K, 0% used [0x00000003d1800000,0x00000003d1806000,0x00000003fb800000)
 Metaspace       used 20566K, capacity 21140K, committed 21296K, reserved 1069056K
  class space    used 2383K, capacity 2597K, committed 2688K, reserved 1048576K
Event: 2.551 GC heap after
Heap after GC invocations=2 (full 0):
 PSYoungGen      total 559104K, used 17311K [0x0000000670800000, 0x0000000695400000, 0x00000007c0000000)
  eden space 516096K, 0% used [0x0000000670800000,0x0000000670800000,0x0000000690000000)
  from space 43008K, 40% used [0x0000000692a00000,0x0000000693ae7d50,0x0000000695400000)
  to   space 43008K, 0% used [0x0000000690000000,0x0000000690000000,0x0000000692a00000)
 ParOldGen       total 688128K, used 32K [0x00000003d1800000, 0x00000003fb800000, 0x0000000670800000)
  object space 688128K, 0% used [0x00000003d1800000,0x00000003d1808000,0x00000003fb800000)
 Metaspace       used 20566K, capacity 21140K, committed 21296K, reserved 1069056K
  class space    used 2383K, capacity 2597K, committed 2688K, reserved 1048576K
}
Event: 2.551 GC heap before
{Heap before GC invocations=3 (full 1):
 PSYoungGen      total 559104K, used 17311K [0x0000000670800000, 0x0000000695400000, 0x00000007c0000000)
  eden space 516096K, 0% used [0x0000000670800000,0x0000000670800000,0x0000000690000000)
  from space 43008K, 40% used [0x0000000692a00000,0x0000000693ae7d50,0x0000000695400000)
  to   space 43008K, 0% used [0x0000000690000000,0x0000000690000000,0x0000000692a00000)
 ParOldGen       total 688128K, used 32K [0x00000003d1800000, 0x00000003fb800000, 0x0000000670800000)
  object space 688128K, 0% used [0x00000003d1800000,0x00000003d1808000,0x00000003fb800000)
 Metaspace       used 20566K, capacity 21140K, committed 21296K, reserved 1069056K
  class space    used 2383K, capacity 2597K, committed 2688K, reserved 1048576K
Event: 2.604 GC heap after
Heap after GC invocations=3 (full 1):
 PSYoungGen      total 559104K, used 0K [0x0000000670800000, 0x0000000695400000, 0x00000007c0000000)
  eden space 516096K, 0% used [0x0000000670800000,0x0000000670800000,0x0000000690000000)
  from space 43008K, 0% used [0x0000000692a00000,0x0000000692a00000,0x0000000695400000)
  to   space 43008K, 0% used [0x0000000690000000,0x0000000690000000,0x0000000692a00000)
 ParOldGen       total 417280K, used 17033K [0x00000003d1800000, 0x00000003eaf80000, 0x0000000670800000)
  object space 417280K, 4% used [0x00000003d1800000,0x00000003d28a2508,0x00000003eaf80000)
 Metaspace       used 20566K, capacity 21140K, committed 21296K, reserved 1069056K
  class space    used 2383K, capacity 2597K, committed 2688K, reserved 1048576K
}

Deoptimization events (10 events):
Event: 3.637 Thread 0x00007fde5800b000 Uncommon trap: reason=unstable_if action=reinterpret pc=0x00007fde49642c7c method=com.sun.tools.javac.parser.UnicodeReader.scanChar()V @ 37
Event: 3.637 Thread 0x00007fde5800b000 Uncommon trap: reason=unstable_if action=reinterpret pc=0x00007fde494645cc method=com.sun.tools.javac.parser.JavadocTokenizer$DocReader.scanCommentChar()V @ 10
Event: 3.663 Thread 0x00007fde5800b000 Uncommon trap: reason=unstable_if action=reinterpret pc=0x00007fde498444e8 method=com.sun.tools.javac.parser.JavacParser.typeArgumentsOpt(I)Lcom/sun/tools/javac/util/List; @ 10
Event: 3.698 Thread 0x00007fde5800b000 Uncommon trap: reason=unstable_if action=reinterpret pc=0x00007fde4989bf34 method=com.sun.tools.javac.parser.JavadocTokenizer$DocReader.putChar(CZ)V @ 58
Event: 3.742 Thread 0x00007fde5800b000 Uncommon trap: reason=unstable_if action=reinterpret pc=0x00007fde498861b8 method=com.sun.tools.javac.parser.JavacParser.blockStatement()Lcom/sun/tools/javac/util/List; @ 668
Event: 3.843 Thread 0x00007fde5800b000 Uncommon trap: reason=unstable_if action=reinterpret pc=0x00007fde4a264a58 method=com.sun.tools.javac.util.ArrayUtils.ensureCapacity([BI)[B @ 3
Event: 3.908 Thread 0x00007fde5800b000 Uncommon trap: reason=unstable_if action=reinterpret pc=0x00007fde49473168 method=com.sun.tools.javac.parser.JavadocTokenizer$DocReader.scanChar()V @ 96
Event: 3.908 Thread 0x00007fde5800b000 Uncommon trap: reason=unstable_if action=reinterpret pc=0x00007fde49645000 method=com.sun.tools.javac.parser.JavadocTokenizer$DocReader.scanChar()V @ 96
Event: 3.908 Thread 0x00007fde5800b000 Uncommon trap: reason=unstable_if action=reinterpret pc=0x00007fde4a261668 method=com.sun.tools.javac.util.Position$LineMapImpl.build([CI)V @ 35
Event: 3.908 Thread 0x00007fde5800b000 Uncommon trap: reason=unstable_if action=reinterpret pc=0x00007fde4a25b458 method=com.sun.tools.javac.util.Position$LineMapImpl.build([CI)V @ 35

Classes redefined (0 events):
No events

Internal exceptions (10 events):
Event: 1.710 Thread 0x00007fde5800b000 Implicit null exception at 0x00007fde49bd9ee6 to 0x00007fde49bdb81d
Event: 1.710 Thread 0x00007fde5800b000 Implicit null exception at 0x00007fde49bb798e to 0x00007fde49bb8ef9
Event: 1.720 Thread 0x00007fde5800b000 Implicit null exception at 0x00007fde49b62bd7 to 0x00007fde49b63969
Event: 1.752 Thread 0x00007fde5800b000 Implicit null exception at 0x00007fde49b408b8 to 0x00007fde49b41139
Event: 2.316 Thread 0x00007fde5800b000 Exception <a 'java/io/FileNotFoundException'> (0x0000000676ca99a0) thrown at [/HUDSON/workspace/8-2-build-linux-amd64/jdk8u161/10277/hotspot/src/share/vm/prims/jni.cpp, line 709]
Event: 2.349 Thread 0x00007fde5800b000 Exception <a 'java/lang/ArrayIndexOutOfBoundsException'> (0x0000000676ea6b10) thrown at [/HUDSON/workspace/8-2-build-linux-amd64/jdk8u161/10277/hotspot/src/share/vm/runtime/sharedRuntime.cpp, line 605]
Event: 2.352 Thread 0x00007fde5800b000 Exception <a 'java/io/FileNotFoundException'> (0x0000000676eb9270) thrown at [/HUDSON/workspace/8-2-build-linux-amd64/jdk8u161/10277/hotspot/src/share/vm/prims/jni.cpp, line 709]
Event: 2.352 Thread 0x00007fde5800b000 Exception <a 'java/lang/ArrayIndexOutOfBoundsException': 56> (0x0000000676ebaa80) thrown at [/HUDSON/workspace/8-2-build-linux-amd64/jdk8u161/10277/hotspot/src/share/vm/interpreter/interpreterRuntime.cpp, line 366]
Event: 2.354 Thread 0x00007fde5800b000 Exception <a 'java/lang/ArrayIndexOutOfBoundsException': 2590> (0x0000000676ecb8c0) thrown at [/HUDSON/workspace/8-2-build-linux-amd64/jdk8u161/10277/hotspot/src/share/vm/interpreter/interpreterRuntime.cpp, line 366]
Event: 2.384 Thread 0x00007fde5800b000 Exception <a 'java/io/FileNotFoundException'> (0x000000067718cbf8) thrown at [/HUDSON/workspace/8-2-build-linux-amd64/jdk8u161/10277/hotspot/src/share/vm/prims/jni.cpp, line 709]

Events (10 events):
Event: 3.966 Thread 0x00007fde5800b000 DEOPT PACKING pc=0x00007fde49e95fe1 sp=0x00007fde614874f0
Event: 3.966 Thread 0x00007fde5800b000 DEOPT UNPACKING pc=0x00007fde49047384 sp=0x00007fde61487568 mode 0
Event: 3.967 Thread 0x00007fde5800b000 DEOPT PACKING pc=0x00007fde49e95fe1 sp=0x00007fde61487150
Event: 3.967 Thread 0x00007fde5800b000 DEOPT UNPACKING pc=0x00007fde49047384 sp=0x00007fde614871c8 mode 0
Event: 3.969 Thread 0x00007fde5800b000 DEOPT PACKING pc=0x00007fde49e95fe1 sp=0x00007fde61488230
Event: 3.969 Thread 0x00007fde5800b000 DEOPT UNPACKING pc=0x00007fde49047384 sp=0x00007fde614882a8 mode 0
Event: 3.971 Thread 0x00007fde5800b000 DEOPT PACKING pc=0x00007fde49e95fe1 sp=0x00007fde61488890
Event: 3.971 Thread 0x00007fde5800b000 DEOPT UNPACKING pc=0x00007fde49047384 sp=0x00007fde61488908 mode 0
Event: 3.976 Thread 0x00007fde5800b000 DEOPT PACKING pc=0x00007fde49e95ff8 sp=0x00007fde61488270
Event: 3.976 Thread 0x00007fde5800b000 DEOPT UNPACKING pc=0x00007fde49047384 sp=0x00007fde614882e8 mode 0


Dynamic libraries:
00400000-00401000 r-xp 00000000 103:02 17307714                          /java/jdk/jdk1.8.0_161/bin/java
00600000-00601000 rw-p 00000000 103:02 17307714                          /java/jdk/jdk1.8.0_161/bin/java
00c39000-00c5a000 rw-p 00000000 00:00 0                                  [heap]
3d1800000-3eaf80000 rw-p 00000000 00:00 0 
3eaf80000-670800000 ---p 00000000 00:00 0 
670800000-695400000 rw-p 00000000 00:00 0 
695400000-7c0000000 ---p 00000000 00:00 0 
7c0000000-7c0380000 rw-p 00000000 00:00 0 
7c0380000-800000000 ---p 00000000 00:00 0 
7fdd7c000000-7fdd7c021000 rw-p 00000000 00:00 0 
7fdd7c021000-7fdd80000000 ---p 00000000 00:00 0 
7fdd80000000-7fdd80025000 rw-p 00000000 00:00 0 
7fdd80025000-7fdd84000000 ---p 00000000 00:00 0 
7fdd84000000-7fdd844d3000 rw-p 00000000 00:00 0 
7fdd844d3000-7fdd88000000 ---p 00000000 00:00 0 
7fdd88000000-7fdd88021000 rw-p 00000000 00:00 0 
7fdd88021000-7fdd8c000000 ---p 00000000 00:00 0 
7fdd8c000000-7fdd8c480000 rw-p 00000000 00:00 0 
7fdd8c480000-7fdd90000000 ---p 00000000 00:00 0 
7fdd90000000-7fdd90554000 rw-p 00000000 00:00 0 
7fdd90554000-7fdd94000000 ---p 00000000 00:00 0 
7fdd94000000-7fdd94943000 rw-p 00000000 00:00 0 
7fdd94943000-7fdd98000000 ---p 00000000 00:00 0 
7fdd98000000-7fdd9848f000 rw-p 00000000 00:00 0 
7fdd9848f000-7fdd9c000000 ---p 00000000 00:00 0 
7fdd9c000000-7fdd9cbb3000 rw-p 00000000 00:00 0 
7fdd9cbb3000-7fdda0000000 ---p 00000000 00:00 0 
7fdda0000000-7fdda0b3c000 rw-p 00000000 00:00 0 
7fdda0b3c000-7fdda4000000 ---p 00000000 00:00 0 
7fdda4000000-7fdda4f54000 rw-p 00000000 00:00 0 
7fdda4f54000-7fdda8000000 ---p 00000000 00:00 0 
7fdda8000000-7fdda8956000 rw-p 00000000 00:00 0 
7fdda8956000-7fddac000000 ---p 00000000 00:00 0 
7fddac000000-7fddacf96000 rw-p 00000000 00:00 0 
7fddacf96000-7fddb0000000 ---p 00000000 00:00 0 
7fddb0000000-7fddb08b8000 rw-p 00000000 00:00 0 
7fddb08b8000-7fddb4000000 ---p 00000000 00:00 0 
7fddb4000000-7fddb4021000 rw-p 00000000 00:00 0 
7fddb4021000-7fddb8000000 ---p 00000000 00:00 0 
7fddb8000000-7fddb8ef2000 rw-p 00000000 00:00 0 
7fddb8ef2000-7fddbc000000 ---p 00000000 00:00 0 
7fddbc000000-7fddbc021000 rw-p 00000000 00:00 0 
7fddbc021000-7fddc0000000 ---p 00000000 00:00 0 
7fddc0000000-7fddc0021000 rw-p 00000000 00:00 0 
7fddc0021000-7fddc4000000 ---p 00000000 00:00 0 
7fddc4000000-7fddc4021000 rw-p 00000000 00:00 0 
7fddc4021000-7fddc8000000 ---p 00000000 00:00 0 
7fddc88c0000-7fdde8000000 rw-p 00000000 00:00 0 
7fdde8000000-7fdde8021000 rw-p 00000000 00:00 0 
7fdde8021000-7fddec000000 ---p 00000000 00:00 0 
7fddec000000-7fddec021000 rw-p 00000000 00:00 0 
7fddec021000-7fddf0000000 ---p 00000000 00:00 0 
7fddf0000000-7fddf0021000 rw-p 00000000 00:00 0 
7fddf0021000-7fddf4000000 ---p 00000000 00:00 0 
7fddf8000000-7fddf8021000 rw-p 00000000 00:00 0 
7fddf8021000-7fddfc000000 ---p 00000000 00:00 0 
7fde00000000-7fde00021000 rw-p 00000000 00:00 0 
7fde00021000-7fde04000000 ---p 00000000 00:00 0 
7fde08000000-7fde08021000 rw-p 00000000 00:00 0 
7fde08021000-7fde0c000000 ---p 00000000 00:00 0 
7fde10000000-7fde10021000 rw-p 00000000 00:00 0 
7fde10021000-7fde14000000 ---p 00000000 00:00 0 
7fde18000000-7fde18021000 rw-p 00000000 00:00 0 
7fde18021000-7fde1c000000 ---p 00000000 00:00 0 
7fde20000000-7fde20021000 rw-p 00000000 00:00 0 
7fde20021000-7fde24000000 ---p 00000000 00:00 0 
7fde28000000-7fde28021000 rw-p 00000000 00:00 0 
7fde28021000-7fde2c000000 ---p 00000000 00:00 0 
7fde2f2f4000-7fde2f334000 rw-p 00000000 00:00 0 
7fde2f334000-7fde2f4f4000 ---p 00000000 00:00 0 
7fde2f4f4000-7fde2f505000 r--s 000b9000 103:02 4855411                   /home/alarmnummer/.m2/repository/org/apache/logging/log4j/log4j-core/2.3/log4j-core-2.3.jar
7fde2f505000-7fde2f509000 r--s 0001e000 103:02 4855415                   /home/alarmnummer/.m2/repository/org/apache/logging/log4j/log4j-api/2.3/log4j-api-2.3.jar
7fde2f509000-7fde2f512000 r--s 0006f000 103:02 4855679                   /home/alarmnummer/.m2/repository/log4j/log4j/1.2.17/log4j-1.2.17.jar
7fde2f512000-7fde2f518000 r--s 00039000 103:02 4869845                   /home/alarmnummer/.m2/repository/org/snakeyaml/snakeyaml-engine/1.0/snakeyaml-engine-1.0.jar
7fde2f518000-7fde2f51c000 r--s 0004c000 103:02 7087264                   /home/alarmnummer/.m2/repository/com/fasterxml/jackson/core/jackson-core/2.9.7/jackson-core-2.9.7.jar
7fde2f51c000-7fde2f71c000 rw-p 00000000 00:00 0 
7fde2f71c000-7fde2f795000 r--s 010f9000 103:02 17307957                  /java/jdk/jdk1.8.0_161/lib/tools.jar
7fde2f795000-7fde2f796000 r--s 00003000 103:02 5252545                   /home/alarmnummer/.m2/repository/org/codehaus/plexus/plexus-compiler-javac/1.9.1/plexus-compiler-javac-1.9.1.jar
7fde2f796000-7fde2f798000 r--s 00000000 103:02 5252543                   /home/alarmnummer/.m2/repository/org/codehaus/plexus/plexus-compiler-manager/1.9.1/plexus-compiler-manager-1.9.1.jar
7fde2f798000-7fde2f79a000 r--s 00004000 103:02 5252541                   /home/alarmnummer/.m2/repository/org/codehaus/plexus/plexus-compiler-api/1.9.1/plexus-compiler-api-1.9.1.jar
7fde2f79a000-7fde2f99a000 rw-p 00000000 00:00 0 
7fde2f99a000-7fde2f9b8000 r--s 001bb000 103:02 6166320                   /home/alarmnummer/.m2/repository/org/apache/ant/ant/1.8.2/ant-1.8.2.jar
7fde2f9b8000-7fde2f9bc000 r--s 00033000 103:02 4855290                   /home/alarmnummer/.m2/repository/org/codehaus/plexus/plexus-utils/2.0.5/plexus-utils-2.0.5.jar
7fde2f9bc000-7fde2fbbc000 rw-p 00000000 00:00 0 
7fde2fbbc000-7fde2fbd6000 r--s 00168000 103:02 9050200                   /home/alarmnummer/.m2/repository/org/eclipse/jgit/org.eclipse.jgit/2.0.0.201206130900-r/org.eclipse.jgit-2.0.0.201206130900-r.jar
7fde2fbd6000-7fde2fc00000 r--s 001e9000 103:02 5114809                   /home/alarmnummer/.m2/repository/com/google/guava/guava/15.0/guava-15.0.jar
7fde2fc00000-7fde2fe00000 rw-p 00000000 00:00 0 
7fde2fe00000-7fde30000000 rw-p 00000000 00:00 0 
7fde30000000-7fde30021000 rw-p 00000000 00:00 0 
7fde30021000-7fde34000000 ---p 00000000 00:00 0 
7fde34000000-7fde34001000 r--s 00007000 103:02 4855904                   /home/alarmnummer/.m2/repository/org/apache/maven/plugins/maven-compiler-plugin/2.5.1/maven-compiler-plugin-2.5.1.jar
7fde34001000-7fde34003000 r--s 00002000 103:02 6428530                   /home/alarmnummer/.m2/repository/org/apache/ant/ant-launcher/1.8.2/ant-launcher-1.8.2.jar
7fde34003000-7fde34005000 r--s 00007000 103:02 7608764                   /home/alarmnummer/.m2/repository/org/codehaus/plexus/plexus-interpolation/1.1/plexus-interpolation-1.1.jar
7fde34005000-7fde34006000 r--s 00007000 103:02 5772447                   /home/alarmnummer/.m2/repository/org/apache/maven/plugins/maven-antrun-plugin/1.7/maven-antrun-plugin-1.7.jar
7fde34006000-7fde34009000 r--s 00011000 103:02 7608752                   /home/alarmnummer/.m2/repository/org/codehaus/plexus/plexus-interpolation/1.24/plexus-interpolation-1.24.jar
7fde34009000-7fde3400b000 r--s 00001000 103:02 5118594                   /home/alarmnummer/.m2/repository/org/sonatype/plexus/plexus-build-api/0.0.7/plexus-build-api-0.0.7.jar
7fde3400b000-7fde3400d000 r--s 0000b000 103:02 5510822                   /home/alarmnummer/.m2/repository/org/apache/maven/shared/maven-filtering/3.1.1/maven-filtering-3.1.1.jar
7fde3400d000-7fde34011000 r--s 00039000 103:02 6428522                   /home/alarmnummer/.m2/repository/org/codehaus/plexus/plexus-utils/3.0.24/plexus-utils-3.0.24.jar
7fde34011000-7fde34013000 r--s 00000000 103:02 4856256                   /home/alarmnummer/.m2/repository/org/codehaus/plexus/plexus-component-annotations/1.6/plexus-component-annotations-1.6.jar
7fde34013000-7fde34014000 r--s 00007000 103:02 5772431                   /home/alarmnummer/.m2/repository/org/apache/maven/plugins/maven-resources-plugin/3.0.2/maven-resources-plugin-3.0.2.jar
7fde34014000-7fde34018000 r--s 00031000 103:02 5114998                   /home/alarmnummer/.m2/repository/com/jcraft/jsch/0.1.44-1/jsch-0.1.44-1.jar
7fde34018000-7fde34019000 r--s 00002000 103:02 5114996                   /home/alarmnummer/.m2/repository/com/intellij/annotations/9.0.4/annotations-9.0.4.jar
7fde34019000-7fde34028000 r--s 0007c000 103:02 8919367                   /home/alarmnummer/.m2/repository/joda-time/joda-time/2.0/joda-time-2.0.jar
7fde34028000-7fde3402b000 r--s 00013000 103:02 8788278                   /home/alarmnummer/.m2/repository/net/sf/ezmorph/ezmorph/1.0.6/ezmorph-1.0.6.jar
7fde3402b000-7fde3402d000 r--s 0000d000 103:02 8395029                   /home/alarmnummer/.m2/repository/commons-logging/commons-logging/1.1.1/commons-logging-1.1.1.jar
7fde3402d000-7fde34032000 r--s 00040000 103:02 6691220                   /home/alarmnummer/.m2/repository/commons-lang/commons-lang/2.5/commons-lang-2.5.jar
7fde34032000-7fde34040000 r--s 0007f000 103:02 8526227                   /home/alarmnummer/.m2/repository/commons-collections/commons-collections/3.2.1/commons-collections-3.2.1.jar
7fde34040000-7fde34045000 r--s 00034000 103:02 8263702                   /home/alarmnummer/.m2/repository/commons-beanutils/commons-beanutils/1.8.0/commons-beanutils-1.8.0.jar
7fde34045000-7fde34048000 r--s 00024000 103:02 8263700                   /home/alarmnummer/.m2/repository/net/sf/json-lib/json-lib/2.4/json-lib-2.4-jdk15.jar
7fde34048000-7fde3404a000 r--s 00000000 103:02 8132939                   /home/alarmnummer/.m2/repository/aopalliance/aopalliance/1.0/aopalliance-1.0.jar
7fde3404a000-7fde34058000 r--s 00095000 103:02 5114992                   /home/alarmnummer/.m2/repository/com/google/inject/guice/2.0/guice-2.0.jar
7fde34058000-7fde3405c000 r--s 0002c000 103:02 5114990                   /home/alarmnummer/.m2/repository/com/fasterxml/jackson/core/jackson-core/2.2.3/jackson-core-2.2.3.jar
7fde3405c000-7fde3405f000 r--s 00006000 103:02 5114994                   /home/alarmnummer/.m2/repository/com/fasterxml/jackson/core/jackson-annotations/2.2.3/jackson-annotations-2.2.3.jar
7fde3405f000-7fde34070000 r--s 000c3000 103:02 5114988                   /home/alarmnummer/.m2/repository/com/fasterxml/jackson/core/jackson-databind/2.2.3/jackson-databind-2.2.3.jar
7fde34070000-7fde34072000 r--s 0000e000 103:02 5772356                   /home/alarmnummer/.m2/repository/pl/project13/maven/git-commit-id-plugin/2.1.10/git-commit-id-plugin-2.1.10.jar
7fde34072000-7fde34074000 r--s 00006000 103:02 5114839                   /home/alarmnummer/.m2/repository/com/google/code/findbugs/jsr305/2.0.1/jsr305-2.0.1.jar
7fde34074000-7fde34078000 r--s 0002a000 103:02 4856208                   /home/alarmnummer/.m2/repository/commons-io/commons-io/2.4/commons-io-2.4.jar
7fde34078000-7fde3407b000 r--s 00023000 103:02 5772507                   /home/alarmnummer/.m2/repository/org/apache/maven/shared/maven-shared-utils/3.0.0/maven-shared-utils-3.0.0.jar
7fde3407b000-7fde3407d000 r--s 00000000 103:02 4855382                   /home/alarmnummer/.m2/repository/org/codehaus/plexus/plexus-component-annotations/1.5.5/plexus-component-annotations-1.5.5.jar
7fde3407d000-7fde34081000 r--s 00033000 103:02 4855331                   /home/alarmnummer/.m2/repository/org/codehaus/plexus/plexus-utils/2.0.4/plexus-utils-2.0.4.jar
7fde34081000-7fde34083000 r--s 00006000 103:02 5772404                   /home/alarmnummer/.m2/repository/org/apache/maven/plugins/maven-clean-plugin/3.0.0/maven-clean-plugin-3.0.0.jar
7fde34083000-7fde34084000 r--s 00002000 103:02 5642462                   /home/alarmnummer/.m2/repository/org/codehaus/plexus/plexus-digest/1.0/plexus-digest-1.0.jar
7fde34084000-7fde34088000 r--s 00035000 103:02 5642460                   /home/alarmnummer/.m2/repository/org/codehaus/plexus/plexus-utils/3.0.5/plexus-utils-3.0.5.jar
7fde34088000-7fde34089000 r--s 00006000 103:02 5642295                   /home/alarmnummer/.m2/repository/org/apache/maven/plugins/maven-install-plugin/2.4/maven-install-plugin-2.4.jar
7fde34089000-7fde3408c000 ---p 00000000 00:00 0 
7fde3408c000-7fde3418a000 rw-p 00000000 00:00 0 
7fde3418a000-7fde34190000 r--s 00047000 103:02 5114852                   /home/alarmnummer/.m2/repository/com/thoughtworks/qdox/qdox/2.0-M7/qdox-2.0-M7.jar
7fde34190000-7fde34192000 r--s 00019000 103:02 16127928                  /home/alarmnummer/.m2/repository/org/ow2/asm/asm/6.1.1/asm-6.1.1.jar
7fde34192000-7fde34194000 r--s 00007000 103:02 27400908                  /home/alarmnummer/.m2/repository/org/codehaus/plexus/plexus-java/0.9.8/plexus-java-0.9.8.jar
7fde34194000-7fde34195000 r--s 00002000 103:02 5118503                   /home/alarmnummer/.m2/repository/org/apache/maven/reporting/maven-reporting-api/3.0/maven-reporting-api-3.0.jar
7fde34195000-7fde34197000 r--s 00003000 103:02 5381101                   /home/alarmnummer/.m2/repository/org/slf4j/jcl-over-slf4j/1.5.6/jcl-over-slf4j-1.5.6.jar
7fde34197000-7fde34199000 r--s 00001000 103:02 5381071                   /home/alarmnummer/.m2/repository/org/slf4j/slf4j-jdk14/1.5.6/slf4j-jdk14-1.5.6.jar
7fde34199000-7fde3419b000 r--s 0000b000 103:02 4855376                   /home/alarmnummer/.m2/repository/org/codehaus/plexus/plexus-interpolation/1.11/plexus-interpolation-1.11.jar
7fde3419b000-7fde341a3000 r--s 00049000 103:02 4855281                   /home/alarmnummer/.m2/repository/backport-util-concurrent/backport-util-concurrent/3.1/backport-util-concurrent-3.1.jar
7fde341a3000-7fde341ab000 r--s 00045000 103:02 4855392                   /home/alarmnummer/.m2/repository/junit/junit/4.12/junit-4.12.jar
7fde341ab000-7fde341af000 r--s 00034000 103:02 4855386                   /home/alarmnummer/.m2/repository/org/codehaus/plexus/plexus-utils/1.5.15/plexus-utils-1.5.15.jar
7fde341af000-7fde341b3000 r--s 0003f000 103:02 6302781                   /home/alarmnummer/.m2/repository/org/apache/maven/surefire/surefire-booter/2.22.0/surefire-booter-2.22.0.jar
7fde341b3000-7fde341b5000 r--s 00002000 103:02 6302779                   /home/alarmnummer/.m2/repository/org/apache/maven/surefire/surefire-logger-api/2.22.0/surefire-logger-api-2.22.0.jar
7fde341b5000-7fde341ba000 r--s 00029000 103:02 6302777                   /home/alarmnummer/.m2/repository/org/apache/maven/surefire/surefire-api/2.22.0/surefire-api-2.22.0.jar
7fde341ba000-7fde341bb000 r--s 00003000 103:02 16389502                  /home/alarmnummer/.m2/repository/org/apache/maven/plugin-tools/maven-plugin-annotations/3.5/maven-plugin-annotations-3.5.jar
7fde341bb000-7fde341c4000 r--s 00077000 103:02 6302775                   /home/alarmnummer/.m2/repository/org/apache/maven/surefire/maven-surefire-common/2.22.0/maven-surefire-common-2.22.0.jar
7fde341c4000-7fde341c8000 r--s 00044000 103:02 6302750                   /home/alarmnummer/.m2/repository/org/apache/maven/plugins/maven-failsafe-plugin/2.22.0/maven-failsafe-plugin-2.22.0.jar
7fde341c8000-7fde341cc000 r--s 00035000 103:02 5642346                   /home/alarmnummer/.m2/repository/org/codehaus/plexus/plexus-utils/3.0.8/plexus-utils-3.0.8.jar
7fde341cc000-7fde341d1000 r--s 00029000 103:02 5381032                   /home/alarmnummer/.m2/repository/org/codehaus/plexus/plexus-archiver/2.2/plexus-archiver-2.2.jar
7fde341d1000-7fde341e2000 r-xp 00000000 103:02 17445294                  /java/jdk/jdk1.8.0_161/jre/lib/amd64/libnio.so
7fde341e2000-7fde343e1000 ---p 00011000 103:02 17445294                  /java/jdk/jdk1.8.0_161/jre/lib/amd64/libnio.so
7fde343e1000-7fde343e2000 rw-p 00010000 103:02 17445294                  /java/jdk/jdk1.8.0_161/jre/lib/amd64/libnio.so
7fde343e2000-7fde373e3000 rw-p 00000000 00:00 0 
7fde373e3000-7fde373f9000 r-xp 00000000 103:02 17445291                  /java/jdk/jdk1.8.0_161/jre/lib/amd64/libnet.so
7fde373f9000-7fde375f9000 ---p 00016000 103:02 17445291                  /java/jdk/jdk1.8.0_161/jre/lib/amd64/libnet.so
7fde375f9000-7fde375fa000 rw-p 00016000 103:02 17445291                  /java/jdk/jdk1.8.0_161/jre/lib/amd64/libnet.so
7fde375fa000-7fde377fa000 rw-p 00000000 00:00 0 
7fde377fa000-7fde379fa000 rw-p 00000000 00:00 0 
7fde379fa000-7fde37bfa000 rw-p 00000000 00:00 0 
7fde37bfa000-7fde37bfc000 r-xp 00000000 103:02 5251374                   /lib/x86_64-linux-gnu/libutil-2.27.so
7fde37bfc000-7fde37dfb000 ---p 00002000 103:02 5251374                   /lib/x86_64-linux-gnu/libutil-2.27.so
7fde37dfb000-7fde37dfc000 r--p 00001000 103:02 5251374                   /lib/x86_64-linux-gnu/libutil-2.27.so
7fde37dfc000-7fde37dfd000 rw-p 00002000 103:02 5251374                   /lib/x86_64-linux-gnu/libutil-2.27.so
7fde37dfd000-7fde37e00000 r-xp 00000000 103:02 19273672                  /java/tools/apache-maven-3.6.0/lib/jansi-native/linux64/libjansi.so
7fde37e00000-7fde37fff000 ---p 00003000 103:02 19273672                  /java/tools/apache-maven-3.6.0/lib/jansi-native/linux64/libjansi.so
7fde37fff000-7fde38000000 rw-p 00002000 103:02 19273672                  /java/tools/apache-maven-3.6.0/lib/jansi-native/linux64/libjansi.so
7fde38000000-7fde38021000 rw-p 00000000 00:00 0 
7fde38021000-7fde3c000000 ---p 00000000 00:00 0 
7fde3c000000-7fde3c003000 r--s 0000c000 103:02 5510747                   /home/alarmnummer/.m2/repository/org/codehaus/plexus/plexus-io/2.0.4/plexus-io-2.0.4.jar
7fde3c003000-7fde3c005000 r--s 0000d000 103:02 5510745                   /home/alarmnummer/.m2/repository/org/codehaus/plexus/plexus-interpolation/1.15/plexus-interpolation-1.15.jar
7fde3c005000-7fde3c007000 r--s 00002000 103:02 5252616                   /home/alarmnummer/.m2/repository/org/codehaus/plexus/plexus-interactivity-api/1.0-alpha-4/plexus-interactivity-api-1.0-alpha-4.jar
7fde3c007000-7fde3c009000 r--s 00006000 103:02 5252612                   /home/alarmnummer/.m2/repository/commons-cli/commons-cli/1.0/commons-cli-1.0.jar
7fde3c009000-7fde3c00a000 r--s 00001000 103:02 5118476                   /home/alarmnummer/.m2/repository/org/apache/maven/doxia/doxia-sink-api/1.0-alpha-7/doxia-sink-api-1.0-alpha-7.jar
7fde3c00a000-7fde3c00b000 r--s 00002000 103:02 5118474                   /home/alarmnummer/.m2/repository/org/apache/maven/reporting/maven-reporting-api/2.0.6/maven-reporting-api-2.0.6.jar
7fde3c00b000-7fde3c00d000 r--s 00004000 103:02 5642344                   /home/alarmnummer/.m2/repository/org/apache/maven/maven-archiver/2.5/maven-archiver-2.5.jar
7fde3c00d000-7fde3c010000 r--s 0001b000 103:02 4855307                   /home/alarmnummer/.m2/repository/junit/junit/3.8.1/junit-3.8.1.jar
7fde3c010000-7fde3c012000 r--s 00006000 103:02 5118453                   /home/alarmnummer/.m2/repository/org/apache/maven/plugins/maven-source-plugin/2.2.1/maven-source-plugin-2.2.1.jar
7fde3c012000-7fde3c016000 r--s 0001d000 103:02 4855333                   /home/alarmnummer/.m2/repository/org/eclipse/aether/aether-util/0.9.0.M2/aether-util-0.9.0.M2.jar
7fde3c016000-7fde3c019000 r--s 0000d000 103:02 5257079                   /home/alarmnummer/.m2/repository/org/apache/maven/shared/maven-dependency-tree/2.2/maven-dependency-tree-2.2.jar
7fde3c019000-7fde3c01e000 r--s 00040000 103:02 5256719                   /home/alarmnummer/.m2/repository/org/beanshell/bsh/2.0b4/bsh-2.0b4.jar
7fde3c01e000-7fde3c024000 r--s 00033000 103:02 4983746                   /home/alarmnummer/.m2/repository/commons-codec/commons-codec/1.6/commons-codec-1.6.jar
7fde3c024000-7fde3c02c000 r--s 0006e000 103:02 13637462                  /home/alarmnummer/.m2/repository/org/apache/commons/commons-lang3/3.5/commons-lang3-3.5.jar
7fde3c02c000-7fde3c030000 r--s 0002f000 103:02 4856258                   /home/alarmnummer/.m2/repository/commons-io/commons-io/2.5/commons-io-2.5.jar
7fde3c030000-7fde3c033000 r--s 00025000 103:02 13898484                  /home/alarmnummer/.m2/repository/org/apache/maven/shared/maven-shared-utils/3.1.0/maven-shared-utils-3.1.0.jar
7fde3c033000-7fde3c036000 r--s 0000d000 103:02 6968682                   /home/alarmnummer/.m2/repository/org/apache/maven/shared/maven-common-artifact-filters/3.0.1/maven-common-artifact-filters-3.0.1.jar
7fde3c036000-7fde3c039000 r--s 00017000 103:02 7082204                   /home/alarmnummer/.m2/repository/org/apache/maven/enforcer/enforcer-rules/3.0.0-M2/enforcer-rules-3.0.0-M2.jar
7fde3c039000-7fde3c03b000 r--s 00009000 103:02 4855404                   /home/alarmnummer/.m2/repository/org/hamcrest/hamcrest-core/1.3/hamcrest-core-1.3.jar
7fde3c03b000-7fde3c041000 r--s 00036000 103:02 4855688                   /home/alarmnummer/.m2/repository/junit/junit/4.11/junit-4.11.jar
7fde3c041000-7fde3c042000 r--s 00002000 103:02 7082203                   /home/alarmnummer/.m2/repository/org/apache/maven/enforcer/enforcer-api/3.0.0-M2/enforcer-api-3.0.0-M2.jar
7fde3c042000-7fde3c046000 r--s 0003c000 103:02 6969677                   /home/alarmnummer/.m2/repository/org/codehaus/plexus/plexus-utils/3.1.0/plexus-utils-3.1.0.jar
7fde3c046000-7fde3c048000 r--s 00002000 103:02 4855292                   /home/alarmnummer/.m2/repository/org/sonatype/plexus/plexus-cipher/1.4/plexus-cipher-1.4.jar
7fde3c048000-7fde3c049000 r--s 00006000 103:02 4855280                   /home/alarmnummer/.m2/repository/org/sonatype/plexus/plexus-sec-dispatcher/1.3/plexus-sec-dispatcher-1.3.jar
7fde3c049000-7fde3c04b000 r--s 00000000 103:02 6969641                   /home/alarmnummer/.m2/repository/org/codehaus/plexus/plexus-component-annotations/1.7.1/plexus-component-annotations-1.7.1.jar
7fde3c04b000-7fde3c04d000 r--s 0000d000 103:02 4855296                   /home/alarmnummer/.m2/repository/org/codehaus/plexus/plexus-interpolation/1.14/plexus-interpolation-1.14.jar
7fde3c04d000-7fde3c051000 r--s 00017000 103:02 4855302                   /home/alarmnummer/.m2/repository/org/sonatype/aether/aether-util/1.7/aether-util-1.7.jar
7fde3c051000-7fde3c05c000 r--s 00069000 103:02 4855294                   /home/alarmnummer/.m2/repository/org/sonatype/sisu/sisu-guice/2.1.7/sisu-guice-2.1.7-noaop.jar
7fde3c05c000-7fde3c061000 r--s 00021000 103:02 4855293                   /home/alarmnummer/.m2/repository/org/sonatype/sisu/sisu-inject-bean/1.4.2/sisu-inject-bean-1.4.2.jar
7fde3c061000-7fde3c063000 r--s 00005000 103:02 7082192                   /home/alarmnummer/.m2/repository/org/apache/maven/plugins/maven-enforcer-plugin/3.0.0-M2/maven-enforcer-plugin-3.0.0-M2.jar
7fde3c063000-7fde3c067000 r--s 00034000 103:02 5252539                   /home/alarmnummer/.m2/repository/org/codehaus/plexus/plexus-utils/3.0/plexus-utils-3.0.jar
7fde3c067000-7fde3c069000 r--s 00005000 103:02 5381029                   /home/alarmnummer/.m2/repository/org/apache/maven/plugins/maven-clean-plugin/2.5/maven-clean-plugin-2.5.jar
7fde3c069000-7fde3c06e000 r--s 0009d000 103:02 17445134                  /java/jdk/jdk1.8.0_161/jre/lib/jsse.jar
7fde3c06e000-7fde3c072000 r--s 00042000 103:02 18752163                  /java/tools/apache-maven-3.6.0/lib/jansi-1.17.1.jar
7fde3c072000-7fde3c076000 r--s 0002f000 103:02 18752144                  /java/tools/apache-maven-3.6.0/lib/commons-io-2.5.jar
7fde3c076000-7fde3c078000 r--s 00009000 103:02 18752160                  /java/tools/apache-maven-3.6.0/lib/maven-resolver-connector-basic-1.3.1.jar
7fde3c078000-7fde3c079000 r--s 00002000 103:02 18752159                  /java/tools/apache-maven-3.6.0/lib/wagon-file-3.2.0.jar
7fde3c079000-7fde3c07c000 r--s 00026000 103:02 18752143                  /java/tools/apache-maven-3.6.0/lib/maven-shared-utils-3.2.1.jar
7fde3c07c000-7fde3c07d000 r--s 00006000 103:02 18752122                  /java/tools/apache-maven-3.6.0/lib/plexus-sec-dispatcher-1.4.jar
7fde3c07d000-7fde3c07f000 r--s 0000c000 103:02 18752127                  /java/tools/apache-maven-3.6.0/lib/maven-artifact-3.6.0.jar
7fde3c07f000-7fde3c0af000 r--s 00249000 103:02 18752148                  /java/tools/apache-maven-3.6.0/lib/guava-25.1-android.jar
7fde3c0af000-7fde3c0b1000 r--s 00006000 103:02 18752161                  /java/tools/apache-maven-3.6.0/lib/maven-resolver-transport-wagon-1.3.1.jar
7fde3c0b1000-7fde3c0b4000 r--s 00007000 103:02 18752138                  /java/tools/apache-maven-3.6.0/lib/maven-resolver-spi-1.3.1.jar
7fde3c0b4000-7fde3c0b8000 r--s 00029000 103:02 18752140                  /java/tools/apache-maven-3.6.0/lib/maven-resolver-impl-1.3.1.jar
7fde3c0b8000-7fde3c0ba000 r--s 00001000 103:02 18752152                  /java/tools/apache-maven-3.6.0/lib/j2objc-annotations-1.1.jar
7fde3c0ba000-7fde3c0bb000 r--s 00000000 103:02 18752153                  /java/tools/apache-maven-3.6.0/lib/animal-sniffer-annotations-1.14.jar
7fde3c0bb000-7fde3c0bd000 r--s 00002000 103:02 18752123                  /java/tools/apache-maven-3.6.0/lib/plexus-cipher-1.7.jar
7fde3c0bd000-7fde3c0be000 r--s 00003000 103:02 18752119                  /java/tools/apache-maven-3.6.0/lib/maven-builder-support-3.6.0.jar
7fde3c0be000-7fde3c0c0000 r--s 0000a000 103:02 18752129                  /java/tools/apache-maven-3.6.0/lib/maven-plugin-api-3.6.0.jar
7fde3c0c0000-7fde3c0c3000 r--s 00008000 103:02 18752131                  /java/tools/apache-maven-3.6.0/lib/cdi-api-1.0.jar
7fde3c0c3000-7fde3c0ca000 r--s 00041000 103:02 18752155                  /java/tools/apache-maven-3.6.0/lib/maven-compat-3.6.0.jar
7fde3c0ca000-7fde3c0cc000 r--s 0000f000 103:02 18752136                  /java/tools/apache-maven-3.6.0/lib/maven-resolver-provider-3.6.0.jar
7fde3c0cc000-7fde3c0ce000 r--s 00003000 103:02 18752158                  /java/tools/apache-maven-3.6.0/lib/jcl-over-slf4j-1.7.25.jar
7fde3c0ce000-7fde3c0d4000 r--s 0002d000 103:02 18752130                  /java/tools/apache-maven-3.6.0/lib/org.eclipse.sisu.plexus-0.3.3.jar
7fde3c0d4000-7fde3c0d6000 r--s 00027000 103:02 18752125                  /java/tools/apache-maven-3.6.0/lib/maven-model-3.6.0.jar
7fde3c0d6000-7fde3c0db000 r--s 00020000 103:02 18752137                  /java/tools/apache-maven-3.6.0/lib/maven-resolver-api-1.3.1.jar
7fde3c0db000-7fde3c108000 r--s 001df000 103:02 18752157                  /java/tools/apache-maven-3.6.0/lib/wagon-http-3.2.0-shaded.jar
7fde3c108000-7fde3c10c000 r--s 0003c000 103:02 18752117                  /java/tools/apache-maven-3.6.0/lib/plexus-utils-3.1.0.jar
7fde3c10c000-7fde3c10e000 r--s 00003000 103:02 18752149                  /java/tools/apache-maven-3.6.0/lib/jsr305-3.0.2.jar
7fde3c10e000-7fde3c110000 r--s 0000c000 103:02 18752154                  /java/tools/apache-maven-3.6.0/lib/commons-cli-1.4.jar
7fde3c110000-7fde3c112000 r--s 00009000 103:02 18752141                  /java/tools/apache-maven-3.6.0/lib/slf4j-api-1.7.25.jar
7fde3c112000-7fde3c114000 r--s 00000000 103:02 18752121                  /java/tools/apache-maven-3.6.0/lib/plexus-component-annotations-1.7.1.jar
7fde3c114000-7fde3c117000 r--s 00012000 103:02 18752120                  /java/tools/apache-maven-3.6.0/lib/plexus-interpolation-1.25.jar
7fde3c117000-7fde3c1ad000 r--s 0110a000 103:02 17445139                  /java/jdk/jdk1.8.0_161/jre/lib/ext/jfxrt.jar
7fde3c1ad000-7fde3c1ae000 ---p 00000000 00:00 0 
7fde3c1ae000-7fde3c2ae000 rw-p 00000000 00:00 0 
7fde3c2ae000-7fde3c2b1000 ---p 00000000 00:00 0 
7fde3c2b1000-7fde3c3af000 rw-p 00000000 00:00 0 
7fde3c3af000-7fde3c3b0000 ---p 00000000 00:00 0 
7fde3c3b0000-7fde3c3b3000 ---p 00000000 00:00 0 
7fde3c3b3000-7fde3c4b0000 rw-p 00000000 00:00 0 
7fde3c4b0000-7fde3c4b1000 ---p 00000000 00:00 0 
7fde3c4b1000-7fde3c4b4000 ---p 00000000 00:00 0 
7fde3c4b4000-7fde3c5b1000 rw-p 00000000 00:00 0 
7fde3c5b1000-7fde3c5b2000 ---p 00000000 00:00 0 
7fde3c5b2000-7fde3c5b5000 ---p 00000000 00:00 0 
7fde3c5b5000-7fde3c6b2000 rw-p 00000000 00:00 0 
7fde3c6b2000-7fde3c6b3000 ---p 00000000 00:00 0 
7fde3c6b3000-7fde3c6b6000 ---p 00000000 00:00 0 
7fde3c6b6000-7fde3c7b3000 rw-p 00000000 00:00 0 
7fde3c7b3000-7fde3c7b4000 ---p 00000000 00:00 0 
7fde3c7b4000-7fde3c7b7000 ---p 00000000 00:00 0 
7fde3c7b7000-7fde3c8b4000 rw-p 00000000 00:00 0 
7fde3c8b4000-7fde3c8b5000 ---p 00000000 00:00 0 
7fde3c8b5000-7fde3c8b8000 ---p 00000000 00:00 0 
7fde3c8b8000-7fde3c9b5000 rw-p 00000000 00:00 0 
7fde3c9b5000-7fde3c9b6000 ---p 00000000 00:00 0 
7fde3c9b6000-7fde3c9b9000 ---p 00000000 00:00 0 
7fde3c9b9000-7fde3cab6000 rw-p 00000000 00:00 0 
7fde3cab6000-7fde3cab7000 ---p 00000000 00:00 0 
7fde3cab7000-7fde3caba000 ---p 00000000 00:00 0 
7fde3caba000-7fde3cbb7000 rw-p 00000000 00:00 0 
7fde3cbb7000-7fde3cbb8000 ---p 00000000 00:00 0 
7fde3cbb8000-7fde3cbbb000 ---p 00000000 00:00 0 
7fde3cbbb000-7fde3ccb8000 rw-p 00000000 00:00 0 
7fde3ccb8000-7fde3ccb9000 ---p 00000000 00:00 0 
7fde3ccb9000-7fde3ccbc000 ---p 00000000 00:00 0 
7fde3ccbc000-7fde3cdb9000 rw-p 00000000 00:00 0 
7fde3cdb9000-7fde3cdba000 ---p 00000000 00:00 0 
7fde3cdba000-7fde3cdbd000 ---p 00000000 00:00 0 
7fde3cdbd000-7fde3ceba000 rw-p 00000000 00:00 0 
7fde3ceba000-7fde3cebb000 ---p 00000000 00:00 0 
7fde3cebb000-7fde3cebe000 ---p 00000000 00:00 0 
7fde3cebe000-7fde3cfbb000 rw-p 00000000 00:00 0 
7fde3cfbb000-7fde3cfbe000 ---p 00000000 00:00 0 
7fde3cfbe000-7fde3d0bc000 rw-p 00000000 00:00 0 
7fde3d0bc000-7fde3d4ce000 r--p 00000000 103:02 30281263                  /usr/lib/locale/locale-archive
7fde3d4ce000-7fde3d4d1000 ---p 00000000 00:00 0 
7fde3d4d1000-7fde3d5cf000 rw-p 00000000 00:00 0 
7fde3d5cf000-7fde3d5d2000 ---p 00000000 00:00 0 
7fde3d5d2000-7fde3d6d0000 rw-p 00000000 00:00 0 
7fde3d6d0000-7fde3d6d1000 ---p 00000000 00:00 0 
7fde3d6d1000-7fde40000000 rw-p 00000000 00:00 0 
7fde40000000-7fde40021000 rw-p 00000000 00:00 0 
7fde40021000-7fde44000000 ---p 00000000 00:00 0 
7fde44000000-7fde44001000 r--s 00006000 103:02 18752126                  /java/tools/apache-maven-3.6.0/lib/maven-repository-metadata-3.6.0.jar
7fde44001000-7fde44003000 r--s 00002000 103:02 18752151                  /java/tools/apache-maven-3.6.0/lib/error_prone_annotations-2.1.3.jar
7fde44003000-7fde44005000 r--s 00000000 103:02 18752147                  /java/tools/apache-maven-3.6.0/lib/aopalliance-1.0.jar
7fde44005000-7fde44008000 r--s 00016000 103:02 18752115                  /java/tools/apache-maven-3.6.0/lib/maven-embedder-3.6.0.jar
7fde44008000-7fde4400d000 r--s 00023000 103:02 18752139                  /java/tools/apache-maven-3.6.0/lib/maven-resolver-util-1.3.1.jar
7fde4400d000-7fde44373000 rw-p 00000000 00:00 0 
7fde44373000-7fde4454c000 r--s 03d64000 103:02 17445077                  /java/jdk/jdk1.8.0_161/jre/lib/rt.jar
7fde4454c000-7fde46dfb000 rw-p 00000000 00:00 0 
7fde46dfb000-7fde46dfc000 ---p 00000000 00:00 0 
7fde46dfc000-7fde46efc000 rw-p 00000000 00:00 0 
7fde46efc000-7fde46efd000 ---p 00000000 00:00 0 
7fde46efd000-7fde46ffd000 rw-p 00000000 00:00 0 
7fde46ffd000-7fde46ffe000 ---p 00000000 00:00 0 
7fde46ffe000-7fde470fe000 rw-p 00000000 00:00 0 
7fde470fe000-7fde470ff000 ---p 00000000 00:00 0 
7fde470ff000-7fde471ff000 rw-p 00000000 00:00 0 
7fde471ff000-7fde47200000 ---p 00000000 00:00 0 
7fde47200000-7fde47300000 rw-p 00000000 00:00 0 
7fde47300000-7fde47301000 ---p 00000000 00:00 0 
7fde47301000-7fde47401000 rw-p 00000000 00:00 0 
7fde47401000-7fde47402000 ---p 00000000 00:00 0 
7fde47402000-7fde47502000 rw-p 00000000 00:00 0 
7fde47502000-7fde47503000 ---p 00000000 00:00 0 
7fde47503000-7fde47603000 rw-p 00000000 00:00 0 
7fde47603000-7fde47604000 ---p 00000000 00:00 0 
7fde47604000-7fde47704000 rw-p 00000000 00:00 0 
7fde47704000-7fde47705000 ---p 00000000 00:00 0 
7fde47705000-7fde47805000 rw-p 00000000 00:00 0 
7fde47805000-7fde47806000 ---p 00000000 00:00 0 
7fde47806000-7fde47906000 rw-p 00000000 00:00 0 
7fde47906000-7fde47907000 ---p 00000000 00:00 0 
7fde47907000-7fde47a07000 rw-p 00000000 00:00 0 
7fde47a07000-7fde47a08000 ---p 00000000 00:00 0 
7fde47a08000-7fde47bd4000 rw-p 00000000 00:00 0 
7fde47bd4000-7fde49000000 ---p 00000000 00:00 0 
7fde49000000-7fde4a2c0000 rwxp 00000000 00:00 0 
7fde4a2c0000-7fde58000000 ---p 00000000 00:00 0 
7fde58000000-7fde5935d000 rw-p 00000000 00:00 0 
7fde5935d000-7fde5c000000 ---p 00000000 00:00 0 
7fde5c000000-7fde5c001000 r--s 00001000 103:02 18752132                  /java/tools/apache-maven-3.6.0/lib/jsr250-api-1.0.jar
7fde5c001000-7fde5c00e000 r--s 0008e000 103:02 18752124                  /java/tools/apache-maven-3.6.0/lib/maven-core-3.6.0.jar
7fde5c00e000-7fde5c019000 r--s 00075000 103:02 18752145                  /java/tools/apache-maven-3.6.0/lib/guice-4.2.1-no_aop.jar
7fde5c019000-7fde5c1be000 rw-p 00000000 00:00 0 
7fde5c1be000-7fde5d5ea000 ---p 00000000 00:00 0 
7fde5d5ea000-7fde5d710000 rw-p 00000000 00:00 0 
7fde5d710000-7fde5e066000 ---p 00000000 00:00 0 
7fde5e066000-7fde5e0b2000 rw-p 00000000 00:00 0 
7fde5e0b2000-7fde5e427000 ---p 00000000 00:00 0 
7fde5e427000-7fde5e442000 r-xp 00000000 103:02 17445287                  /java/jdk/jdk1.8.0_161/jre/lib/amd64/libzip.so
7fde5e442000-7fde5e642000 ---p 0001b000 103:02 17445287                  /java/jdk/jdk1.8.0_161/jre/lib/amd64/libzip.so
7fde5e642000-7fde5e643000 rw-p 0001b000 103:02 17445287                  /java/jdk/jdk1.8.0_161/jre/lib/amd64/libzip.so
7fde5e643000-7fde5e64e000 r-xp 00000000 103:02 5247500                   /lib/x86_64-linux-gnu/libnss_files-2.27.so
7fde5e64e000-7fde5e84d000 ---p 0000b000 103:02 5247500                   /lib/x86_64-linux-gnu/libnss_files-2.27.so
7fde5e84d000-7fde5e84e000 r--p 0000a000 103:02 5247500                   /lib/x86_64-linux-gnu/libnss_files-2.27.so
7fde5e84e000-7fde5e84f000 rw-p 0000b000 103:02 5247500                   /lib/x86_64-linux-gnu/libnss_files-2.27.so
7fde5e84f000-7fde5e855000 rw-p 00000000 00:00 0 
7fde5e855000-7fde5e86c000 r-xp 00000000 103:02 5244825                   /lib/x86_64-linux-gnu/libnsl-2.27.so
7fde5e86c000-7fde5ea6b000 ---p 00017000 103:02 5244825                   /lib/x86_64-linux-gnu/libnsl-2.27.so
7fde5ea6b000-7fde5ea6c000 r--p 00016000 103:02 5244825                   /lib/x86_64-linux-gnu/libnsl-2.27.so
7fde5ea6c000-7fde5ea6d000 rw-p 00017000 103:02 5244825                   /lib/x86_64-linux-gnu/libnsl-2.27.so
7fde5ea6d000-7fde5ea6f000 rw-p 00000000 00:00 0 
7fde5ea6f000-7fde5ea7a000 r-xp 00000000 103:02 5247502                   /lib/x86_64-linux-gnu/libnss_nis-2.27.so
7fde5ea7a000-7fde5ec79000 ---p 0000b000 103:02 5247502                   /lib/x86_64-linux-gnu/libnss_nis-2.27.so
7fde5ec79000-7fde5ec7a000 r--p 0000a000 103:02 5247502                   /lib/x86_64-linux-gnu/libnss_nis-2.27.so
7fde5ec7a000-7fde5ec7b000 rw-p 0000b000 103:02 5247502                   /lib/x86_64-linux-gnu/libnss_nis-2.27.so
7fde5ec7b000-7fde5ec83000 r-xp 00000000 103:02 5244827                   /lib/x86_64-linux-gnu/libnss_compat-2.27.so
7fde5ec83000-7fde5ee83000 ---p 00008000 103:02 5244827                   /lib/x86_64-linux-gnu/libnss_compat-2.27.so
7fde5ee83000-7fde5ee84000 r--p 00008000 103:02 5244827                   /lib/x86_64-linux-gnu/libnss_compat-2.27.so
7fde5ee84000-7fde5ee85000 rw-p 00009000 103:02 5244827                   /lib/x86_64-linux-gnu/libnss_compat-2.27.so
7fde5ee85000-7fde5eeb0000 r-xp 00000000 103:02 17445281                  /java/jdk/jdk1.8.0_161/jre/lib/amd64/libjava.so
7fde5eeb0000-7fde5f0af000 ---p 0002b000 103:02 17445281                  /java/jdk/jdk1.8.0_161/jre/lib/amd64/libjava.so
7fde5f0af000-7fde5f0b1000 rw-p 0002a000 103:02 17445281                  /java/jdk/jdk1.8.0_161/jre/lib/amd64/libjava.so
7fde5f0b1000-7fde5f0be000 r-xp 00000000 103:02 17445286                  /java/jdk/jdk1.8.0_161/jre/lib/amd64/libverify.so
7fde5f0be000-7fde5f2be000 ---p 0000d000 103:02 17445286                  /java/jdk/jdk1.8.0_161/jre/lib/amd64/libverify.so
7fde5f2be000-7fde5f2c0000 rw-p 0000d000 103:02 17445286                  /java/jdk/jdk1.8.0_161/jre/lib/amd64/libverify.so
7fde5f2c0000-7fde5f2c7000 r-xp 00000000 103:02 5251372                   /lib/x86_64-linux-gnu/librt-2.27.so
7fde5f2c7000-7fde5f4c6000 ---p 00007000 103:02 5251372                   /lib/x86_64-linux-gnu/librt-2.27.so
7fde5f4c6000-7fde5f4c7000 r--p 00006000 103:02 5251372                   /lib/x86_64-linux-gnu/librt-2.27.so
7fde5f4c7000-7fde5f4c8000 rw-p 00007000 103:02 5251372                   /lib/x86_64-linux-gnu/librt-2.27.so
7fde5f4c8000-7fde5f665000 r-xp 00000000 103:02 5244810                   /lib/x86_64-linux-gnu/libm-2.27.so
7fde5f665000-7fde5f864000 ---p 0019d000 103:02 5244810                   /lib/x86_64-linux-gnu/libm-2.27.so
7fde5f864000-7fde5f865000 r--p 0019c000 103:02 5244810                   /lib/x86_64-linux-gnu/libm-2.27.so
7fde5f865000-7fde5f866000 rw-p 0019d000 103:02 5244810                   /lib/x86_64-linux-gnu/libm-2.27.so
7fde5f866000-7fde6053f000 r-xp 00000000 103:02 17445264                  /java/jdk/jdk1.8.0_161/jre/lib/amd64/server/libjvm.so
7fde6053f000-7fde6073e000 ---p 00cd9000 103:02 17445264                  /java/jdk/jdk1.8.0_161/jre/lib/amd64/server/libjvm.so
7fde6073e000-7fde60817000 rw-p 00cd8000 103:02 17445264                  /java/jdk/jdk1.8.0_161/jre/lib/amd64/server/libjvm.so
7fde60817000-7fde60863000 rw-p 00000000 00:00 0 
7fde60863000-7fde60a4a000 r-xp 00000000 103:02 5244797                   /lib/x86_64-linux-gnu/libc-2.27.so
7fde60a4a000-7fde60c4a000 ---p 001e7000 103:02 5244797                   /lib/x86_64-linux-gnu/libc-2.27.so
7fde60c4a000-7fde60c4e000 r--p 001e7000 103:02 5244797                   /lib/x86_64-linux-gnu/libc-2.27.so
7fde60c4e000-7fde60c50000 rw-p 001eb000 103:02 5244797                   /lib/x86_64-linux-gnu/libc-2.27.so
7fde60c50000-7fde60c54000 rw-p 00000000 00:00 0 
7fde60c54000-7fde60c57000 r-xp 00000000 103:02 5244809                   /lib/x86_64-linux-gnu/libdl-2.27.so
7fde60c57000-7fde60e56000 ---p 00003000 103:02 5244809                   /lib/x86_64-linux-gnu/libdl-2.27.so
7fde60e56000-7fde60e57000 r--p 00002000 103:02 5244809                   /lib/x86_64-linux-gnu/libdl-2.27.so
7fde60e57000-7fde60e58000 rw-p 00003000 103:02 5244809                   /lib/x86_64-linux-gnu/libdl-2.27.so
7fde60e58000-7fde60e6e000 r-xp 00000000 103:02 17444907                  /java/jdk/jdk1.8.0_161/lib/amd64/jli/libjli.so
7fde60e6e000-7fde6106d000 ---p 00016000 103:02 17444907                  /java/jdk/jdk1.8.0_161/lib/amd64/jli/libjli.so
7fde6106d000-7fde6106e000 rw-p 00015000 103:02 17444907                  /java/jdk/jdk1.8.0_161/lib/amd64/jli/libjli.so
7fde6106e000-7fde61088000 r-xp 00000000 103:02 5250605                   /lib/x86_64-linux-gnu/libpthread-2.27.so
7fde61088000-7fde61287000 ---p 0001a000 103:02 5250605                   /lib/x86_64-linux-gnu/libpthread-2.27.so
7fde61287000-7fde61288000 r--p 00019000 103:02 5250605                   /lib/x86_64-linux-gnu/libpthread-2.27.so
7fde61288000-7fde61289000 rw-p 0001a000 103:02 5250605                   /lib/x86_64-linux-gnu/libpthread-2.27.so
7fde61289000-7fde6128d000 rw-p 00000000 00:00 0 
7fde6128d000-7fde612b4000 r-xp 00000000 103:02 5244762                   /lib/x86_64-linux-gnu/ld-2.27.so
7fde612b4000-7fde612b5000 r--s 00005000 103:02 18752162                  /java/tools/apache-maven-3.6.0/lib/maven-slf4j-provider-3.6.0.jar
7fde612b5000-7fde612b6000 r--s 0000a000 103:02 18752116                  /java/tools/apache-maven-3.6.0/lib/maven-settings-3.6.0.jar
7fde612b6000-7fde612b8000 r--s 0000c000 103:02 18752156                  /java/tools/apache-maven-3.6.0/lib/wagon-provider-api-3.2.0.jar
7fde612b8000-7fde612ba000 r--s 00006000 103:02 18752150                  /java/tools/apache-maven-3.6.0/lib/checker-compat-qual-2.0.0.jar
7fde612ba000-7fde6138c000 rw-p 00000000 00:00 0 
7fde6138c000-7fde6138d000 ---p 00000000 00:00 0 
7fde6138d000-7fde61390000 ---p 00000000 00:00 0 
7fde61390000-7fde61491000 rw-p 00000000 00:00 0 
7fde61491000-7fde61496000 r--s 00027000 103:02 18752135                  /java/tools/apache-maven-3.6.0/lib/maven-model-builder-3.6.0.jar
7fde61496000-7fde61497000 r--s 00000000 103:02 18752133                  /java/tools/apache-maven-3.6.0/lib/javax.inject-1.jar
7fde61497000-7fde6149e000 r--s 00056000 103:02 18752134                  /java/tools/apache-maven-3.6.0/lib/org.eclipse.sisu.inject-0.3.3.jar
7fde6149e000-7fde614a0000 r--s 00009000 103:02 18752118                  /java/tools/apache-maven-3.6.0/lib/maven-settings-builder-3.6.0.jar
7fde614a0000-7fde614a8000 r--s 00073000 103:02 18752128                  /java/tools/apache-maven-3.6.0/lib/commons-lang3-3.8.1.jar
7fde614a8000-7fde614aa000 r--s 0000b000 103:02 19273981                  /java/tools/apache-maven-3.6.0/boot/plexus-classworlds-2.5.2.jar
7fde614aa000-7fde614b2000 rw-s 00000000 103:02 29491408                  /tmp/hsperfdata_alarmnummer/25203
7fde614b2000-7fde614b3000 rw-p 00000000 00:00 0 
7fde614b3000-7fde614b4000 r--p 00000000 00:00 0 
7fde614b4000-7fde614b5000 r--p 00027000 103:02 5244762                   /lib/x86_64-linux-gnu/ld-2.27.so
7fde614b5000-7fde614b6000 rw-p 00028000 103:02 5244762                   /lib/x86_64-linux-gnu/ld-2.27.so
7fde614b6000-7fde614b7000 rw-p 00000000 00:00 0 
7ffe5e529000-7ffe5e54b000 rw-p 00000000 00:00 0                          [stack]
7ffe5e5e0000-7ffe5e5e3000 r--p 00000000 00:00 0                          [vvar]
7ffe5e5e3000-7ffe5e5e5000 r-xp 00000000 00:00 0                          [vdso]
ffffffffff600000-ffffffffff601000 r-xp 00000000 00:00 0                  [vsyscall]

VM Arguments:
jvm_args: -Dclassworlds.conf=/java/tools/apache-maven-3.6.0/bin/m2.conf -Dmaven.home=/java/tools/apache-maven-3.6.0 -Dlibrary.jansi.path=/java/tools/apache-maven-3.6.0/lib/jansi-native -Dmaven.multiModuleProjectDirectory=/java/projects/Hazelcast/hazelcast 
java_command: org.codehaus.plexus.classworlds.launcher.Launcher clean install -DskipTests
java_class_path (initial): /java/tools/apache-maven-3.6.0/boot/plexus-classworlds-2.5.2.jar
Launcher Type: SUN_STANDARD

Environment Variables:
JAVA_HOME=/java/jdk/jdk1.8.0_161
PATH=/java/tools/gradle-4.2.1/bin:/home/alarmnummer/hazelcast-simulator-0.12-SNAPSHOT/bin:/java/tools/yjp-2013-build-13072/bin:/java/tools/jprofiler9/bin:/java/tools/idea-IU-181.4203.519/bin:/java/tools/apache-maven-3.6.0/bin:/java/jdk/jdk1.8.0_161/bin:/usr/local/sbin:/usr/local/bin:/usr/sbin:/usr/bin:/sbin:/bin:/usr/games:/usr/local/games:/snap/bin:/home/alarmnummer/ec2/ec2-api-tools-1.7.5.1/bin
SHELL=/bin/bash
DISPLAY=:0.0

Signal Handlers:
SIGSEGV: [libjvm.so+0xad01e0], sa_mask[0]=11111111011111111101111111111110, sa_flags=SA_RESTART|SA_SIGINFO
SIGBUS: [libjvm.so+0xad01e0], sa_mask[0]=11111111011111111101111111111110, sa_flags=SA_RESTART|SA_SIGINFO
SIGFPE: [libjvm.so+0x927fb0], sa_mask[0]=11111111011111111101111111111110, sa_flags=SA_RESTART|SA_SIGINFO
SIGPIPE: [libjvm.so+0x927fb0], sa_mask[0]=11111111011111111101111111111110, sa_flags=SA_RESTART|SA_SIGINFO
SIGXFSZ: [libjvm.so+0x927fb0], sa_mask[0]=11111111011111111101111111111110, sa_flags=SA_RESTART|SA_SIGINFO
SIGILL: [libjvm.so+0x927fb0], sa_mask[0]=11111111011111111101111111111110, sa_flags=SA_RESTART|SA_SIGINFO
SIGUSR1: SIG_DFL, sa_mask[0]=00000000000000000000000000000000, sa_flags=none
SIGUSR2: [libjvm.so+0x9297f0], sa_mask[0]=00100000000000000000000000000000, sa_flags=SA_RESTART|SA_SIGINFO
SIGHUP: [libjvm.so+0x92abf0], sa_mask[0]=11111111011111111101111111111110, sa_flags=SA_RESTART|SA_SIGINFO
SIGINT: [libjvm.so+0x92abf0], sa_mask[0]=11111111011111111101111111111110, sa_flags=SA_RESTART|SA_SIGINFO
SIGTERM: [libjvm.so+0x92abf0], sa_mask[0]=11111111011111111101111111111110, sa_flags=SA_RESTART|SA_SIGINFO
SIGQUIT: [libjvm.so+0x92abf0], sa_mask[0]=11111111011111111101111111111110, sa_flags=SA_RESTART|SA_SIGINFO


---------------  S Y S T E M  ---------------

OS:DISTRIB_ID=Ubuntu
DISTRIB_RELEASE=18.04
DISTRIB_CODENAME=bionic
DISTRIB_DESCRIPTION="Ubuntu 18.04.2 LTS"

uname:Linux 4.15.0-54-generic #58-Ubuntu SMP Mon Jun 24 10:55:24 UTC 2019 x86_64
libc:glibc 2.27 NPTL 2.27 
rlimit: STACK 8192k, CORE 0k, NPROC 256348, NOFILE 1048576, AS infinity
load average:1.27 0.54 0.66

/proc/meminfo:
MemTotal:       65960048 kB
MemFree:        29080172 kB
MemAvailable:   52562912 kB
Buffers:         2817068 kB
Cached:         21180272 kB
SwapCached:            0 kB
Active:         16462752 kB
Inactive:       19188540 kB
Active(anon):   11661884 kB
Inactive(anon):   313132 kB
Active(file):    4800868 kB
Inactive(file): 18875408 kB
Unevictable:       15848 kB
Mlocked:           15848 kB
SwapTotal:      19535036 kB
SwapFree:       19535036 kB
Dirty:             10736 kB
Writeback:             0 kB
AnonPages:      11668152 kB
Mapped:          1164444 kB
Shmem:            316548 kB
Slab:             769776 kB
SReclaimable:     531956 kB
SUnreclaim:       237820 kB
KernelStack:       33616 kB
PageTables:        94856 kB
NFS_Unstable:          0 kB
Bounce:                0 kB
WritebackTmp:          0 kB
CommitLimit:    52515060 kB
Committed_AS:   24748456 kB
VmallocTotal:   34359738367 kB
VmallocUsed:           0 kB
VmallocChunk:          0 kB
HardwareCorrupted:     0 kB
AnonHugePages:         0 kB
ShmemHugePages:        0 kB
ShmemPmdMapped:        0 kB
CmaTotal:              0 kB
CmaFree:               0 kB
HugePages_Total:       0
HugePages_Free:        0
HugePages_Rsvd:        0
HugePages_Surp:        0
Hugepagesize:       2048 kB
DirectMap4k:     1147436 kB
DirectMap2M:    27090944 kB
DirectMap1G:    39845888 kB


CPU:total 16 (initial active 16) (16 cores per cpu, 1 threads per core) family 23 model 1 stepping 1, cmov, cx8, fxsr, mmx, sse, sse2, sse3, ssse3, sse4.1, sse4.2, popcnt, avx, avx2, aes, clmul, mmxext, 3dnowpref, lzcnt, sse4a, tsc, tscinvbit, tscinv, bmi1

/proc/cpuinfo:
processor	: 0
vendor_id	: AuthenticAMD
cpu family	: 23
model		: 1
model name	: AMD Ryzen 7 1800X Eight-Core Processor
stepping	: 1
microcode	: 0x8001137
cpu MHz		: 3688.400
cache size	: 512 KB
physical id	: 0
siblings	: 16
core id		: 0
cpu cores	: 8
apicid		: 0
initial apicid	: 0
fpu		: yes
fpu_exception	: yes
cpuid level	: 13
wp		: yes
flags		: fpu vme de pse tsc msr pae mce cx8 apic sep mtrr pge mca cmov pat pse36 clflush mmx fxsr sse sse2 ht syscall nx mmxext fxsr_opt pdpe1gb rdtscp lm constant_tsc rep_good nopl nonstop_tsc cpuid extd_apicid aperfmperf pni pclmulqdq monitor ssse3 fma cx16 sse4_1 sse4_2 movbe popcnt aes xsave avx f16c rdrand lahf_lm cmp_legacy svm extapic cr8_legacy abm sse4a misalignsse 3dnowprefetch osvw skinit wdt tce topoext perfctr_core perfctr_nb bpext perfctr_llc mwaitx cpb hw_pstate sme ssbd ibpb vmmcall fsgsbase bmi1 avx2 smep bmi2 rdseed adx smap clflushopt sha_ni xsaveopt xsavec xgetbv1 xsaves clzero irperf xsaveerptr arat npt lbrv svm_lock nrip_save tsc_scale vmcb_clean flushbyasid decodeassists pausefilter pfthreshold avic v_vmsave_vmload vgif overflow_recov succor smca
bugs		: sysret_ss_attrs null_seg spectre_v1 spectre_v2 spec_store_bypass
bogomips	: 7185.56
TLB size	: 2560 4K pages
clflush size	: 64
cache_alignment	: 64
address sizes	: 43 bits physical, 48 bits virtual
power management: ts ttp tm hwpstate eff_freq_ro [13] [14]

processor	: 1
vendor_id	: AuthenticAMD
cpu family	: 23
model		: 1
model name	: AMD Ryzen 7 1800X Eight-Core Processor
stepping	: 1
microcode	: 0x8001137
cpu MHz		: 3688.075
cache size	: 512 KB
physical id	: 0
siblings	: 16
core id		: 0
cpu cores	: 8
apicid		: 1
initial apicid	: 1
fpu		: yes
fpu_exception	: yes
cpuid level	: 13
wp		: yes
flags		: fpu vme de pse tsc msr pae mce cx8 apic sep mtrr pge mca cmov pat pse36 clflush mmx fxsr sse sse2 ht syscall nx mmxext fxsr_opt pdpe1gb rdtscp lm constant_tsc rep_good nopl nonstop_tsc cpuid extd_apicid aperfmperf pni pclmulqdq monitor ssse3 fma cx16 sse4_1 sse4_2 movbe popcnt aes xsave avx f16c rdrand lahf_lm cmp_legacy svm extapic cr8_legacy abm sse4a misalignsse 3dnowprefetch osvw skinit wdt tce topoext perfctr_core perfctr_nb bpext perfctr_llc mwaitx cpb hw_pstate sme ssbd ibpb vmmcall fsgsbase bmi1 avx2 smep bmi2 rdseed adx smap clflushopt sha_ni xsaveopt xsavec xgetbv1 xsaves clzero irperf xsaveerptr arat npt lbrv svm_lock nrip_save tsc_scale vmcb_clean flushbyasid decodeassists pausefilter pfthreshold avic v_vmsave_vmload vgif overflow_recov succor smca
bugs		: sysret_ss_attrs null_seg spectre_v1 spectre_v2 spec_store_bypass
bogomips	: 7185.56
TLB size	: 2560 4K pages
clflush size	: 64
cache_alignment	: 64
address sizes	: 43 bits physical, 48 bits virtual
power management: ts ttp tm hwpstate eff_freq_ro [13] [14]

processor	: 2
vendor_id	: AuthenticAMD
cpu family	: 23
model		: 1
model name	: AMD Ryzen 7 1800X Eight-Core Processor
stepping	: 1
microcode	: 0x8001137
cpu MHz		: 3659.444
cache size	: 512 KB
physical id	: 0
siblings	: 16
core id		: 1
cpu cores	: 8
apicid		: 2
initial apicid	: 2
fpu		: yes
fpu_exception	: yes
cpuid level	: 13
wp		: yes
flags		: fpu vme de pse tsc msr pae mce cx8 apic sep mtrr pge mca cmov pat pse36 clflush mmx fxsr sse sse2 ht syscall nx mmxext fxsr_opt pdpe1gb rdtscp lm constant_tsc rep_good nopl nonstop_tsc cpuid extd_apicid aperfmperf pni pclmulqdq monitor ssse3 fma cx16 sse4_1 sse4_2 movbe popcnt aes xsave avx f16c rdrand lahf_lm cmp_legacy svm extapic cr8_legacy abm sse4a misalignsse 3dnowprefetch osvw skinit wdt tce topoext perfctr_core perfctr_nb bpext perfctr_llc mwaitx cpb hw_pstate sme ssbd ibpb vmmcall fsgsbase bmi1 avx2 smep bmi2 rdseed adx smap clflushopt sha_ni xsaveopt xsavec xgetbv1 xsaves clzero irperf xsaveerptr arat npt lbrv svm_lock nrip_save tsc_scale vmcb_clean flushbyasid decodeassists pausefilter pfthreshold avic v_vmsave_vmload vgif overflow_recov succor smca
bugs		: sysret_ss_attrs null_seg spectre_v1 spectre_v2 spec_store_bypass
bogomips	: 7185.56
TLB size	: 2560 4K pages
clflush size	: 64
cache_alignment	: 64
address sizes	: 43 bits physical, 48 bits virtual
power management: ts ttp tm hwpstate eff_freq_ro [13] [14]

processor	: 3
vendor_id	: AuthenticAMD
cpu family	: 23
model		: 1
model name	: AMD Ryzen 7 1800X Eight-Core Processor
stepping	: 1
microcode	: 0x8001137
cpu MHz		: 3661.881
cache size	: 512 KB
physical id	: 0
siblings	: 16
core id		: 1
cpu cores	: 8
apicid		: 3
initial apicid	: 3
fpu		: yes
fpu_exception	: yes
cpuid level	: 13
wp		: yes
flags		: fpu vme de pse tsc msr pae mce cx8 apic sep mtrr pge mca cmov pat pse36 clflush mmx fxsr sse sse2 ht syscall nx mmxext fxsr_opt pdpe1gb rdtscp lm constant_tsc rep_good nopl nonstop_tsc cpuid extd_apicid aperfmperf pni pclmulqdq monitor ssse3 fma cx16 sse4_1 sse4_2 movbe popcnt aes xsave avx f16c rdrand lahf_lm cmp_legacy svm extapic cr8_legacy abm sse4a misalignsse 3dnowprefetch osvw skinit wdt tce topoext perfctr_core perfctr_nb bpext perfctr_llc mwaitx cpb hw_pstate sme ssbd ibpb vmmcall fsgsbase bmi1 avx2 smep bmi2 rdseed adx smap clflushopt sha_ni xsaveopt xsavec xgetbv1 xsaves clzero irperf xsaveerptr arat npt lbrv svm_lock nrip_save tsc_scale vmcb_clean flushbyasid decodeassists pausefilter pfthreshold avic v_vmsave_vmload vgif overflow_recov succor smca
bugs		: sysret_ss_attrs null_seg spectre_v1 spectre_v2 spec_store_bypass
bogomips	: 7185.56
TLB size	: 2560 4K pages
clflush size	: 64
cache_alignment	: 64
address sizes	: 43 bits physical, 48 bits virtual
power management: ts ttp tm hwpstate eff_freq_ro [13] [14]

processor	: 4
vendor_id	: AuthenticAMD
cpu family	: 23
model		: 1
model name	: AMD Ryzen 7 1800X Eight-Core Processor
stepping	: 1
microcode	: 0x8001137
cpu MHz		: 3692.584
cache size	: 512 KB
physical id	: 0
siblings	: 16
core id		: 2
cpu cores	: 8
apicid		: 4
initial apicid	: 4
fpu		: yes
fpu_exception	: yes
cpuid level	: 13
wp		: yes
flags		: fpu vme de pse tsc msr pae mce cx8 apic sep mtrr pge mca cmov pat pse36 clflush mmx fxsr sse sse2 ht syscall nx mmxext fxsr_opt pdpe1gb rdtscp lm constant_tsc rep_good nopl nonstop_tsc cpuid extd_apicid aperfmperf pni pclmulqdq monitor ssse3 fma cx16 sse4_1 sse4_2 movbe popcnt aes xsave avx f16c rdrand lahf_lm cmp_legacy svm extapic cr8_legacy abm sse4a misalignsse 3dnowprefetch osvw skinit wdt tce topoext perfctr_core perfctr_nb bpext perfctr_llc mwaitx cpb hw_pstate sme ssbd ibpb vmmcall fsgsbase bmi1 avx2 smep bmi2 rdseed adx smap clflushopt sha_ni xsaveopt xsavec xgetbv1 xsaves clzero irperf xsaveerptr arat npt lbrv svm_lock nrip_save tsc_scale vmcb_clean flushbyasid decodeassists pausefilter pfthreshold avic v_vmsave_vmload vgif overflow_recov succor smca
bugs		: sysret_ss_attrs null_seg spectre_v1 spectre_v2 spec_store_bypass
bogomips	: 7185.56
TLB size	: 2560 4K pages
clflush size	: 64
cache_alignment	: 64
address sizes	: 43 bits physical, 48 bits virtual
power management: ts ttp tm hwpstate eff_freq_ro [13] [14]

processor	: 5
vendor_id	: AuthenticAMD
cpu family	: 23
model		: 1
model name	: AMD Ryzen 7 1800X Eight-Core Processor
stepping	: 1
microcode	: 0x8001137
cpu MHz		: 3692.572
cache size	: 512 KB
physical id	: 0
siblings	: 16
core id		: 2
cpu cores	: 8
apicid		: 5
initial apicid	: 5
fpu		: yes
fpu_exception	: yes
cpuid level	: 13
wp		: yes
flags		: fpu vme de pse tsc msr pae mce cx8 apic sep mtrr pge mca cmov pat pse36 clflush mmx fxsr sse sse2 ht syscall nx mmxext fxsr_opt pdpe1gb rdtscp lm constant_tsc rep_good nopl nonstop_tsc cpuid extd_apicid aperfmperf pni pclmulqdq monitor ssse3 fma cx16 sse4_1 sse4_2 movbe popcnt aes xsave avx f16c rdrand lahf_lm cmp_legacy svm extapic cr8_legacy abm sse4a misalignsse 3dnowprefetch osvw skinit wdt tce topoext perfctr_core perfctr_nb bpext perfctr_llc mwaitx cpb hw_pstate sme ssbd ibpb vmmcall fsgsbase bmi1 avx2 smep bmi2 rdseed adx smap clflushopt sha_ni xsaveopt xsavec xgetbv1 xsaves clzero irperf xsaveerptr arat npt lbrv svm_lock nrip_save tsc_scale vmcb_clean flushbyasid decodeassists pausefilter pfthreshold avic v_vmsave_vmload vgif overflow_recov succor smca
bugs		: sysret_ss_attrs null_seg spectre_v1 spectre_v2 spec_store_bypass
bogomips	: 7185.56
TLB size	: 2560 4K pages
clflush size	: 64
cache_alignment	: 64
address sizes	: 43 bits physical, 48 bits virtual
power management: ts ttp tm hwpstate eff_freq_ro [13] [14]

processor	: 6
vendor_id	: AuthenticAMD
cpu family	: 23
model		: 1
model name	: AMD Ryzen 7 1800X Eight-Core Processor
stepping	: 1
microcode	: 0x8001137
cpu MHz		: 3690.199
cache size	: 512 KB
physical id	: 0
siblings	: 16
core id		: 3
cpu cores	: 8
apicid		: 6
initial apicid	: 6
fpu		: yes
fpu_exception	: yes
cpuid level	: 13
wp		: yes
flags		: fpu vme de pse tsc msr pae mce cx8 apic sep mtrr pge mca cmov pat pse36 clflush mmx fxsr sse sse2 ht syscall nx mmxext fxsr_opt pdpe1gb rdtscp lm constant_tsc rep_good nopl nonstop_tsc cpuid extd_apicid aperfmperf pni pclmulqdq monitor ssse3 fma cx16 sse4_1 sse4_2 movbe popcnt aes xsave avx f16c rdrand lahf_lm cmp_legacy svm extapic cr8_legacy abm sse4a misalignsse 3dnowprefetch osvw skinit wdt tce topoext perfctr_core perfctr_nb bpext perfctr_llc mwaitx cpb hw_pstate sme ssbd ibpb vmmcall fsgsbase bmi1 avx2 smep bmi2 rdseed adx smap clflushopt sha_ni xsaveopt xsavec xgetbv1 xsaves clzero irperf xsaveerptr arat npt lbrv svm_lock nrip_save tsc_scale vmcb_clean flushbyasid decodeassists pausefilter pfthreshold avic v_vmsave_vmload vgif overflow_recov succor smca
bugs		: sysret_ss_attrs null_seg spectre_v1 spectre_v2 spec_store_bypass
bogomips	: 7185.56
TLB size	: 2560 4K pages
clflush size	: 64
cache_alignment	: 64
address sizes	: 43 bits physical, 48 bits virtual
power management: ts ttp tm hwpstate eff_freq_ro [13] [14]

processor	: 7
vendor_id	: AuthenticAMD
cpu family	: 23
model		: 1
model name	: AMD Ryzen 7 1800X Eight-Core Processor
stepping	: 1
microcode	: 0x8001137
cpu MHz		: 3689.647
cache size	: 512 KB
physical id	: 0
siblings	: 16
core id		: 3
cpu cores	: 8
apicid		: 7
initial apicid	: 7
fpu		: yes
fpu_exception	: yes
cpuid level	: 13
wp		: yes
flags		: fpu vme de pse tsc msr pae mce cx8 apic sep mtrr pge mca cmov pat pse36 clflush mmx fxsr sse sse2 ht syscall nx mmxext fxsr_opt pdpe1gb rdtscp lm constant_tsc rep_good nopl nonstop_tsc cpuid extd_apicid aperfmperf pni pclmulqdq monitor ssse3 fma cx16 sse4_1 sse4_2 movbe popcnt aes xsave avx f16c rdrand lahf_lm cmp_legacy svm extapic cr8_legacy abm sse4a misalignsse 3dnowprefetch osvw skinit wdt tce topoext perfctr_core perfctr_nb bpext perfctr_llc mwaitx cpb hw_pstate sme ssbd ibpb vmmcall fsgsbase bmi1 avx2 smep bmi2 rdseed adx smap clflushopt sha_ni xsaveopt xsavec xgetbv1 xsaves clzero irperf xsaveerptr arat npt lbrv svm_lock nrip_save tsc_scale vmcb_clean flushbyasid decodeassists pausefilter pfthreshold avic v_vmsave_vmload vgif overflow_recov succor smca
bugs		: sysret_ss_attrs null_seg spectre_v1 spectre_v2 spec_store_bypass
bogomips	: 7185.56
TLB size	: 2560 4K pages
clflush size	: 64
cache_alignment	: 64
address sizes	: 43 bits physical, 48 bits virtual
power management: ts ttp tm hwpstate eff_freq_ro [13] [14]

processor	: 8
vendor_id	: AuthenticAMD
cpu family	: 23
model		: 1
model name	: AMD Ryzen 7 1800X Eight-Core Processor
stepping	: 1
microcode	: 0x8001137
cpu MHz		: 3690.184
cache size	: 512 KB
physical id	: 0
siblings	: 16
core id		: 4
cpu cores	: 8
apicid		: 8
initial apicid	: 8
fpu		: yes
fpu_exception	: yes
cpuid level	: 13
wp		: yes
flags		: fpu vme de pse tsc msr pae mce cx8 apic sep mtrr pge mca cmov pat pse36 clflush mmx fxsr sse sse2 ht syscall nx mmxext fxsr_opt pdpe1gb rdtscp lm constant_tsc rep_good nopl nonstop_tsc cpuid extd_apicid aperfmperf pni pclmulqdq monitor ssse3 fma cx16 sse4_1 sse4_2 movbe popcnt aes xsave avx f16c rdrand lahf_lm cmp_legacy svm extapic cr8_legacy abm sse4a misalignsse 3dnowprefetch osvw skinit wdt tce topoext perfctr_core perfctr_nb bpext perfctr_llc mwaitx cpb hw_pstate sme ssbd ibpb vmmcall fsgsbase bmi1 avx2 smep bmi2 rdseed adx smap clflushopt sha_ni xsaveopt xsavec xgetbv1 xsaves clzero irperf xsaveerptr arat npt lbrv svm_lock nrip_save tsc_scale vmcb_clean flushbyasid decodeassists pausefilter pfthreshold avic v_vmsave_vmload vgif overflow_recov succor smca
bugs		: sysret_ss_attrs null_seg spectre_v1 spectre_v2 spec_store_bypass
bogomips	: 7185.56
TLB size	: 2560 4K pages
clflush size	: 64
cache_alignment	: 64
address sizes	: 43 bits physical, 48 bits virtual
power management: ts ttp tm hwpstate eff_freq_ro [13] [14]

processor	: 9
vendor_id	: AuthenticAMD
cpu family	: 23
model		: 1
model name	: AMD Ryzen 7 1800X Eight-Core Processor
stepping	: 1
microcode	: 0x8001137
cpu MHz		: 3690.198
cache size	: 512 KB
physical id	: 0
siblings	: 16
core id		: 4
cpu cores	: 8
apicid		: 9
initial apicid	: 9
fpu		: yes
fpu_exception	: yes
cpuid level	: 13
wp		: yes
flags		: fpu vme de pse tsc msr pae mce cx8 apic sep mtrr pge mca cmov pat pse36 clflush mmx fxsr sse sse2 ht syscall nx mmxext fxsr_opt pdpe1gb rdtscp lm constant_tsc rep_good nopl nonstop_tsc cpuid extd_apicid aperfmperf pni pclmulqdq monitor ssse3 fma cx16 sse4_1 sse4_2 movbe popcnt aes xsave avx f16c rdrand lahf_lm cmp_legacy svm extapic cr8_legacy abm sse4a misalignsse 3dnowprefetch osvw skinit wdt tce topoext perfctr_core perfctr_nb bpext perfctr_llc mwaitx cpb hw_pstate sme ssbd ibpb vmmcall fsgsbase bmi1 avx2 smep bmi2 rdseed adx smap clflushopt sha_ni xsaveopt xsavec xgetbv1 xsaves clzero irperf xsaveerptr arat npt lbrv svm_lock nrip_save tsc_scale vmcb_clean flushbyasid decodeassists pausefilter pfthreshold avic v_vmsave_vmload vgif overflow_recov succor smca
bugs		: sysret_ss_attrs null_seg spectre_v1 spectre_v2 spec_store_bypass
bogomips	: 7185.56
TLB size	: 2560 4K pages
clflush size	: 64
cache_alignment	: 64
address sizes	: 43 bits physical, 48 bits virtual
power management: ts ttp tm hwpstate eff_freq_ro [13] [14]

processor	: 10
vendor_id	: AuthenticAMD
cpu family	: 23
model		: 1
model name	: AMD Ryzen 7 1800X Eight-Core Processor
stepping	: 1
microcode	: 0x8001137
cpu MHz		: 3691.578
cache size	: 512 KB
physical id	: 0
siblings	: 16
core id		: 5
cpu cores	: 8
apicid		: 10
initial apicid	: 10
fpu		: yes
fpu_exception	: yes
cpuid level	: 13
wp		: yes
flags		: fpu vme de pse tsc msr pae mce cx8 apic sep mtrr pge mca cmov pat pse36 clflush mmx fxsr sse sse2 ht syscall nx mmxext fxsr_opt pdpe1gb rdtscp lm constant_tsc rep_good nopl nonstop_tsc cpuid extd_apicid aperfmperf pni pclmulqdq monitor ssse3 fma cx16 sse4_1 sse4_2 movbe popcnt aes xsave avx f16c rdrand lahf_lm cmp_legacy svm extapic cr8_legacy abm sse4a misalignsse 3dnowprefetch osvw skinit wdt tce topoext perfctr_core perfctr_nb bpext perfctr_llc mwaitx cpb hw_pstate sme ssbd ibpb vmmcall fsgsbase bmi1 avx2 smep bmi2 rdseed adx smap clflushopt sha_ni xsaveopt xsavec xgetbv1 xsaves clzero irperf xsaveerptr arat npt lbrv svm_lock nrip_save tsc_scale vmcb_clean flushbyasid decodeassists pausefilter pfthreshold avic v_vmsave_vmload vgif overflow_recov succor smca
bugs		: sysret_ss_attrs null_seg spectre_v1 spectre_v2 spec_store_bypass
bogomips	: 7185.56
TLB size	: 2560 4K pages
clflush size	: 64
cache_alignment	: 64
address sizes	: 43 bits physical, 48 bits virtual
power management: ts ttp tm hwpstate eff_freq_ro [13] [14]

processor	: 11
vendor_id	: AuthenticAMD
cpu family	: 23
model		: 1
model name	: AMD Ryzen 7 1800X Eight-Core Processor
stepping	: 1
microcode	: 0x8001137
cpu MHz		: 3691.819
cache size	: 512 KB
physical id	: 0
siblings	: 16
core id		: 5
cpu cores	: 8
apicid		: 11
initial apicid	: 11
fpu		: yes
fpu_exception	: yes
cpuid level	: 13
wp		: yes
flags		: fpu vme de pse tsc msr pae mce cx8 apic sep mtrr pge mca cmov pat pse36 clflush mmx fxsr sse sse2 ht syscall nx mmxext fxsr_opt pdpe1gb rdtscp lm constant_tsc rep_good nopl nonstop_tsc cpuid extd_apicid aperfmperf pni pclmulqdq monitor ssse3 fma cx16 sse4_1 sse4_2 movbe popcnt aes xsave avx f16c rdrand lahf_lm cmp_legacy svm extapic cr8_legacy abm sse4a misalignsse 3dnowprefetch osvw skinit wdt tce topoext perfctr_core perfctr_nb bpext perfctr_llc mwaitx cpb hw_pstate sme ssbd ibpb vmmcall fsgsbase bmi1 avx2 smep bmi2 rdseed adx smap clflushopt sha_ni xsaveopt xsavec xgetbv1 xsaves clzero irperf xsaveerptr arat npt lbrv svm_lock nrip_save tsc_scale vmcb_clean flushbyasid decodeassists pausefilter pfthreshold avic v_vmsave_vmload vgif overflow_recov succor smca
bugs		: sysret_ss_attrs null_seg spectre_v1 spectre_v2 spec_store_bypass
bogomips	: 7185.56
TLB size	: 2560 4K pages
clflush size	: 64
cache_alignment	: 64
address sizes	: 43 bits physical, 48 bits virtual
power management: ts ttp tm hwpstate eff_freq_ro [13] [14]

processor	: 12
vendor_id	: AuthenticAMD
cpu family	: 23
model		: 1
model name	: AMD Ryzen 7 1800X Eight-Core Processor
stepping	: 1
microcode	: 0x8001137
cpu MHz		: 3666.589
cache size	: 512 KB
physical id	: 0
siblings	: 16
core id		: 6
cpu cores	: 8
apicid		: 12
initial apicid	: 12
fpu		: yes
fpu_exception	: yes
cpuid level	: 13
wp		: yes
flags		: fpu vme de pse tsc msr pae mce cx8 apic sep mtrr pge mca cmov pat pse36 clflush mmx fxsr sse sse2 ht syscall nx mmxext fxsr_opt pdpe1gb rdtscp lm constant_tsc rep_good nopl nonstop_tsc cpuid extd_apicid aperfmperf pni pclmulqdq monitor ssse3 fma cx16 sse4_1 sse4_2 movbe popcnt aes xsave avx f16c rdrand lahf_lm cmp_legacy svm extapic cr8_legacy abm sse4a misalignsse 3dnowprefetch osvw skinit wdt tce topoext perfctr_core perfctr_nb bpext perfctr_llc mwaitx cpb hw_pstate sme ssbd ibpb vmmcall fsgsbase bmi1 avx2 smep bmi2 rdseed adx smap clflushopt sha_ni xsaveopt xsavec xgetbv1 xsaves clzero irperf xsaveerptr arat npt lbrv svm_lock nrip_save tsc_scale vmcb_clean flushbyasid decodeassists pausefilter pfthreshold avic v_vmsave_vmload vgif overflow_recov succor smca
bugs		: sysret_ss_attrs null_seg spectre_v1 spectre_v2 spec_store_bypass
bogomips	: 7185.56
TLB size	: 2560 4K pages
clflush size	: 64
cache_alignment	: 64
address sizes	: 43 bits physical, 48 bits virtual
power management: ts ttp tm hwpstate eff_freq_ro [13] [14]

processor	: 13
vendor_id	: AuthenticAMD
cpu family	: 23
model		: 1
model name	: AMD Ryzen 7 1800X Eight-Core Processor
stepping	: 1
microcode	: 0x8001137
cpu MHz		: 3674.616
cache size	: 512 KB
physical id	: 0
siblings	: 16
core id		: 6
cpu cores	: 8
apicid		: 13
initial apicid	: 13
fpu		: yes
fpu_exception	: yes
cpuid level	: 13
wp		: yes
flags		: fpu vme de pse tsc msr pae mce cx8 apic sep mtrr pge mca cmov pat pse36 clflush mmx fxsr sse sse2 ht syscall nx mmxext fxsr_opt pdpe1gb rdtscp lm constant_tsc rep_good nopl nonstop_tsc cpuid extd_apicid aperfmperf pni pclmulqdq monitor ssse3 fma cx16 sse4_1 sse4_2 movbe popcnt aes xsave avx f16c rdrand lahf_lm cmp_legacy svm extapic cr8_legacy abm sse4a misalignsse 3dnowprefetch osvw skinit wdt tce topoext perfctr_core perfctr_nb bpext perfctr_llc mwaitx cpb hw_pstate sme ssbd ibpb vmmcall fsgsbase bmi1 avx2 smep bmi2 rdseed adx smap clflushopt sha_ni xsaveopt xsavec xgetbv1 xsaves clzero irperf xsaveerptr arat npt lbrv svm_lock nrip_save tsc_scale vmcb_clean flushbyasid decodeassists pausefilter pfthreshold avic v_vmsave_vmload vgif overflow_recov succor smca
bugs		: sysret_ss_attrs null_seg spectre_v1 spectre_v2 spec_store_bypass
bogomips	: 7185.56
TLB size	: 2560 4K pages
clflush size	: 64
cache_alignment	: 64
address sizes	: 43 bits physical, 48 bits virtual
power management: ts ttp tm hwpstate eff_freq_ro [13] [14]

processor	: 14
vendor_id	: AuthenticAMD
cpu family	: 23
model		: 1
model name	: AMD Ryzen 7 1800X Eight-Core Processor
stepping	: 1
microcode	: 0x8001137
cpu MHz		: 3641.768
cache size	: 512 KB
physical id	: 0
siblings	: 16
core id		: 7
cpu cores	: 8
apicid		: 14
initial apicid	: 14
fpu		: yes
fpu_exception	: yes
cpuid level	: 13
wp		: yes
flags		: fpu vme de pse tsc msr pae mce cx8 apic sep mtrr pge mca cmov pat pse36 clflush mmx fxsr sse sse2 ht syscall nx mmxext fxsr_opt pdpe1gb rdtscp lm constant_tsc rep_good nopl nonstop_tsc cpuid extd_apicid aperfmperf pni pclmulqdq monitor ssse3 fma cx16 sse4_1 sse4_2 movbe popcnt aes xsave avx f16c rdrand lahf_lm cmp_legacy svm extapic cr8_legacy abm sse4a misalignsse 3dnowprefetch osvw skinit wdt tce topoext perfctr_core perfctr_nb bpext perfctr_llc mwaitx cpb hw_pstate sme ssbd ibpb vmmcall fsgsbase bmi1 avx2 smep bmi2 rdseed adx smap clflushopt sha_ni xsaveopt xsavec xgetbv1 xsaves clzero irperf xsaveerptr arat npt lbrv svm_lock nrip_save tsc_scale vmcb_clean flushbyasid decodeassists pausefilter pfthreshold avic v_vmsave_vmload vgif overflow_recov succor smca
bugs		: sysret_ss_attrs null_seg spectre_v1 spectre_v2 spec_store_bypass
bogomips	: 7185.56
TLB size	: 2560 4K pages
clflush size	: 64
cache_alignment	: 64
address sizes	: 43 bits physical, 48 bits virtual
power management: ts ttp tm hwpstate eff_freq_ro [13] [14]

processor	: 15
vendor_id	: AuthenticAMD
cpu family	: 23
model		: 1
model name	: AMD Ryzen 7 1800X Eight-Core Processor
stepping	: 1
microcode	: 0x8001137
cpu MHz		: 3640.279
cache size	: 512 KB
physical id	: 0
siblings	: 16
core id		: 7
cpu cores	: 8
apicid		: 15
initial apicid	: 15
fpu		: yes
fpu_exception	: yes
cpuid level	: 13
wp		: yes
flags		: fpu vme de pse tsc msr pae mce cx8 apic sep mtrr pge mca cmov pat pse36 clflush mmx fxsr sse sse2 ht syscall nx mmxext fxsr_opt pdpe1gb rdtscp lm constant_tsc rep_good nopl nonstop_tsc cpuid extd_apicid aperfmperf pni pclmulqdq monitor ssse3 fma cx16 sse4_1 sse4_2 movbe popcnt aes xsave avx f16c rdrand lahf_lm cmp_legacy svm extapic cr8_legacy abm sse4a misalignsse 3dnowprefetch osvw skinit wdt tce topoext perfctr_core perfctr_nb bpext perfctr_llc mwaitx cpb hw_pstate sme ssbd ibpb vmmcall fsgsbase bmi1 avx2 smep bmi2 rdseed adx smap clflushopt sha_ni xsaveopt xsavec xgetbv1 xsaves clzero irperf xsaveerptr arat npt lbrv svm_lock nrip_save tsc_scale vmcb_clean flushbyasid decodeassists pausefilter pfthreshold avic v_vmsave_vmload vgif overflow_recov succor smca
bugs		: sysret_ss_attrs null_seg spectre_v1 spectre_v2 spec_store_bypass
bogomips	: 7185.56
TLB size	: 2560 4K pages
clflush size	: 64
cache_alignment	: 64
address sizes	: 43 bits physical, 48 bits virtual
power management: ts ttp tm hwpstate eff_freq_ro [13] [14]



Memory: 4k page, physical 65960048k(29075116k free), swap 19535036k(19535036k free)

vm_info: Java HotSpot(TM) 64-Bit Server VM (25.161-b12) for linux-amd64 JRE (1.8.0_161-b12), built on Dec 19 2017 16:12:43 by "java_re" with gcc 4.3.0 20080428 (Red Hat 4.3.0-8)

time: Fri Jul 19 16:38:29 2019
elapsed time: 4 seconds (0d 0h 0m 4s)

